<testsuites id="" name="" tests="45" failures="0" skipped="2" errors="0" time="180.986412">
<testsuite name="01-auth.spec.ts" timestamp="2026-02-14T22:27:54.421Z" hostname="chromium" tests="14" failures="0" skipped="1" time="204.882" errors="0">
<testcase name="Autentykacja › should display login page correctly" classname="01-auth.spec.ts" time="13.148">
</testcase>
<testcase name="Autentykacja › should login with valid admin credentials" classname="01-auth.spec.ts" time="16.931">
</testcase>
<testcase name="Autentykacja › should login with valid employee credentials" classname="01-auth.spec.ts" time="0">
<properties>
<property name="skip" value="">
</property>
</properties>
<skipped>
</skipped>
</testcase>
<testcase name="Autentykacja › should fail login with invalid email" classname="01-auth.spec.ts" time="16.977">
</testcase>
<testcase name="Autentykacja › should fail login with invalid password" classname="01-auth.spec.ts" time="16.525">
</testcase>
<testcase name="Autentykacja › should fail login with empty credentials" classname="01-auth.spec.ts" time="11.778">
</testcase>
<testcase name="Autentykacja › should logout successfully" classname="01-auth.spec.ts" time="21.353">
</testcase>
<testcase name="Autentykacja › should redirect to login when accessing protected route without auth" classname="01-auth.spec.ts" time="14.466">
</testcase>
<testcase name="Autentykacja › should redirect to login when accessing reservations without auth" classname="01-auth.spec.ts" time="13.33">
</testcase>
<testcase name="Autentykacja › should redirect to login when accessing queue without auth" classname="01-auth.spec.ts" time="14.458">
</testcase>
<testcase name="Autentykacja › should persist session after page reload" classname="01-auth.spec.ts" time="20.523">
</testcase>
<testcase name="Autentykacja › should show user info in sidebar" classname="01-auth.spec.ts" time="17.961">
</testcase>
<testcase name="Autentykacja - Security › should not expose credentials in URL" classname="01-auth.spec.ts" time="14.879">
</testcase>
<testcase name="Autentykacja - Security › should clear password field on failed login" classname="01-auth.spec.ts" time="12.553">
</testcase>
</testsuite>
<testsuite name="04-queue-drag-drop.spec.ts" timestamp="2026-02-14T22:27:54.421Z" hostname="chromium" tests="12" failures="0" skipped="1" time="163.546" errors="0">
<testcase name="Kolejka - Drag &amp; Drop › should display queue page correctly" classname="04-queue-drag-drop.spec.ts" time="12.262">
</testcase>
<testcase name="Kolejka - Drag &amp; Drop › should have draggable queue items" classname="04-queue-drag-drop.spec.ts" time="15.027">
</testcase>
<testcase name="Kolejka - Drag &amp; Drop › should show position numbers for queue items" classname="04-queue-drag-drop.spec.ts" time="14.527">
</testcase>
<testcase name="Kolejka - Basic Drag &amp; Drop › should reorder queue items via drag and drop" classname="04-queue-drag-drop.spec.ts" time="0">
<properties>
<property name="skip" value="">
</property>
</properties>
<skipped>
</skipped>
</testcase>
<testcase name="Kolejka - Loading States (Bug #6) › should show loading overlay during drag operation" classname="04-queue-drag-drop.spec.ts" time="13.684">
</testcase>
<testcase name="Kolejka - Loading States (Bug #6) › should disable drag during loading" classname="04-queue-drag-drop.spec.ts" time="12.812">
</testcase>
<testcase name="Kolejka - Race Conditions (Bug #5) 🔥 › should handle concurrent drag operations gracefully" classname="04-queue-drag-drop.spec.ts" time="26.384">
</testcase>
<testcase name="Kolejka - Race Conditions (Bug #5) 🔥 › should retry on lock conflict" classname="04-queue-drag-drop.spec.ts" time="13.027">
</testcase>
<testcase name="Kolejka - Race Conditions (Bug #5) 🔥 › should maintain consistent positions after concurrent operations" classname="04-queue-drag-drop.spec.ts" time="12.182">
</testcase>
<testcase name="Kolejka - Error Handling › should show user-friendly error on failure" classname="04-queue-drag-drop.spec.ts" time="13.757">
</testcase>
<testcase name="Kolejka - Error Handling › should allow retry after failed drag operation" classname="04-queue-drag-drop.spec.ts" time="15.399">
</testcase>
<testcase name="Kolejka - Performance › drag operation should complete within reasonable time" classname="04-queue-drag-drop.spec.ts" time="14.485">
</testcase>
</testsuite>
<testsuite name="10-bugfix-regression.spec.ts" timestamp="2026-02-14T22:27:54.421Z" hostname="chromium" tests="19" failures="0" skipped="0" time="305.359" errors="0">
<testcase name="Bug #5 Regression - Race Conditions › should handle concurrent drag operations without crashes" classname="10-bugfix-regression.spec.ts" time="24.558">
</testcase>
<testcase name="Bug #5 Regression - Race Conditions › should have row-level locking implemented (FOR UPDATE NOWAIT)" classname="10-bugfix-regression.spec.ts" time="15.022">
</testcase>
<testcase name="Bug #5 Regression - Race Conditions › should use retry logic with exponential backoff" classname="10-bugfix-regression.spec.ts" time="15.314">
</testcase>
<testcase name="Bug #6 Regression - Loading States › should show loading overlay during drag operation" classname="10-bugfix-regression.spec.ts" time="15.393">
</testcase>
<testcase name="Bug #6 Regression - Loading States › should disable drag interactions during loading" classname="10-bugfix-regression.spec.ts" time="15.147">
</testcase>
<testcase name="Bug #6 Regression - Loading States › should show visual feedback (opacity, cursor) during loading" classname="10-bugfix-regression.spec.ts" time="16.414">
</testcase>
<testcase name="Bug #7 Regression - Auto-Cancel Logic › auto-cancel should NOT cancel today entries" classname="10-bugfix-regression.spec.ts" time="13.336">
</testcase>
<testcase name="Bug #7 Regression - Auto-Cancel Logic › auto-cancel SHOULD cancel past date entries" classname="10-bugfix-regression.spec.ts" time="13.964">
</testcase>
<testcase name="Bug #7 Regression - Auto-Cancel Logic › auto-cancel cron should be configured for 00:01 daily" classname="10-bugfix-regression.spec.ts" time="15.549">
</testcase>
<testcase name="Bug #8 Regression - Position Validation › should validate position range [1, maxPosition]" classname="10-bugfix-regression.spec.ts" time="17.869">
</testcase>
<testcase name="Bug #8 Regression - Position Validation › should show user-friendly error messages" classname="10-bugfix-regression.spec.ts" time="14.769">
</testcase>
<testcase name="Bug #8 Regression - Position Validation › should validate newPosition is a number" classname="10-bugfix-regression.spec.ts" time="13.808">
</testcase>
<testcase name="Bug #9 Regression - Nullable Constraints › RESERVED status should require queue fields" classname="10-bugfix-regression.spec.ts" time="13.891">
</testcase>
<testcase name="Bug #9 Regression - Nullable Constraints › PENDING/CONFIRMED status should NOT have queue fields" classname="10-bugfix-regression.spec.ts" time="16.763">
</testcase>
<testcase name="Bug #9 Regression - Nullable Constraints › unique constraint for (date, position) should be enforced" classname="10-bugfix-regression.spec.ts" time="15.798">
</testcase>
<testcase name="Bug #9 Regression - Nullable Constraints › queue fields should be nullable in schema" classname="10-bugfix-regression.spec.ts" time="15.82">
</testcase>
<testcase name="All Bugs - Final Verification › all bugfixes should be deployed and working" classname="10-bugfix-regression.spec.ts" time="18.408">
</testcase>
<testcase name="All Bugs - Final Verification › no console errors on critical pages" classname="10-bugfix-regression.spec.ts" time="14.806">
</testcase>
<testcase name="All Bugs - Final Verification › system should be stable for production deployment" classname="10-bugfix-regression.spec.ts" time="18.73">
</testcase>
</testsuite>
</testsuites>