{"total": {"lines":{"total":4240,"covered":4215,"skipped":0,"pct":99.41},"statements":{"total":4661,"covered":4620,"skipped":0,"pct":99.12},"functions":{"total":622,"covered":618,"skipped":0,"pct":99.35},"branches":{"total":2193,"covered":2103,"skipped":0,"pct":95.89},"branchesTrue":{"total":0,"covered":0,"skipped":0,"pct":100}}
,"/app/src/controllers/addonGroup.controller.ts": {"lines":{"total":60,"covered":60,"skipped":0,"pct":100},"functions":{"total":7,"covered":7,"skipped":0,"pct":100},"statements":{"total":60,"covered":60,"skipped":0,"pct":100},"branches":{"total":22,"covered":22,"skipped":0,"pct":100}}
,"/app/src/controllers/attachment.controller.ts": {"lines":{"total":70,"covered":70,"skipped":0,"pct":100},"functions":{"total":9,"covered":9,"skipped":0,"pct":100},"statements":{"total":70,"covered":70,"skipped":0,"pct":100},"branches":{"total":22,"covered":22,"skipped":0,"pct":100}}
,"/app/src/controllers/audit-log.controller.ts": {"lines":{"total":37,"covered":37,"skipped":0,"pct":100},"functions":{"total":6,"covered":6,"skipped":0,"pct":100},"statements":{"total":37,"covered":37,"skipped":0,"pct":100},"branches":{"total":6,"covered":6,"skipped":0,"pct":100}}
,"/app/src/controllers/auth.controller.ts": {"lines":{"total":30,"covered":30,"skipped":0,"pct":100},"functions":{"total":4,"covered":4,"skipped":0,"pct":100},"statements":{"total":30,"covered":30,"skipped":0,"pct":100},"branches":{"total":13,"covered":13,"skipped":0,"pct":100}}
,"/app/src/controllers/client.controller.ts": {"lines":{"total":36,"covered":36,"skipped":0,"pct":100},"functions":{"total":5,"covered":5,"skipped":0,"pct":100},"statements":{"total":37,"covered":37,"skipped":0,"pct":100},"branches":{"total":14,"covered":14,"skipped":0,"pct":100}}
,"/app/src/controllers/company-settings.controller.ts": {"lines":{"total":10,"covered":10,"skipped":0,"pct":100},"functions":{"total":2,"covered":2,"skipped":0,"pct":100},"statements":{"total":11,"covered":11,"skipped":0,"pct":100},"branches":{"total":1,"covered":1,"skipped":0,"pct":100}}
,"/app/src/controllers/deposit.controller.ts": {"lines":{"total":80,"covered":80,"skipped":0,"pct":100},"functions":{"total":13,"covered":13,"skipped":0,"pct":100},"statements":{"total":99,"covered":99,"skipped":0,"pct":100},"branches":{"total":22,"covered":22,"skipped":0,"pct":100}}
,"/app/src/controllers/discount.controller.ts": {"lines":{"total":17,"covered":17,"skipped":0,"pct":100},"functions":{"total":2,"covered":2,"skipped":0,"pct":100},"statements":{"total":19,"covered":19,"skipped":0,"pct":100},"branches":{"total":6,"covered":6,"skipped":0,"pct":100}}
,"/app/src/controllers/dish-category.controller.ts": {"lines":{"total":57,"covered":52,"skipped":0,"pct":91.22},"functions":{"total":10,"covered":8,"skipped":0,"pct":80},"statements":{"total":67,"covered":62,"skipped":0,"pct":92.53},"branches":{"total":24,"covered":24,"skipped":0,"pct":100}}
,"/app/src/controllers/dish.controller.ts": {"lines":{"total":34,"covered":34,"skipped":0,"pct":100},"functions":{"total":6,"covered":6,"skipped":0,"pct":100},"statements":{"total":42,"covered":42,"skipped":0,"pct":100},"branches":{"total":14,"covered":14,"skipped":0,"pct":100}}
,"/app/src/controllers/eventType.controller.ts": {"lines":{"total":42,"covered":42,"skipped":0,"pct":100},"functions":{"total":7,"covered":7,"skipped":0,"pct":100},"statements":{"total":47,"covered":47,"skipped":0,"pct":100},"branches":{"total":9,"covered":9,"skipped":0,"pct":100}}
,"/app/src/controllers/hall.controller.ts": {"lines":{"total":37,"covered":37,"skipped":0,"pct":100},"functions":{"total":5,"covered":5,"skipped":0,"pct":100},"statements":{"total":37,"covered":37,"skipped":0,"pct":100},"branches":{"total":10,"covered":10,"skipped":0,"pct":100}}
,"/app/src/controllers/menu-calculator.controller.ts": {"lines":{"total":101,"covered":101,"skipped":0,"pct":100},"functions":{"total":7,"covered":7,"skipped":0,"pct":100},"statements":{"total":103,"covered":103,"skipped":0,"pct":100},"branches":{"total":49,"covered":49,"skipped":0,"pct":100}}
,"/app/src/controllers/menu-package-categories.controller.ts": {"lines":{"total":16,"covered":16,"skipped":0,"pct":100},"functions":{"total":4,"covered":4,"skipped":0,"pct":100},"statements":{"total":17,"covered":17,"skipped":0,"pct":100},"branches":{"total":3,"covered":3,"skipped":0,"pct":100}}
,"/app/src/controllers/menuCourse.controller.ts": {"lines":{"total":64,"covered":64,"skipped":0,"pct":100},"functions":{"total":7,"covered":7,"skipped":0,"pct":100},"statements":{"total":64,"covered":64,"skipped":0,"pct":100},"branches":{"total":27,"covered":27,"skipped":0,"pct":100}}
,"/app/src/controllers/menuOption.controller.ts": {"lines":{"total":76,"covered":74,"skipped":0,"pct":97.36},"functions":{"total":5,"covered":5,"skipped":0,"pct":100},"statements":{"total":82,"covered":80,"skipped":0,"pct":97.56},"branches":{"total":37,"covered":37,"skipped":0,"pct":100}}
,"/app/src/controllers/menuPackage.controller.ts": {"lines":{"total":80,"covered":80,"skipped":0,"pct":100},"functions":{"total":9,"covered":9,"skipped":0,"pct":100},"statements":{"total":83,"covered":83,"skipped":0,"pct":100},"branches":{"total":25,"covered":25,"skipped":0,"pct":100}}
,"/app/src/controllers/menuTemplate.controller.ts": {"lines":{"total":101,"covered":101,"skipped":0,"pct":100},"functions":{"total":12,"covered":12,"skipped":0,"pct":100},"statements":{"total":105,"covered":105,"skipped":0,"pct":100},"branches":{"total":60,"covered":59,"skipped":0,"pct":98.33}}
,"/app/src/controllers/packageCategory.controller.ts": {"lines":{"total":88,"covered":88,"skipped":0,"pct":100},"functions":{"total":12,"covered":12,"skipped":0,"pct":100},"statements":{"total":89,"covered":89,"skipped":0,"pct":100},"branches":{"total":54,"covered":54,"skipped":0,"pct":100}}
,"/app/src/controllers/permissions.controller.ts": {"lines":{"total":7,"covered":7,"skipped":0,"pct":100},"functions":{"total":2,"covered":2,"skipped":0,"pct":100},"statements":{"total":7,"covered":7,"skipped":0,"pct":100},"branches":{"total":0,"covered":0,"skipped":0,"pct":100}}
,"/app/src/controllers/queue.controller.ts": {"lines":{"total":74,"covered":74,"skipped":0,"pct":100},"functions":{"total":11,"covered":11,"skipped":0,"pct":100},"statements":{"total":82,"covered":82,"skipped":0,"pct":100},"branches":{"total":40,"covered":40,"skipped":0,"pct":100}}
,"/app/src/controllers/reports.controller.ts": {"lines":{"total":101,"covered":101,"skipped":0,"pct":100},"functions":{"total":6,"covered":6,"skipped":0,"pct":100},"statements":{"total":101,"covered":101,"skipped":0,"pct":100},"branches":{"total":12,"covered":12,"skipped":0,"pct":100}}
,"/app/src/controllers/reservation.controller.ts": {"lines":{"total":97,"covered":97,"skipped":0,"pct":100},"functions":{"total":11,"covered":11,"skipped":0,"pct":100},"statements":{"total":106,"covered":106,"skipped":0,"pct":100},"branches":{"total":76,"covered":76,"skipped":0,"pct":100}}
,"/app/src/controllers/reservationMenu.controller.ts": {"lines":{"total":37,"covered":37,"skipped":0,"pct":100},"functions":{"total":5,"covered":5,"skipped":0,"pct":100},"statements":{"total":40,"covered":40,"skipped":0,"pct":100},"branches":{"total":16,"covered":16,"skipped":0,"pct":100}}
,"/app/src/controllers/roles.controller.ts": {"lines":{"total":32,"covered":32,"skipped":0,"pct":100},"functions":{"total":6,"covered":6,"skipped":0,"pct":100},"statements":{"total":36,"covered":36,"skipped":0,"pct":100},"branches":{"total":13,"covered":13,"skipped":0,"pct":100}}
,"/app/src/controllers/stats.controller.ts": {"lines":{"total":8,"covered":8,"skipped":0,"pct":100},"functions":{"total":2,"covered":2,"skipped":0,"pct":100},"statements":{"total":8,"covered":8,"skipped":0,"pct":100},"branches":{"total":2,"covered":2,"skipped":0,"pct":100}}
,"/app/src/controllers/users.controller.ts": {"lines":{"total":36,"covered":36,"skipped":0,"pct":100},"functions":{"total":7,"covered":7,"skipped":0,"pct":100},"statements":{"total":42,"covered":42,"skipped":0,"pct":100},"branches":{"total":21,"covered":21,"skipped":0,"pct":100}}
,"/app/src/middlewares/asyncHandler.ts": {"lines":{"total":3,"covered":3,"skipped":0,"pct":100},"functions":{"total":2,"covered":2,"skipped":0,"pct":100},"statements":{"total":3,"covered":3,"skipped":0,"pct":100},"branches":{"total":0,"covered":0,"skipped":0,"pct":100}}
,"/app/src/middlewares/auth.ts": {"lines":{"total":39,"covered":39,"skipped":0,"pct":100},"functions":{"total":6,"covered":6,"skipped":0,"pct":100},"statements":{"total":41,"covered":41,"skipped":0,"pct":100},"branches":{"total":11,"covered":11,"skipped":0,"pct":100}}
,"/app/src/middlewares/errorHandler.ts": {"lines":{"total":42,"covered":40,"skipped":0,"pct":95.23},"functions":{"total":3,"covered":2,"skipped":0,"pct":66.66},"statements":{"total":43,"covered":41,"skipped":0,"pct":95.34},"branches":{"total":38,"covered":33,"skipped":0,"pct":86.84}}
,"/app/src/middlewares/permissions.ts": {"lines":{"total":80,"covered":80,"skipped":0,"pct":100},"functions":{"total":13,"covered":13,"skipped":0,"pct":100},"statements":{"total":85,"covered":85,"skipped":0,"pct":100},"branches":{"total":22,"covered":22,"skipped":0,"pct":100}}
,"/app/src/middlewares/roles.ts": {"lines":{"total":11,"covered":11,"skipped":0,"pct":100},"functions":{"total":2,"covered":2,"skipped":0,"pct":100},"statements":{"total":12,"covered":12,"skipped":0,"pct":100},"branches":{"total":2,"covered":2,"skipped":0,"pct":100}}
,"/app/src/middlewares/upload.ts": {"lines":{"total":28,"covered":28,"skipped":0,"pct":100},"functions":{"total":4,"covered":4,"skipped":0,"pct":100},"statements":{"total":28,"covered":28,"skipped":0,"pct":100},"branches":{"total":4,"covered":4,"skipped":0,"pct":100}}
,"/app/src/middlewares/validateUUID.ts": {"lines":{"total":9,"covered":9,"skipped":0,"pct":100},"functions":{"total":2,"covered":2,"skipped":0,"pct":100},"statements":{"total":9,"covered":9,"skipped":0,"pct":100},"branches":{"total":3,"covered":3,"skipped":0,"pct":100}}
,"/app/src/services/addonGroup.service.ts": {"lines":{"total":27,"covered":27,"skipped":0,"pct":100},"functions":{"total":8,"covered":8,"skipped":0,"pct":100},"statements":{"total":32,"covered":32,"skipped":0,"pct":100},"branches":{"total":24,"covered":24,"skipped":0,"pct":100}}
,"/app/src/services/attachment.service.ts": {"lines":{"total":126,"covered":124,"skipped":0,"pct":98.41},"functions":{"total":21,"covered":21,"skipped":0,"pct":100},"statements":{"total":130,"covered":128,"skipped":0,"pct":98.46},"branches":{"total":65,"covered":63,"skipped":0,"pct":96.92}}
,"/app/src/services/audit-log.service.ts": {"lines":{"total":51,"covered":51,"skipped":0,"pct":100},"functions":{"total":15,"covered":15,"skipped":0,"pct":100},"statements":{"total":56,"covered":56,"skipped":0,"pct":100},"branches":{"total":25,"covered":25,"skipped":0,"pct":100}}
,"/app/src/services/auth.service.ts": {"lines":{"total":39,"covered":39,"skipped":0,"pct":100},"functions":{"total":6,"covered":6,"skipped":0,"pct":100},"statements":{"total":39,"covered":39,"skipped":0,"pct":100},"branches":{"total":34,"covered":34,"skipped":0,"pct":100}}
,"/app/src/services/client.service.ts": {"lines":{"total":61,"covered":61,"skipped":0,"pct":100},"functions":{"total":6,"covered":6,"skipped":0,"pct":100},"statements":{"total":66,"covered":66,"skipped":0,"pct":100},"branches":{"total":37,"covered":37,"skipped":0,"pct":100}}
,"/app/src/services/company-settings.service.ts": {"lines":{"total":16,"covered":16,"skipped":0,"pct":100},"functions":{"total":2,"covered":2,"skipped":0,"pct":100},"statements":{"total":16,"covered":16,"skipped":0,"pct":100},"branches":{"total":2,"covered":2,"skipped":0,"pct":100}}
,"/app/src/services/deposit-reminder.service.ts": {"lines":{"total":64,"covered":63,"skipped":0,"pct":98.43},"functions":{"total":7,"covered":7,"skipped":0,"pct":100},"statements":{"total":67,"covered":66,"skipped":0,"pct":98.5},"branches":{"total":23,"covered":23,"skipped":0,"pct":100}}
,"/app/src/services/deposit.service.ts": {"lines":{"total":168,"covered":168,"skipped":0,"pct":100},"functions":{"total":29,"covered":29,"skipped":0,"pct":100},"statements":{"total":192,"covered":192,"skipped":0,"pct":100},"branches":{"total":106,"covered":105,"skipped":0,"pct":99.05}}
,"/app/src/services/discount.service.ts": {"lines":{"total":45,"covered":45,"skipped":0,"pct":100},"functions":{"total":2,"covered":2,"skipped":0,"pct":100},"statements":{"total":50,"covered":50,"skipped":0,"pct":100},"branches":{"total":37,"covered":37,"skipped":0,"pct":100}}
,"/app/src/services/dish.service.ts": {"lines":{"total":43,"covered":43,"skipped":0,"pct":100},"functions":{"total":8,"covered":8,"skipped":0,"pct":100},"statements":{"total":52,"covered":52,"skipped":0,"pct":100},"branches":{"total":19,"covered":19,"skipped":0,"pct":100}}
,"/app/src/services/email.service.ts": {"lines":{"total":57,"covered":57,"skipped":0,"pct":100},"functions":{"total":11,"covered":11,"skipped":0,"pct":100},"statements":{"total":59,"covered":59,"skipped":0,"pct":100},"branches":{"total":29,"covered":29,"skipped":0,"pct":100}}
,"/app/src/services/eventType.service.ts": {"lines":{"total":60,"covered":60,"skipped":0,"pct":100},"functions":{"total":10,"covered":10,"skipped":0,"pct":100},"statements":{"total":70,"covered":70,"skipped":0,"pct":100},"branches":{"total":42,"covered":42,"skipped":0,"pct":100}}
,"/app/src/services/hall.service.ts": {"lines":{"total":55,"covered":55,"skipped":0,"pct":100},"functions":{"total":7,"covered":7,"skipped":0,"pct":100},"statements":{"total":65,"covered":65,"skipped":0,"pct":100},"branches":{"total":34,"covered":34,"skipped":0,"pct":100}}
,"/app/src/services/menu.service.ts": {"lines":{"total":106,"covered":106,"skipped":0,"pct":100},"functions":{"total":25,"covered":25,"skipped":0,"pct":100},"statements":{"total":124,"covered":124,"skipped":0,"pct":100},"branches":{"total":60,"covered":60,"skipped":0,"pct":100}}
,"/app/src/services/menuCourse.service.ts": {"lines":{"total":38,"covered":38,"skipped":0,"pct":100},"functions":{"total":15,"covered":14,"skipped":0,"pct":93.33},"statements":{"total":45,"covered":44,"skipped":0,"pct":97.77},"branches":{"total":19,"covered":19,"skipped":0,"pct":100}}
,"/app/src/services/menuSnapshot.service.ts": {"lines":{"total":82,"covered":82,"skipped":0,"pct":100},"functions":{"total":26,"covered":26,"skipped":0,"pct":100},"statements":{"total":99,"covered":99,"skipped":0,"pct":100},"branches":{"total":39,"covered":37,"skipped":0,"pct":94.87}}
,"/app/src/services/packageCategory.service.ts": {"lines":{"total":25,"covered":25,"skipped":0,"pct":100},"functions":{"total":6,"covered":6,"skipped":0,"pct":100},"statements":{"total":30,"covered":30,"skipped":0,"pct":100},"branches":{"total":18,"covered":18,"skipped":0,"pct":100}}
,"/app/src/services/pdf.service.ts": {"lines":{"total":375,"covered":370,"skipped":0,"pct":98.66},"functions":{"total":42,"covered":42,"skipped":0,"pct":100},"statements":{"total":383,"covered":378,"skipped":0,"pct":98.69},"branches":{"total":102,"covered":90,"skipped":0,"pct":88.23}}
,"/app/src/services/permissions.service.ts": {"lines":{"total":12,"covered":12,"skipped":0,"pct":100},"functions":{"total":3,"covered":3,"skipped":0,"pct":100},"statements":{"total":13,"covered":13,"skipped":0,"pct":100},"branches":{"total":3,"covered":3,"skipped":0,"pct":100}}
,"/app/src/services/queue.service.ts": {"lines":{"total":233,"covered":233,"skipped":0,"pct":100},"functions":{"total":27,"covered":27,"skipped":0,"pct":100},"statements":{"total":295,"covered":295,"skipped":0,"pct":100},"branches":{"total":211,"covered":195,"skipped":0,"pct":92.41}}
,"/app/src/services/reports-export.service.ts": {"lines":{"total":182,"covered":180,"skipped":0,"pct":98.9},"functions":{"total":24,"covered":24,"skipped":0,"pct":100},"statements":{"total":186,"covered":184,"skipped":0,"pct":98.92},"branches":{"total":20,"covered":20,"skipped":0,"pct":100}}
,"/app/src/services/reports.service.ts": {"lines":{"total":123,"covered":123,"skipped":0,"pct":100},"functions":{"total":37,"covered":37,"skipped":0,"pct":100},"statements":{"total":135,"covered":135,"skipped":0,"pct":100},"branches":{"total":62,"covered":60,"skipped":0,"pct":96.77}}
,"/app/src/services/reservation-menu.service.ts": {"lines":{"total":96,"covered":95,"skipped":0,"pct":98.95},"functions":{"total":23,"covered":23,"skipped":0,"pct":100},"statements":{"total":114,"covered":113,"skipped":0,"pct":99.12},"branches":{"total":84,"covered":79,"skipped":0,"pct":94.04}}
,"/app/src/services/reservation.service.ts": {"lines":{"total":353,"covered":348,"skipped":0,"pct":98.58},"functions":{"total":24,"covered":24,"skipped":0,"pct":100},"statements":{"total":413,"covered":394,"skipped":0,"pct":95.39},"branches":{"total":348,"covered":305,"skipped":0,"pct":87.64}}
,"/app/src/services/roles.service.ts": {"lines":{"total":63,"covered":63,"skipped":0,"pct":100},"functions":{"total":13,"covered":13,"skipped":0,"pct":100},"statements":{"total":75,"covered":75,"skipped":0,"pct":100},"branches":{"total":22,"covered":22,"skipped":0,"pct":100}}
,"/app/src/services/stats.service.ts": {"lines":{"total":27,"covered":27,"skipped":0,"pct":100},"functions":{"total":2,"covered":2,"skipped":0,"pct":100},"statements":{"total":27,"covered":27,"skipped":0,"pct":100},"branches":{"total":13,"covered":13,"skipped":0,"pct":100}}
,"/app/src/services/users.service.ts": {"lines":{"total":73,"covered":73,"skipped":0,"pct":100},"functions":{"total":9,"covered":9,"skipped":0,"pct":100},"statements":{"total":86,"covered":85,"skipped":0,"pct":98.83},"branches":{"total":37,"covered":36,"skipped":0,"pct":97.29}}
}
