{"total": {"lines":{"total":474,"covered":122,"skipped":0,"pct":25.73},"statements":{"total":552,"covered":129,"skipped":0,"pct":23.36},"functions":{"total":36,"covered":10,"skipped":0,"pct":27.77},"branches":{"total":505,"covered":84,"skipped":0,"pct":16.63},"branchesTrue":{"total":0,"covered":0,"skipped":0,"pct":"Unknown"}}
,"/home/kamil/rezerwacje/apps/backend/src/services/hall.service.ts": {"lines":{"total":68,"covered":15,"skipped":0,"pct":22.05},"functions":{"total":10,"covered":3,"skipped":0,"pct":30},"statements":{"total":83,"covered":18,"skipped":0,"pct":21.68},"branches":{"total":54,"covered":12,"skipped":0,"pct":22.22}}
,"/home/kamil/rezerwacje/apps/backend/src/services/reservation.service.ts": {"lines":{"total":406,"covered":107,"skipped":0,"pct":26.35},"functions":{"total":26,"covered":7,"skipped":0,"pct":26.92},"statements":{"total":469,"covered":111,"skipped":0,"pct":23.66},"branches":{"total":451,"covered":72,"skipped":0,"pct":15.96}}
}
