TN:
SF:src/controllers/addonGroup.controller.ts
FN:52,(anonymous_0)
FN:75,(anonymous_1)
FN:100,(anonymous_2)
FN:127,(anonymous_3)
FN:161,(anonymous_4)
FN:186,(anonymous_5)
FN:220,(anonymous_6)
FNF:7
FNH:7
FNDA:6,(anonymous_0)
FNDA:6,(anonymous_1)
FNDA:5,(anonymous_2)
FNDA:7,(anonymous_3)
FNDA:6,(anonymous_4)
FNDA:7,(anonymous_5)
FNDA:6,(anonymous_6)
DA:8,8
DA:9,8
DA:12,8
DA:24,8
DA:36,8
DA:46,8
DA:53,6
DA:54,6
DA:59,6
DA:61,5
DA:67,1
DA:76,6
DA:77,6
DA:79,6
DA:81,2
DA:86,4
DA:87,2
DA:92,2
DA:101,5
DA:102,5
DA:104,3
DA:106,2
DA:112,3
DA:113,2
DA:119,1
DA:128,7
DA:129,7
DA:130,7
DA:132,6
DA:134,2
DA:140,5
DA:141,1
DA:147,4
DA:148,2
DA:153,2
DA:162,6
DA:163,6
DA:165,6
DA:167,2
DA:172,4
DA:173,2
DA:178,2
DA:187,7
DA:188,7
DA:189,7
DA:191,5
DA:193,2
DA:199,5
DA:200,2
DA:206,3
DA:207,1
DA:212,2
DA:221,6
DA:222,6
DA:224,6
DA:226,2
DA:231,4
DA:232,2
DA:237,2
DA:242,8
LF:60
LH:60
BRDA:55,0,0,2
BRDA:55,0,1,4
BRDA:55,1,0,1
BRDA:55,1,1,3
BRDA:86,2,0,2
BRDA:86,3,0,4
BRDA:86,3,1,3
BRDA:112,4,0,2
BRDA:140,5,0,1
BRDA:147,6,0,2
BRDA:147,7,0,4
BRDA:147,7,1,3
BRDA:172,8,0,2
BRDA:172,9,0,4
BRDA:172,9,1,3
BRDA:199,10,0,2
BRDA:206,11,0,1
BRDA:206,12,0,3
BRDA:206,12,1,2
BRDA:231,13,0,2
BRDA:231,14,0,4
BRDA:231,14,1,3
BRF:22
BRH:22
end_of_record
TN:
SF:src/controllers/attachment.controller.ts
FN:18,(anonymous_1)
FN:50,(anonymous_2)
FN:83,(anonymous_3)
FN:101,(anonymous_4)
FN:119,(anonymous_5)
FN:136,(anonymous_6)
FN:153,(anonymous_7)
FN:177,(anonymous_8)
FN:197,(anonymous_9)
FNF:9
FNH:9
FNDA:4,(anonymous_1)
FNDA:5,(anonymous_2)
FNDA:2,(anonymous_3)
FNDA:2,(anonymous_4)
FNDA:2,(anonymous_5)
FNDA:2,(anonymous_6)
FNDA:3,(anonymous_7)
FNDA:3,(anonymous_8)
FNDA:3,(anonymous_9)
DA:8,8
DA:19,4
DA:20,4
DA:21,4
DA:22,1
DA:25,3
DA:33,3
DA:34,3
DA:35,1
DA:38,2
DA:40,1
DA:42,1
DA:51,5
DA:52,5
DA:54,5
DA:55,1
DA:59,4
DA:60,1
DA:64,1
DA:67,3
DA:73,2
DA:75,1
DA:84,2
DA:85,2
DA:86,2
DA:88,1
DA:89,1
DA:91,1
DA:93,1
DA:102,2
DA:103,2
DA:104,2
DA:105,2
DA:107,2
DA:109,1
DA:111,1
DA:120,2
DA:121,2
DA:122,2
DA:124,2
DA:126,1
DA:128,1
DA:137,2
DA:138,2
DA:139,2
DA:141,2
DA:143,1
DA:145,1
DA:154,3
DA:155,3
DA:157,3
DA:158,1
DA:161,2
DA:167,1
DA:169,1
DA:178,3
DA:179,3
DA:181,3
DA:182,1
DA:185,2
DA:187,1
DA:189,1
DA:198,3
DA:199,3
DA:201,3
DA:202,1
DA:205,2
DA:207,1
DA:209,1
DA:214,8
LF:70
LH:70
BRDA:21,0,0,1
BRDA:29,1,0,3
BRDA:29,1,1,3
BRDA:30,2,0,3
BRDA:30,2,1,3
BRDA:34,3,0,1
BRDA:54,4,0,1
BRDA:54,5,0,5
BRDA:54,5,1,4
BRDA:59,6,0,1
BRDA:59,7,0,4
BRDA:59,7,1,2
BRDA:157,8,0,1
BRDA:157,9,0,3
BRDA:157,9,1,2
BRDA:157,9,2,2
BRDA:181,10,0,1
BRDA:181,11,0,3
BRDA:181,11,1,2
BRDA:201,12,0,1
BRDA:201,13,0,3
BRDA:201,13,1,2
BRF:22
BRH:22
end_of_record
TN:
SF:src/controllers/audit-log.controller.ts
FN:14,(anonymous_1)
FN:52,(anonymous_2)
FN:72,(anonymous_3)
FN:93,(anonymous_4)
FN:110,(anonymous_5)
FN:127,(anonymous_6)
FNF:6
FNH:6
FNDA:5,(anonymous_1)
FNDA:2,(anonymous_2)
FNDA:3,(anonymous_3)
FNDA:2,(anonymous_4)
FNDA:2,(anonymous_5)
FNDA:2,(anonymous_6)
DA:7,8
DA:15,5
DA:25,5
DA:27,5
DA:38,4
DA:40,1
DA:41,1
DA:53,2
DA:54,2
DA:56,2
DA:58,1
DA:60,1
DA:61,1
DA:73,3
DA:74,3
DA:75,3
DA:77,3
DA:79,2
DA:81,1
DA:82,1
DA:94,2
DA:95,2
DA:96,1
DA:98,1
DA:99,1
DA:111,2
DA:112,2
DA:113,1
DA:115,1
DA:116,1
DA:128,2
DA:129,2
DA:131,2
DA:136,1
DA:138,1
DA:139,1
DA:147,8
LF:37
LH:37
BRDA:34,0,0,1
BRDA:34,0,1,4
BRDA:35,1,0,1
BRDA:35,1,1,4
BRDA:75,2,0,1
BRDA:75,2,1,2
BRF:6
BRH:6
end_of_record
TN:
SF:src/controllers/auth.controller.ts
FN:13,(anonymous_0)
FN:45,(anonymous_1)
FN:63,(anonymous_2)
FN:78,(anonymous_3)
FNF:4
FNH:4
FNDA:9,(anonymous_0)
FNDA:11,(anonymous_1)
FNDA:4,(anonymous_2)
FNDA:2,(anonymous_3)
DA:7,7
DA:8,7
DA:9,7
DA:10,7
DA:12,7
DA:14,9
DA:16,9
DA:17,3
DA:20,6
DA:21,6
DA:22,1
DA:25,5
DA:26,1
DA:29,4
DA:36,3
DA:42,3
DA:46,11
DA:48,11
DA:49,4
DA:52,7
DA:54,4
DA:60,4
DA:64,4
DA:65,1
DA:68,3
DA:70,3
DA:75,3
DA:79,2
DA:81,2
DA:86,2
LF:30
LH:30
BRDA:16,0,0,3
BRDA:16,1,0,9
BRDA:16,1,1,8
BRDA:16,1,2,6
BRDA:16,1,3,6
BRDA:21,2,0,1
BRDA:25,3,0,1
BRDA:25,4,0,5
BRDA:25,4,1,4
BRDA:48,5,0,4
BRDA:48,6,0,11
BRDA:48,6,1,9
BRDA:64,7,0,1
BRF:13
BRH:13
end_of_record
TN:
SF:src/controllers/client.controller.ts
FN:12,(anonymous_1)
FN:44,(anonymous_2)
FN:58,(anonymous_3)
FN:70,(anonymous_4)
FN:93,(anonymous_5)
FNF:5
FNH:5
FNDA:6,(anonymous_1)
FNDA:4,(anonymous_2)
FNDA:4,(anonymous_3)
FNDA:4,(anonymous_4)
FNDA:3,(anonymous_5)
DA:7,7
DA:8,7
DA:11,7
DA:13,6
DA:14,6
DA:16,6
DA:17,1
DA:20,5
DA:21,2
DA:25,3
DA:26,1
DA:35,2
DA:37,2
DA:45,4
DA:49,4
DA:51,4
DA:59,4
DA:60,4
DA:62,3
DA:64,2
DA:71,4
DA:72,4
DA:73,4
DA:75,4
DA:76,1
DA:80,3
DA:81,1
DA:84,2
DA:86,2
DA:94,3
DA:95,3
DA:97,3
DA:98,1
DA:101,2
DA:103,2
DA:110,7
LF:36
LH:36
BRDA:16,0,0,1
BRDA:20,1,0,2
BRDA:20,2,0,5
BRDA:20,2,1,4
BRDA:20,2,2,3
BRDA:25,3,0,1
BRDA:25,4,0,3
BRDA:25,4,1,2
BRDA:62,5,0,1
BRDA:75,6,0,1
BRDA:80,7,0,1
BRDA:80,8,0,3
BRDA:80,8,1,1
BRDA:97,9,0,1
BRF:14
BRH:14
end_of_record
TN:
SF:src/controllers/company-settings.controller.ts
FN:9,(anonymous_1)
FN:14,(anonymous_2)
FNF:2
FNH:2
FNDA:1,(anonymous_1)
FNDA:2,(anonymous_2)
DA:5,7
DA:6,7
DA:8,7
DA:10,1
DA:11,1
DA:15,2
DA:16,2
DA:18,1
DA:19,1
DA:23,7
LF:10
LH:10
BRDA:16,0,0,1
BRF:1
BRH:1
end_of_record
TN:
SF:src/controllers/deposit.controller.ts
FN:16,(anonymous_1)
FN:22,(anonymous_2)
FN:27,(anonymous_3)
FN:32,(anonymous_4)
FN:38,(anonymous_5)
FN:84,(anonymous_6)
FN:90,(anonymous_7)
FN:96,(anonymous_8)
FN:113,(anonymous_9)
FN:124,(anonymous_10)
FN:134,(anonymous_11)
FN:145,(anonymous_12)
FN:155,(anonymous_13)
FNF:13
FNH:13
FNDA:4,(anonymous_1)
FNDA:2,(anonymous_2)
FNDA:3,(anonymous_3)
FNDA:4,(anonymous_4)
FNDA:13,(anonymous_5)
FNDA:2,(anonymous_6)
FNDA:1,(anonymous_7)
FNDA:4,(anonymous_8)
FNDA:4,(anonymous_9)
FNDA:5,(anonymous_10)
FNDA:6,(anonymous_11)
FNDA:5,(anonymous_12)
FNDA:6,(anonymous_13)
DA:6,8
DA:7,8
DA:8,8
DA:14,8
DA:16,8
DA:17,4
DA:18,4
DA:19,4
DA:22,8
DA:23,2
DA:24,2
DA:27,8
DA:28,3
DA:29,3
DA:32,8
DA:33,4
DA:34,4
DA:35,3
DA:38,8
DA:39,13
DA:40,13
DA:42,13
DA:43,3
DA:46,10
DA:47,10
DA:49,10
DA:50,4
DA:53,6
DA:76,6
DA:78,6
DA:79,6
DA:80,6
DA:81,6
DA:84,8
DA:85,2
DA:86,2
DA:87,2
DA:90,8
DA:91,1
DA:92,1
DA:93,1
DA:96,8
DA:97,4
DA:98,4
DA:99,4
DA:101,4
DA:103,2
DA:110,2
DA:113,8
DA:114,4
DA:115,4
DA:116,4
DA:118,4
DA:120,2
DA:121,2
DA:124,8
DA:125,5
DA:126,5
DA:128,5
DA:130,3
DA:131,2
DA:134,8
DA:135,6
DA:136,6
DA:137,6
DA:139,6
DA:141,4
DA:142,4
DA:145,8
DA:146,5
DA:147,5
DA:149,5
DA:151,3
DA:152,3
DA:155,8
DA:156,6
DA:157,6
DA:159,6
DA:161,4
DA:162,4
LF:80
LH:80
BRDA:42,0,0,3
BRDA:49,1,0,4
BRDA:49,2,0,10
BRDA:49,2,1,8
BRDA:56,3,0,4
BRDA:56,3,1,2
BRDA:57,4,0,6
BRDA:57,4,1,2
BRDA:61,5,0,6
BRDA:61,5,1,1
BRDA:66,6,0,6
BRDA:66,6,1,1
BRDA:67,7,0,6
BRDA:67,7,1,1
BRDA:68,8,0,6
BRDA:68,8,1,1
BRDA:101,9,0,2
BRDA:118,10,0,2
BRDA:128,11,0,2
BRDA:139,12,0,2
BRDA:149,13,0,2
BRDA:159,14,0,2
BRF:22
BRH:22
end_of_record
TN:
SF:src/controllers/discount.controller.ts
FN:16,(anonymous_1)
FN:43,(anonymous_2)
FNF:2
FNH:2
FNDA:6,(anonymous_1)
FNDA:3,(anonymous_2)
DA:8,7
DA:9,7
DA:11,7
DA:17,6
DA:18,6
DA:19,6
DA:21,5
DA:22,5
DA:23,1
DA:26,4
DA:32,4
DA:44,3
DA:45,3
DA:46,3
DA:48,2
DA:50,2
DA:58,7
LF:17
LH:17
BRDA:19,0,0,1
BRDA:22,1,0,1
BRDA:22,2,0,5
BRDA:22,2,1,5
BRDA:22,2,2,4
BRDA:46,3,0,1
BRF:6
BRH:6
end_of_record
TN:
SF:src/controllers/dish-category.controller.ts
FN:12,(anonymous_0)
FN:28,(anonymous_1)
FN:47,(anonymous_2)
FN:66,(anonymous_3)
FN:99,(anonymous_4)
FN:142,(anonymous_5)
FN:162,(anonymous_6)
FN:171,(anonymous_7)
FN:187,(anonymous_8)
FN:194,(anonymous_9)
FNF:10
FNH:8
FNDA:1,(anonymous_0)
FNDA:2,(anonymous_1)
FNDA:2,(anonymous_2)
FNDA:7,(anonymous_3)
FNDA:9,(anonymous_4)
FNDA:3,(anonymous_5)
FNDA:0,(anonymous_6)
FNDA:0,(anonymous_7)
FNDA:2,(anonymous_8)
FNDA:2,(anonymous_9)
DA:8,8
DA:9,8
DA:13,1
DA:22,1
DA:29,2
DA:30,2
DA:39,2
DA:41,1
DA:48,2
DA:49,2
DA:58,2
DA:60,1
DA:67,7
DA:69,7
DA:70,2
DA:73,5
DA:77,5
DA:78,1
DA:81,4
DA:92,4
DA:100,9
DA:101,9
DA:103,9
DA:107,9
DA:109,8
DA:110,2
DA:117,2
DA:118,1
DA:122,7
DA:123,7
DA:124,7
DA:125,7
DA:126,7
DA:127,7
DA:128,7
DA:130,7
DA:135,7
DA:143,3
DA:145,3
DA:154,3
DA:156,2
DA:157,1
DA:162,1
DA:163,0
DA:167,0
DA:171,0
DA:172,0
DA:178,0
DA:181,1
DA:188,2
DA:190,2
DA:191,1
DA:194,1
DA:195,2
DA:201,1
DA:203,1
DA:210,8
LF:57
LH:52
BRDA:39,0,0,1
BRDA:58,1,0,1
BRDA:69,2,0,2
BRDA:69,3,0,7
BRDA:69,3,1,6
BRDA:77,4,0,1
BRDA:87,5,0,4
BRDA:87,5,1,3
BRDA:88,6,0,4
BRDA:88,6,1,3
BRDA:107,7,0,1
BRDA:109,8,0,2
BRDA:109,9,0,8
BRDA:109,9,1,3
BRDA:117,10,0,1
BRDA:123,11,0,2
BRDA:124,12,0,3
BRDA:125,13,0,2
BRDA:126,14,0,2
BRDA:127,15,0,2
BRDA:128,16,0,2
BRDA:154,17,0,1
BRDA:156,18,0,1
BRDA:190,19,0,1
BRF:24
BRH:24
end_of_record
TN:
SF:src/controllers/dish.controller.ts
FN:10,(anonymous_1)
FN:23,(anonymous_2)
FN:32,(anonymous_3)
FN:39,(anonymous_4)
FN:59,(anonymous_5)
FN:77,(anonymous_6)
FNF:6
FNH:6
FNDA:1,(anonymous_1)
FNDA:2,(anonymous_2)
FNDA:1,(anonymous_3)
FNDA:3,(anonymous_4)
FNDA:2,(anonymous_5)
FNDA:2,(anonymous_6)
DA:6,7
DA:7,7
DA:11,1
DA:13,1
DA:14,1
DA:15,1
DA:16,1
DA:18,1
DA:20,1
DA:24,2
DA:25,2
DA:27,2
DA:29,1
DA:33,1
DA:34,1
DA:36,1
DA:40,3
DA:41,3
DA:43,3
DA:44,2
DA:46,1
DA:52,1
DA:60,2
DA:61,2
DA:62,2
DA:64,2
DA:66,1
DA:70,1
DA:78,2
DA:79,2
DA:81,2
DA:83,1
DA:85,1
DA:92,7
LF:34
LH:34
BRDA:14,0,0,1
BRDA:15,1,0,1
BRDA:16,2,0,1
BRDA:27,3,0,1
BRDA:43,4,0,1
BRDA:44,5,0,1
BRDA:44,6,0,2
BRDA:44,6,1,1
BRDA:48,7,0,1
BRDA:48,7,1,1
BRDA:49,8,0,1
BRDA:49,8,1,1
BRDA:64,9,0,1
BRDA:81,10,0,1
BRF:14
BRH:14
end_of_record
TN:
SF:src/controllers/eventType.controller.ts
FN:12,(anonymous_1)
FN:34,(anonymous_2)
FN:45,(anonymous_3)
FN:57,(anonymous_4)
FN:81,(anonymous_5)
FN:97,(anonymous_6)
FN:107,(anonymous_7)
FNF:7
FNH:7
FNDA:8,(anonymous_1)
FNDA:6,(anonymous_2)
FNDA:5,(anonymous_3)
FNDA:8,(anonymous_4)
FNDA:5,(anonymous_5)
FNDA:3,(anonymous_6)
FNDA:3,(anonymous_7)
DA:7,8
DA:8,8
DA:11,8
DA:13,8
DA:14,8
DA:16,8
DA:17,2
DA:20,6
DA:21,2
DA:24,4
DA:25,4
DA:27,4
DA:35,6
DA:36,6
DA:38,6
DA:46,5
DA:47,5
DA:49,5
DA:51,3
DA:58,8
DA:59,8
DA:60,8
DA:62,8
DA:63,2
DA:66,6
DA:67,6
DA:68,6
DA:69,6
DA:70,6
DA:72,6
DA:74,6
DA:82,5
DA:83,5
DA:85,5
DA:86,2
DA:89,3
DA:91,3
DA:98,3
DA:100,3
DA:108,3
DA:110,3
DA:117,8
LF:42
LH:42
BRDA:16,0,0,2
BRDA:20,1,0,2
BRDA:49,2,0,2
BRDA:62,3,0,2
BRDA:67,4,0,4
BRDA:68,5,0,2
BRDA:69,6,0,2
BRDA:70,7,0,1
BRDA:85,8,0,2
BRF:9
BRH:9
end_of_record
TN:
SF:src/controllers/hall.controller.ts
FN:15,(anonymous_1)
FN:37,(anonymous_2)
FN:49,(anonymous_3)
FN:73,(anonymous_4)
FN:91,(anonymous_5)
FNF:5
FNH:5
FNDA:7,(anonymous_1)
FNDA:3,(anonymous_2)
FNDA:5,(anonymous_3)
FNDA:3,(anonymous_4)
FNDA:3,(anonymous_5)
DA:8,8
DA:9,8
DA:16,7
DA:17,7
DA:22,7
DA:24,6
DA:30,1
DA:38,3
DA:39,3
DA:40,2
DA:42,1
DA:50,5
DA:51,5
DA:52,5
DA:54,5
DA:55,1
DA:58,4
DA:59,2
DA:60,2
DA:63,2
DA:64,2
DA:66,1
DA:74,3
DA:75,3
DA:77,3
DA:78,1
DA:81,2
DA:82,2
DA:84,1
DA:92,3
DA:93,3
DA:95,3
DA:96,1
DA:99,2
DA:100,2
DA:102,1
DA:107,8
LF:37
LH:37
BRDA:18,0,0,1
BRDA:18,0,1,6
BRDA:18,1,0,1
BRDA:18,1,1,5
BRDA:54,2,0,1
BRDA:58,3,0,2
BRDA:58,4,0,4
BRDA:58,4,1,2
BRDA:77,5,0,1
BRDA:95,6,0,1
BRF:10
BRH:10
end_of_record
TN:
SF:src/controllers/menu-calculator.controller.ts
FN:27,toNumber
FN:31,roundToTwo
FN:39,calculatePrice
FN:113,(anonymous_3)
FN:123,(anonymous_4)
FN:201,getAvailablePackages
FN:265,calculateOptionPrice
FNF:7
FNH:7
FNDA:36,toNumber
FNDA:65,roundToTwo
FNDA:11,calculatePrice
FNDA:9,(anonymous_3)
FNDA:19,(anonymous_4)
FNDA:5,getAvailablePackages
FNDA:12,calculateOptionPrice
DA:8,8
DA:10,8
DA:28,36
DA:32,65
DA:39,8
DA:40,11
DA:41,11
DA:44,11
DA:45,1
DA:48,10
DA:49,10
DA:51,10
DA:52,1
DA:56,9
DA:65,8
DA:66,1
DA:69,7
DA:72,7
DA:73,1
DA:78,7
DA:79,1
DA:85,7
DA:86,7
DA:87,7
DA:89,7
DA:90,7
DA:91,7
DA:93,7
DA:95,7
DA:109,7
DA:110,7
DA:112,7
DA:113,9
DA:115,4
DA:122,4
DA:123,19
DA:125,9
DA:126,1
DA:127,1
DA:130,8
DA:131,8
DA:133,8
DA:135,1
DA:136,1
DA:139,2
DA:140,2
DA:143,1
DA:144,1
DA:147,2
DA:148,2
DA:149,2
DA:150,2
DA:154,2
DA:155,2
DA:158,8
DA:168,8
DA:173,7
DA:177,7
DA:189,7
DA:191,1
DA:201,8
DA:202,5
DA:203,5
DA:205,5
DA:206,1
DA:209,4
DA:217,4
DA:218,2
DA:219,2
DA:227,4
DA:248,3
DA:255,1
DA:265,8
DA:266,12
DA:267,12
DA:268,12
DA:270,12
DA:271,1
DA:274,11
DA:280,11
DA:281,11
DA:284,11
DA:288,10
DA:289,2
DA:292,8
DA:293,8
DA:295,8
DA:297,1
DA:298,1
DA:301,2
DA:302,2
DA:305,2
DA:306,2
DA:309,2
DA:310,2
DA:311,2
DA:312,2
DA:316,1
DA:317,1
DA:320,8
DA:330,1
LF:101
LH:101
BRDA:44,0,0,1
BRDA:48,1,0,1
BRDA:48,2,0,3
BRDA:48,3,0,3
BRDA:51,4,0,1
BRDA:65,5,0,1
BRDA:72,6,0,1
BRDA:72,7,0,7
BRDA:72,7,1,2
BRDA:78,8,0,1
BRDA:78,9,0,7
BRDA:78,9,1,2
BRDA:112,10,0,4
BRDA:112,11,0,7
BRDA:112,11,1,4
BRDA:125,12,0,1
BRDA:130,13,0,8
BRDA:130,13,1,7
BRDA:133,14,0,1
BRDA:133,14,1,2
BRDA:133,14,2,1
BRDA:133,14,3,2
BRDA:133,14,4,2
BRDA:133,14,5,2
BRDA:186,15,0,3
BRDA:186,15,1,4
BRDA:205,16,0,1
BRDA:205,17,0,5
BRDA:205,17,1,4
BRDA:217,18,0,2
BRDA:217,19,0,4
BRDA:217,19,1,2
BRDA:250,20,0,3
BRDA:250,20,1,1
BRDA:268,21,0,5
BRDA:268,22,0,8
BRDA:268,23,0,6
BRDA:270,24,0,1
BRDA:270,25,0,12
BRDA:270,25,1,11
BRDA:288,26,0,2
BRDA:288,27,0,10
BRDA:288,27,1,9
BRDA:295,28,0,1
BRDA:295,28,1,2
BRDA:295,28,2,2
BRDA:295,28,3,2
BRDA:295,28,4,1
BRDA:295,28,5,1
BRF:49
BRH:49
end_of_record
TN:
SF:src/controllers/menu-package-categories.controller.ts
FN:12,toNumber
FN:20,getPackageCategories
FN:52,(anonymous_2)
FN:66,(anonymous_3)
FNF:4
FNH:4
FNDA:2,toNumber
FNDA:5,getPackageCategories
FNDA:1,(anonymous_2)
FNDA:1,(anonymous_3)
DA:8,1
DA:10,1
DA:13,2
DA:20,1
DA:21,5
DA:22,5
DA:24,5
DA:27,5
DA:47,3
DA:48,1
DA:52,2
DA:66,1
DA:75,2
DA:77,2
DA:86,2
DA:87,2
LF:16
LH:16
BRDA:47,0,0,1
BRDA:87,1,0,2
BRDA:87,1,1,1
BRF:3
BRH:3
end_of_record
TN:
SF:src/controllers/menuCourse.controller.ts
FN:22,(anonymous_0)
FN:42,(anonymous_1)
FN:67,(anonymous_2)
FN:101,(anonymous_3)
FN:137,(anonymous_4)
FN:162,(anonymous_5)
FN:204,(anonymous_6)
FNF:7
FNH:7
FNDA:3,(anonymous_0)
FNDA:5,(anonymous_1)
FNDA:6,(anonymous_2)
FNDA:6,(anonymous_3)
FNDA:5,(anonymous_4)
FNDA:6,(anonymous_5)
FNDA:6,(anonymous_6)
DA:8,8
DA:9,8
DA:14,8
DA:16,8
DA:23,3
DA:24,3
DA:26,3
DA:28,2
DA:34,1
DA:43,5
DA:44,5
DA:46,5
DA:48,2
DA:53,3
DA:54,2
DA:59,1
DA:68,6
DA:70,6
DA:72,5
DA:74,2
DA:80,4
DA:81,1
DA:87,3
DA:88,2
DA:93,1
DA:102,6
DA:103,6
DA:106,6
DA:108,5
DA:110,2
DA:116,4
DA:117,1
DA:123,3
DA:124,2
DA:129,1
DA:138,5
DA:139,5
DA:141,5
DA:143,2
DA:148,3
DA:149,2
DA:154,1
DA:163,6
DA:164,6
DA:167,6
DA:169,5
DA:171,2
DA:177,4
DA:178,1
DA:184,3
DA:185,1
DA:190,2
DA:191,1
DA:196,1
DA:205,6
DA:206,6
DA:208,6
DA:210,2
DA:215,4
DA:216,1
DA:221,3
DA:222,2
DA:227,1
DA:232,8
LF:64
LH:64
BRDA:53,0,0,2
BRDA:53,1,0,3
BRDA:53,1,1,3
BRDA:80,2,0,1
BRDA:87,3,0,2
BRDA:87,4,0,3
BRDA:87,4,1,3
BRDA:116,5,0,1
BRDA:123,6,0,2
BRDA:123,7,0,3
BRDA:123,7,1,3
BRDA:148,8,0,2
BRDA:148,9,0,3
BRDA:148,9,1,3
BRDA:177,10,0,1
BRDA:184,11,0,1
BRDA:184,12,0,3
BRDA:184,12,1,3
BRDA:190,13,0,1
BRDA:190,14,0,2
BRDA:190,14,1,2
BRDA:215,15,0,1
BRDA:215,16,0,4
BRDA:215,16,1,4
BRDA:221,17,0,2
BRDA:221,18,0,3
BRDA:221,18,1,3
BRF:27
BRH:27
end_of_record
TN:
SF:src/controllers/menuOption.controller.ts
FN:19,(anonymous_1)
FN:43,(anonymous_2)
FN:68,(anonymous_3)
FN:124,(anonymous_4)
FN:170,(anonymous_5)
FNF:5
FNH:5
FNDA:4,(anonymous_1)
FNDA:4,(anonymous_2)
FNDA:10,(anonymous_3)
FNDA:10,(anonymous_4)
FNDA:7,(anonymous_5)
DA:6,8
DA:7,8
DA:8,8
DA:10,8
DA:15,8
DA:20,4
DA:21,4
DA:23,4
DA:24,4
DA:25,4
DA:26,4
DA:28,4
DA:30,4
DA:32,4
DA:38,0
DA:39,0
DA:44,4
DA:45,4
DA:47,4
DA:49,1
DA:51,1
DA:56,3
DA:57,2
DA:61,2
DA:63,1
DA:64,1
DA:69,10
DA:73,10
DA:74,10
DA:76,10
DA:77,8
DA:78,2
DA:82,2
DA:85,6
DA:86,2
DA:90,2
DA:93,4
DA:94,1
DA:98,1
DA:101,3
DA:111,3
DA:113,3
DA:119,2
DA:120,2
DA:125,10
DA:126,10
DA:127,10
DA:128,10
DA:130,10
DA:132,8
DA:133,2
DA:137,2
DA:140,6
DA:141,1
DA:145,1
DA:148,5
DA:150,2
DA:152,2
DA:158,5
DA:159,2
DA:163,2
DA:165,3
DA:166,3
DA:171,7
DA:172,7
DA:173,7
DA:175,7
DA:177,5
DA:179,2
DA:181,2
DA:186,5
DA:187,2
DA:191,2
DA:193,3
DA:194,3
DA:199,8
LF:76
LH:74
BRDA:24,0,0,2
BRDA:25,1,0,3
BRDA:26,2,0,1
BRDA:56,3,0,2
BRDA:56,4,0,3
BRDA:56,4,1,3
BRDA:76,5,0,2
BRDA:77,6,0,2
BRDA:77,7,0,8
BRDA:77,7,1,7
BRDA:77,7,2,6
BRDA:85,8,0,2
BRDA:93,9,0,1
BRDA:103,10,0,3
BRDA:103,10,1,2
BRDA:104,11,0,3
BRDA:104,11,1,2
BRDA:105,12,0,3
BRDA:105,12,1,2
BRDA:107,13,0,1
BRDA:107,13,1,2
BRDA:108,14,0,3
BRDA:108,14,1,2
BRDA:130,15,0,2
BRDA:132,16,0,2
BRDA:132,17,0,8
BRDA:132,17,1,2
BRDA:140,18,0,1
BRDA:140,19,0,6
BRDA:140,19,1,1
BRDA:158,20,0,2
BRDA:158,21,0,5
BRDA:158,21,1,5
BRDA:175,22,0,2
BRDA:186,23,0,2
BRDA:186,24,0,5
BRDA:186,24,1,5
BRF:37
BRH:37
end_of_record
TN:
SF:src/controllers/menuPackage.controller.ts
FN:18,(anonymous_0)
FN:43,(anonymous_1)
FN:59,(anonymous_2)
FN:75,(anonymous_3)
FN:96,(anonymous_4)
FN:122,(anonymous_5)
FN:155,(anonymous_6)
FN:185,(anonymous_7)
FN:208,(anonymous_8)
FNF:9
FNH:9
FNDA:6,(anonymous_0)
FNDA:3,(anonymous_1)
FNDA:2,(anonymous_2)
FNDA:5,(anonymous_3)
FNDA:6,(anonymous_4)
FNDA:7,(anonymous_5)
FNDA:7,(anonymous_6)
FNDA:4,(anonymous_7)
FNDA:6,(anonymous_8)
DA:6,8
DA:7,8
DA:8,8
DA:14,8
DA:16,8
DA:19,6
DA:20,6
DA:22,6
DA:23,2
DA:24,2
DA:31,4
DA:33,3
DA:39,1
DA:44,3
DA:45,3
DA:47,3
DA:49,2
DA:55,1
DA:60,2
DA:61,2
DA:63,2
DA:65,1
DA:71,1
DA:76,5
DA:77,5
DA:79,5
DA:81,2
DA:86,3
DA:87,2
DA:92,1
DA:97,6
DA:98,6
DA:99,5
DA:101,5
DA:103,3
DA:105,2
DA:111,4
DA:112,1
DA:118,3
DA:123,7
DA:124,7
DA:125,7
DA:126,6
DA:128,6
DA:130,5
DA:132,2
DA:138,5
DA:139,1
DA:145,4
DA:146,2
DA:151,2
DA:156,7
DA:157,7
DA:158,7
DA:160,7
DA:162,6
DA:164,2
DA:169,5
DA:170,2
DA:175,3
DA:176,1
DA:181,2
DA:186,4
DA:187,4
DA:189,3
DA:191,2
DA:197,2
DA:198,1
DA:204,1
DA:209,6
DA:210,6
DA:211,6
DA:213,5
DA:215,2
DA:221,4
DA:222,1
DA:228,3
DA:229,2
DA:234,1
DA:239,8
LF:80
LH:80
BRDA:22,0,0,2
BRDA:22,1,0,6
BRDA:22,1,1,3
BRDA:86,2,0,2
BRDA:86,3,0,3
BRDA:86,3,1,3
BRDA:101,4,0,2
BRDA:111,5,0,1
BRDA:128,6,0,1
BRDA:138,7,0,1
BRDA:145,8,0,2
BRDA:145,9,0,4
BRDA:145,9,1,4
BRDA:160,10,0,1
BRDA:169,11,0,2
BRDA:169,12,0,5
BRDA:169,12,1,5
BRDA:175,13,0,1
BRDA:175,14,0,3
BRDA:175,14,1,3
BRDA:197,15,0,1
BRDA:221,16,0,1
BRDA:228,17,0,2
BRDA:228,18,0,3
BRDA:228,18,1,3
BRF:25
BRH:25
end_of_record
TN:
SF:src/controllers/menuTemplate.controller.ts
FN:21,(anonymous_0)
FN:48,(anonymous_1)
FN:69,(anonymous_2)
FN:96,(anonymous_3)
FN:122,(anonymous_4)
FN:155,(anonymous_5)
FN:185,(anonymous_6)
FN:223,(anonymous_7)
FN:233,(anonymous_8)
FN:264,(anonymous_9)
FN:270,(anonymous_10)
FN:278,(anonymous_11)
FNF:12
FNH:12
FNDA:3,(anonymous_0)
FNDA:3,(anonymous_1)
FNDA:4,(anonymous_2)
FNDA:4,(anonymous_3)
FNDA:5,(anonymous_4)
FNDA:5,(anonymous_5)
FNDA:5,(anonymous_6)
FNDA:13,(anonymous_7)
FNDA:9,(anonymous_8)
FNDA:6,(anonymous_9)
FNDA:5,(anonymous_10)
FNDA:9,(anonymous_11)
DA:6,7
DA:7,7
DA:9,7
DA:10,7
DA:11,7
DA:17,7
DA:19,7
DA:22,3
DA:23,3
DA:25,1
DA:31,1
DA:37,2
DA:38,1
DA:44,1
DA:49,3
DA:50,3
DA:52,3
DA:54,1
DA:59,2
DA:60,1
DA:65,1
DA:70,4
DA:71,4
DA:72,4
DA:74,4
DA:76,4
DA:81,2
DA:86,2
DA:87,1
DA:92,1
DA:97,4
DA:98,4
DA:99,3
DA:101,3
DA:103,2
DA:105,1
DA:111,3
DA:112,1
DA:118,2
DA:123,5
DA:124,5
DA:125,5
DA:126,4
DA:128,4
DA:130,3
DA:132,1
DA:138,4
DA:139,1
DA:145,3
DA:146,1
DA:151,2
DA:156,5
DA:157,5
DA:158,5
DA:160,5
DA:162,4
DA:164,1
DA:169,4
DA:170,1
DA:175,3
DA:176,1
DA:181,2
DA:186,5
DA:187,5
DA:188,5
DA:189,4
DA:191,4
DA:193,3
DA:200,1
DA:206,4
DA:207,1
DA:213,3
DA:214,1
DA:219,2
DA:224,13
DA:225,13
DA:227,13
DA:229,13
DA:230,10
DA:232,10
DA:234,9
DA:236,9
DA:251,9
DA:253,9
DA:264,6
DA:270,5
DA:278,9
DA:290,10
DA:299,10
DA:301,10
DA:303,10
DA:305,10
DA:307,10
DA:308,10
DA:309,10
DA:310,10
DA:312,3
DA:314,3
DA:315,1
DA:321,2
DA:330,7
LF:101
LH:101
BRDA:37,0,0,1
BRDA:59,1,0,1
BRDA:59,2,0,2
BRDA:59,2,1,2
BRDA:74,3,0,1
BRDA:74,3,1,3
BRDA:86,4,0,1
BRDA:86,5,0,2
BRDA:86,5,1,2
BRDA:101,6,0,1
BRDA:111,7,0,1
BRDA:128,8,0,1
BRDA:138,9,0,1
BRDA:145,10,0,1
BRDA:145,11,0,3
BRDA:145,11,1,3
BRDA:160,12,0,1
BRDA:169,13,0,1
BRDA:169,14,0,4
BRDA:169,14,1,4
BRDA:175,15,0,1
BRDA:175,16,0,3
BRDA:175,16,1,3
BRDA:191,17,0,1
BRDA:206,18,0,1
BRDA:213,19,0,1
BRDA:213,20,0,3
BRDA:213,20,1,3
BRDA:230,21,0,10
BRDA:230,21,1,1
BRDA:233,22,0,10
BRDA:233,22,1,1
BRDA:263,23,0,8
BRDA:263,23,1,1
BRDA:265,24,0,6
BRDA:265,24,1,5
BRDA:270,25,0,6
BRDA:270,25,1,1
BRDA:273,26,0,4
BRDA:273,26,1,1
BRDA:278,27,0,9
BRDA:278,27,1,0
BRDA:279,28,0,9
BRDA:279,28,1,1
BRDA:280,29,0,9
BRDA:280,29,1,2
BRDA:281,30,0,9
BRDA:281,30,1,1
BRDA:282,31,0,9
BRDA:282,31,1,1
BRDA:283,32,0,9
BRDA:283,32,1,8
BRDA:283,32,2,1
BRDA:294,33,0,10
BRDA:294,33,1,1
BRDA:314,34,0,1
BRDA:314,35,0,3
BRDA:314,35,1,2
BRDA:324,36,0,1
BRDA:324,36,1,1
BRF:60
BRH:59
end_of_record
TN:
SF:src/controllers/packageCategory.controller.ts
FN:14,toNumber
FN:23,(anonymous_1)
FN:55,(anonymous_2)
FN:69,(anonymous_3)
FN:99,(anonymous_4)
FN:130,(anonymous_5)
FN:211,(anonymous_6)
FN:265,(anonymous_7)
FN:312,(anonymous_8)
FN:326,(anonymous_9)
FN:347,(anonymous_10)
FN:358,(anonymous_11)
FNF:12
FNH:12
FNDA:8,toNumber
FNDA:7,(anonymous_1)
FNDA:4,(anonymous_2)
FNDA:1,(anonymous_3)
FNDA:4,(anonymous_4)
FNDA:16,(anonymous_5)
FNDA:11,(anonymous_6)
FNDA:6,(anonymous_7)
FNDA:11,(anonymous_8)
FNDA:2,(anonymous_9)
FNDA:6,(anonymous_10)
FNDA:4,(anonymous_11)
DA:9,8
DA:10,8
DA:12,8
DA:15,8
DA:24,7
DA:25,7
DA:27,7
DA:30,7
DA:50,5
DA:51,2
DA:55,4
DA:69,1
DA:78,3
DA:80,3
DA:89,2
DA:100,4
DA:101,4
DA:103,4
DA:111,3
DA:112,2
DA:115,1
DA:120,1
DA:131,16
DA:132,16
DA:135,16
DA:136,3
DA:140,13
DA:141,2
DA:145,11
DA:149,10
DA:150,2
DA:154,8
DA:158,8
DA:159,2
DA:163,6
DA:172,6
DA:173,2
DA:177,4
DA:193,4
DA:195,4
DA:201,1
DA:212,11
DA:213,11
DA:214,11
DA:217,11
DA:218,2
DA:222,9
DA:226,7
DA:227,2
DA:231,5
DA:247,5
DA:249,5
DA:255,2
DA:266,6
DA:267,6
DA:270,6
DA:274,4
DA:275,2
DA:279,2
DA:283,2
DA:285,2
DA:290,2
DA:313,11
DA:314,11
DA:316,11
DA:317,11
DA:320,11
DA:322,11
DA:323,2
DA:324,2
DA:326,2
DA:333,9
DA:335,9
DA:338,9
DA:342,8
DA:343,2
DA:347,6
DA:349,6
DA:353,6
DA:356,6
DA:357,4
DA:359,4
DA:377,4
DA:379,4
DA:382,2
DA:385,6
DA:391,1
DA:398,8
LF:88
LH:88
BRDA:50,0,0,2
BRDA:66,1,0,4
BRDA:66,1,1,2
BRDA:111,2,0,2
BRDA:135,3,0,3
BRDA:135,4,0,16
BRDA:135,4,1,14
BRDA:140,5,0,2
BRDA:149,6,0,2
BRDA:158,7,0,2
BRDA:172,8,0,2
BRDA:181,9,0,4
BRDA:181,9,1,2
BRDA:182,10,0,4
BRDA:182,10,1,2
BRDA:183,11,0,2
BRDA:183,11,1,2
BRDA:184,12,0,2
BRDA:184,12,1,2
BRDA:185,13,0,4
BRDA:185,13,1,2
BRDA:186,14,0,4
BRDA:186,14,1,2
BRDA:217,15,0,2
BRDA:217,16,0,11
BRDA:217,16,1,7
BRDA:217,16,2,3
BRDA:226,17,0,2
BRDA:234,18,0,5
BRDA:234,18,1,4
BRDA:235,19,0,5
BRDA:235,19,1,1
BRDA:236,20,0,5
BRDA:236,20,1,2
BRDA:237,21,0,5
BRDA:237,21,1,1
BRDA:238,22,0,5
BRDA:238,22,1,1
BRDA:239,23,0,5
BRDA:239,23,1,2
BRDA:274,24,0,2
BRDA:322,25,0,2
BRDA:335,26,0,9
BRDA:335,26,1,5
BRDA:342,27,0,2
BRDA:356,28,0,4
BRDA:365,29,0,2
BRDA:365,29,1,2
BRDA:366,30,0,2
BRDA:366,30,1,2
BRDA:367,31,0,4
BRDA:367,31,1,3
BRDA:368,32,0,4
BRDA:368,32,1,3
BRF:54
BRH:54
end_of_record
TN:
SF:src/controllers/permissions.controller.ts
FN:8,(anonymous_1)
FN:13,(anonymous_2)
FNF:2
FNH:2
FNDA:1,(anonymous_1)
FNDA:1,(anonymous_2)
DA:5,7
DA:7,7
DA:9,1
DA:10,1
DA:14,1
DA:15,1
DA:19,7
LF:7
LH:7
BRF:0
BRH:0
end_of_record
TN:
SF:src/controllers/queue.controller.ts
FN:22,(anonymous_1)
FN:45,(anonymous_2)
FN:65,(anonymous_3)
FN:83,(anonymous_4)
FN:97,(anonymous_5)
FN:119,(anonymous_6)
FN:152,(anonymous_7)
FN:184,(anonymous_8)
FN:202,(anonymous_9)
FN:230,(anonymous_10)
FN:243,(anonymous_11)
FNF:11
FNH:11
FNDA:8,(anonymous_1)
FNDA:4,(anonymous_2)
FNDA:5,(anonymous_3)
FNDA:3,(anonymous_4)
FNDA:6,(anonymous_5)
FNDA:10,(anonymous_6)
FNDA:11,(anonymous_7)
FNDA:3,(anonymous_8)
FNDA:11,(anonymous_9)
FNDA:3,(anonymous_10)
FNDA:2,(anonymous_11)
DA:8,7
DA:9,7
DA:17,7
DA:23,8
DA:24,8
DA:26,8
DA:28,7
DA:29,4
DA:32,3
DA:34,3
DA:46,4
DA:47,4
DA:48,4
DA:50,4
DA:52,3
DA:54,2
DA:66,5
DA:68,5
DA:70,3
DA:72,3
DA:84,3
DA:86,3
DA:98,6
DA:99,6
DA:101,6
DA:103,5
DA:104,3
DA:107,2
DA:109,2
DA:120,10
DA:121,10
DA:122,10
DA:124,10
DA:126,9
DA:127,2
DA:130,7
DA:132,7
DA:133,2
DA:136,5
DA:137,2
DA:140,3
DA:142,3
DA:153,11
DA:154,11
DA:156,11
DA:158,10
DA:159,4
DA:162,6
DA:163,9
DA:164,2
DA:166,7
DA:167,2
DA:171,2
DA:173,2
DA:185,3
DA:187,3
DA:189,2
DA:191,2
DA:203,11
DA:204,11
DA:205,11
DA:207,11
DA:209,10
DA:210,5
DA:213,5
DA:214,3
DA:217,2
DA:219,2
DA:231,3
DA:233,3
DA:244,2
DA:245,2
DA:247,1
DA:255,7
LF:74
LH:74
BRDA:26,0,0,1
BRDA:28,1,0,4
BRDA:28,2,0,7
BRDA:28,2,1,5
BRDA:28,2,2,4
BRDA:50,3,0,1
BRDA:68,4,0,2
BRDA:101,5,0,1
BRDA:103,6,0,3
BRDA:103,7,0,5
BRDA:103,7,1,3
BRDA:124,8,0,1
BRDA:126,9,0,2
BRDA:126,10,0,9
BRDA:126,10,1,8
BRDA:130,11,0,2
BRDA:130,11,1,5
BRDA:132,12,0,2
BRDA:136,13,0,2
BRDA:156,14,0,1
BRDA:158,15,0,4
BRDA:158,16,0,10
BRDA:158,16,1,9
BRDA:158,16,2,8
BRDA:163,17,0,2
BRDA:163,18,0,9
BRDA:163,18,1,8
BRDA:166,19,0,2
BRDA:166,20,0,7
BRDA:166,20,1,6
BRDA:187,21,0,1
BRDA:207,22,0,1
BRDA:209,23,0,5
BRDA:209,24,0,10
BRDA:209,24,1,8
BRDA:209,24,2,7
BRDA:209,24,3,6
BRDA:213,25,0,3
BRDA:213,26,0,5
BRDA:213,26,1,4
BRF:40
BRH:40
end_of_record
TN:
SF:src/controllers/reports.controller.ts
FN:51,(anonymous_1)
FN:104,(anonymous_2)
FN:155,(anonymous_3)
FN:205,(anonymous_4)
FN:255,(anonymous_5)
FN:305,(anonymous_6)
FNF:6
FNH:6
FNDA:13,(anonymous_1)
FNDA:6,(anonymous_2)
FNDA:5,(anonymous_3)
FNDA:5,(anonymous_4)
FNDA:5,(anonymous_5)
FNDA:5,(anonymous_6)
DA:9,7
DA:10,7
DA:11,7
DA:21,7
DA:30,7
DA:36,7
DA:52,13
DA:54,13
DA:56,13
DA:57,2
DA:62,2
DA:65,11
DA:68,11
DA:69,1
DA:73,1
DA:77,10
DA:79,9
DA:84,1
DA:85,1
DA:105,6
DA:107,6
DA:109,6
DA:110,1
DA:115,1
DA:118,5
DA:121,5
DA:122,1
DA:126,1
DA:130,4
DA:132,3
DA:137,1
DA:138,1
DA:156,5
DA:158,5
DA:160,5
DA:161,1
DA:166,1
DA:169,4
DA:171,4
DA:172,1
DA:176,1
DA:180,3
DA:183,2
DA:186,2
DA:187,2
DA:188,2
DA:189,2
DA:191,1
DA:192,1
DA:206,5
DA:208,5
DA:210,5
DA:211,1
DA:216,1
DA:219,4
DA:221,4
DA:222,1
DA:226,1
DA:230,3
DA:233,2
DA:236,2
DA:237,2
DA:238,2
DA:239,2
DA:241,1
DA:242,1
DA:256,5
DA:258,5
DA:260,5
DA:261,1
DA:266,1
DA:269,4
DA:271,4
DA:272,1
DA:276,1
DA:280,3
DA:283,2
DA:286,2
DA:287,2
DA:288,2
DA:289,2
DA:291,1
DA:292,1
DA:306,5
DA:308,5
DA:310,5
DA:311,1
DA:316,1
DA:319,4
DA:321,4
DA:322,1
DA:326,1
DA:330,3
DA:333,2
DA:336,2
DA:337,2
DA:338,2
DA:339,2
DA:341,1
DA:342,1
DA:351,7
LF:101
LH:101
BRDA:56,0,0,2
BRDA:68,1,0,1
BRDA:109,2,0,1
BRDA:121,3,0,1
BRDA:160,4,0,1
BRDA:171,5,0,1
BRDA:210,6,0,1
BRDA:221,7,0,1
BRDA:260,8,0,1
BRDA:271,9,0,1
BRDA:310,10,0,1
BRDA:321,11,0,1
BRF:12
BRH:12
end_of_record
TN:
SF:src/controllers/reservation.controller.ts
FN:29,(anonymous_1)
FN:79,(anonymous_2)
FN:103,(anonymous_3)
FN:119,(anonymous_4)
FN:175,(anonymous_5)
FN:197,(anonymous_6)
FN:218,(anonymous_7)
FN:252,(anonymous_8)
FN:288,(anonymous_9)
FN:316,(anonymous_10)
FN:335,(anonymous_11)
FNF:11
FNH:11
FNDA:32,(anonymous_1)
FNDA:12,(anonymous_2)
FNDA:4,(anonymous_3)
FNDA:12,(anonymous_4)
FNDA:2,(anonymous_5)
FNDA:3,(anonymous_6)
FNDA:18,(anonymous_7)
FNDA:17,(anonymous_8)
FNDA:9,(anonymous_9)
FNDA:7,(anonymous_10)
FNDA:5,(anonymous_11)
DA:9,8
DA:10,8
DA:11,8
DA:12,8
DA:13,8
DA:22,8
DA:24,8
DA:30,32
DA:31,32
DA:33,32
DA:35,30
DA:36,4
DA:39,26
DA:40,26
DA:42,26
DA:43,2
DA:46,24
DA:47,2
DA:50,22
DA:51,2
DA:54,20
DA:55,18
DA:56,2
DA:60,18
DA:61,1
DA:64,17
DA:66,9
DA:80,12
DA:90,12
DA:92,12
DA:104,4
DA:105,4
DA:107,3
DA:109,1
DA:120,12
DA:122,12
DA:123,2
DA:126,10
DA:127,10
DA:129,10
DA:130,1
DA:133,9
DA:134,1
DA:138,8
DA:175,8
DA:184,8
DA:198,3
DA:199,3
DA:201,3
DA:203,2
DA:205,2
DA:206,2
DA:210,2
DA:211,2
DA:219,18
DA:220,18
DA:221,18
DA:223,18
DA:226,17
DA:235,17
DA:236,9
DA:239,8
DA:241,4
DA:253,17
DA:254,17
DA:255,17
DA:257,17
DA:259,16
DA:260,2
DA:264,14
DA:265,6
DA:266,6
DA:267,2
DA:274,12
DA:276,7
DA:289,9
DA:290,9
DA:291,9
DA:293,9
DA:296,8
DA:297,8
DA:298,2
DA:304,6
DA:306,3
DA:317,7
DA:318,7
DA:319,7
DA:321,7
DA:323,6
DA:325,5
DA:336,5
DA:337,5
DA:338,5
DA:340,5
DA:342,4
DA:344,3
DA:351,8
LF:97
LH:97
BRDA:33,0,0,2
BRDA:35,1,0,4
BRDA:35,2,0,30
BRDA:35,2,1,27
BRDA:35,2,2,26
BRDA:39,3,0,26
BRDA:39,3,1,22
BRDA:40,4,0,26
BRDA:40,4,1,2
BRDA:40,4,2,2
BRDA:42,5,0,2
BRDA:42,6,0,26
BRDA:42,6,1,4
BRDA:46,7,0,2
BRDA:46,8,0,24
BRDA:46,8,1,22
BRDA:46,8,2,22
BRDA:50,9,0,2
BRDA:50,10,0,22
BRDA:50,10,1,2
BRDA:50,10,2,2
BRDA:54,11,0,18
BRDA:55,12,0,2
BRDA:55,13,0,18
BRDA:55,13,1,16
BRDA:60,14,0,1
BRDA:60,15,0,18
BRDA:60,15,1,2
BRDA:60,15,2,1
BRDA:69,16,0,1
BRDA:69,16,1,8
BRDA:87,17,0,1
BRDA:87,17,1,11
BRDA:87,18,0,1
BRDA:87,18,1,10
BRDA:107,19,0,2
BRDA:122,20,0,2
BRDA:122,21,0,12
BRDA:122,21,1,10
BRDA:122,21,2,10
BRDA:129,22,0,1
BRDA:129,23,0,10
BRDA:129,23,1,9
BRDA:133,24,0,1
BRDA:144,25,0,1
BRDA:144,25,1,7
BRDA:177,26,0,1
BRDA:177,26,1,1
BRDA:178,27,0,2
BRDA:178,27,1,1
BRDA:179,28,0,2
BRDA:179,28,1,1
BRDA:180,29,0,2
BRDA:180,29,1,1
BRDA:201,30,0,1
BRDA:223,31,0,1
BRDA:226,32,0,17
BRDA:226,32,1,16
BRDA:226,32,2,15
BRDA:226,32,3,11
BRDA:226,32,4,10
BRDA:226,32,5,9
BRDA:226,32,6,8
BRDA:226,32,7,7
BRDA:235,33,0,9
BRDA:235,34,0,17
BRDA:235,34,1,11
BRDA:235,34,2,4
BRDA:257,35,0,1
BRDA:259,36,0,2
BRDA:264,37,0,6
BRDA:266,38,0,2
BRDA:293,39,0,1
BRDA:297,40,0,2
BRDA:321,41,0,1
BRDA:340,42,0,1
BRF:76
BRH:76
end_of_record
TN:
SF:src/controllers/reservationMenu.controller.ts
FN:26,(anonymous_0)
FN:48,(anonymous_1)
FN:91,(anonymous_2)
FN:108,(anonymous_3)
FN:152,(anonymous_4)
FNF:5
FNH:5
FNDA:4,(anonymous_0)
FNDA:4,(anonymous_1)
FNDA:2,(anonymous_2)
FNDA:3,(anonymous_3)
FNDA:3,(anonymous_4)
DA:12,7
DA:13,7
DA:14,7
DA:15,7
DA:20,7
DA:37,4
DA:49,4
DA:52,4
DA:54,4
DA:64,4
DA:66,3
DA:67,3
DA:68,1
DA:71,2
DA:82,2
DA:84,2
DA:92,2
DA:94,2
DA:96,1
DA:109,3
DA:112,3
DA:114,3
DA:124,3
DA:127,2
DA:138,2
DA:140,2
DA:153,3
DA:155,3
DA:168,3
DA:170,2
DA:174,2
DA:175,2
DA:176,2
DA:179,2
DA:183,2
DA:193,2
DA:200,7
LF:37
LH:37
BRDA:64,0,0,1
BRDA:67,1,0,1
BRDA:77,2,0,2
BRDA:77,2,1,1
BRDA:78,3,0,2
BRDA:78,3,1,1
BRDA:124,4,0,1
BRDA:133,5,0,2
BRDA:133,5,1,1
BRDA:134,6,0,2
BRDA:134,6,1,1
BRDA:168,7,0,1
BRDA:180,8,0,2
BRDA:180,8,1,1
BRDA:181,9,0,2
BRDA:181,9,1,1
BRF:16
BRH:16
end_of_record
TN:
SF:src/controllers/roles.controller.ts
FN:9,(anonymous_1)
FN:14,(anonymous_2)
FN:19,(anonymous_3)
FN:41,(anonymous_4)
FN:49,(anonymous_5)
FN:67,(anonymous_6)
FNF:6
FNH:6
FNDA:1,(anonymous_1)
FNDA:1,(anonymous_2)
FNDA:5,(anonymous_3)
FNDA:2,(anonymous_4)
FNDA:3,(anonymous_5)
FNDA:2,(anonymous_6)
DA:5,7
DA:6,7
DA:8,7
DA:10,1
DA:11,1
DA:15,1
DA:16,1
DA:20,5
DA:21,5
DA:23,4
DA:25,4
DA:26,2
DA:29,2
DA:30,1
DA:33,1
DA:38,1
DA:42,2
DA:43,2
DA:45,1
DA:46,1
DA:50,3
DA:51,3
DA:53,2
DA:54,2
DA:55,1
DA:58,1
DA:64,1
DA:68,2
DA:69,2
DA:71,1
DA:72,1
DA:76,7
LF:32
LH:32
BRDA:21,0,0,1
BRDA:25,1,0,2
BRDA:25,2,0,4
BRDA:25,2,1,3
BRDA:25,2,2,3
BRDA:25,2,3,3
BRDA:29,3,0,1
BRDA:43,4,0,1
BRDA:51,5,0,1
BRDA:54,6,0,1
BRDA:54,7,0,2
BRDA:54,7,1,2
BRDA:69,8,0,1
BRF:13
BRH:13
end_of_record
TN:
SF:src/controllers/stats.controller.ts
FN:14,(anonymous_1)
FN:28,(anonymous_2)
FNF:2
FNH:2
FNDA:2,(anonymous_1)
FNDA:3,(anonymous_2)
DA:7,7
DA:9,7
DA:15,2
DA:17,2
DA:29,3
DA:30,3
DA:32,3
DA:40,7
LF:8
LH:8
BRDA:29,0,0,3
BRDA:29,0,1,2
BRF:2
BRH:2
end_of_record
TN:
SF:src/controllers/users.controller.ts
FN:9,(anonymous_1)
FN:25,(anonymous_2)
FN:30,(anonymous_3)
FN:53,(anonymous_4)
FN:61,(anonymous_5)
FN:72,(anonymous_6)
FN:80,(anonymous_7)
FNF:7
FNH:7
FNDA:4,(anonymous_1)
FNDA:1,(anonymous_2)
FNDA:8,(anonymous_3)
FNDA:4,(anonymous_4)
FNDA:6,(anonymous_5)
FNDA:5,(anonymous_6)
FNDA:4,(anonymous_7)
DA:5,8
DA:6,8
DA:8,8
DA:10,4
DA:22,4
DA:26,1
DA:27,1
DA:31,8
DA:32,8
DA:34,6
DA:36,6
DA:37,2
DA:40,4
DA:41,4
DA:42,2
DA:45,2
DA:50,2
DA:54,4
DA:55,4
DA:57,2
DA:58,2
DA:62,6
DA:63,6
DA:65,4
DA:66,4
DA:68,2
DA:69,2
DA:73,5
DA:74,5
DA:76,3
DA:77,3
DA:81,4
DA:82,4
DA:84,2
DA:85,2
DA:89,8
LF:36
LH:36
BRDA:11,0,0,2
BRDA:11,0,1,2
BRDA:12,1,0,2
BRDA:12,1,1,2
BRDA:15,2,0,2
BRDA:15,2,1,2
BRDA:32,3,0,2
BRDA:36,4,0,2
BRDA:36,5,0,6
BRDA:36,5,1,6
BRDA:36,5,2,4
BRDA:36,5,3,4
BRDA:36,5,4,4
BRDA:41,6,0,2
BRDA:55,7,0,2
BRDA:63,8,0,2
BRDA:66,9,0,2
BRDA:74,10,0,2
BRDA:77,11,0,1
BRDA:77,11,1,2
BRDA:82,12,0,2
BRF:21
BRH:21
end_of_record
TN:
SF:src/middlewares/asyncHandler.ts
FN:22,asyncHandler
FN:23,(anonymous_1)
FNF:2
FNH:2
FNDA:903,asyncHandler
FNDA:156,(anonymous_1)
DA:22,15
DA:23,903
DA:24,156
LF:3
LH:3
BRF:0
BRH:0
end_of_record
TN:
SF:src/middlewares/auth.ts
FN:33,generateToken
FN:42,verifyToken
FN:54,extractToken
FN:71,(anonymous_4)
FN:107,(anonymous_5)
FN:108,(anonymous_6)
FNF:6
FNH:6
FNDA:20,generateToken
FNDA:201,verifyToken
FNDA:217,extractToken
FNDA:217,(anonymous_4)
FNDA:11,(anonymous_5)
FNDA:11,(anonymous_6)
DA:2,10
DA:4,10
DA:5,10
DA:8,10
DA:9,10
DA:33,10
DA:34,20
DA:42,10
DA:43,201
DA:44,201
DA:46,18
DA:55,217
DA:56,217
DA:57,187
DA:60,30
DA:61,30
DA:62,3
DA:65,27
DA:71,10
DA:76,217
DA:77,217
DA:79,217
DA:80,27
DA:83,190
DA:85,180
DA:93,179
DA:95,38
DA:96,37
DA:98,1
DA:107,10
DA:108,11
DA:109,11
DA:110,3
DA:111,3
DA:114,8
DA:115,3
DA:116,3
DA:117,3
DA:120,5
LF:39
LH:39
BRDA:9,0,0,10
BRDA:9,0,1,10
BRDA:56,1,0,187
BRDA:56,2,0,217
BRDA:56,2,1,190
BRDA:61,3,0,3
BRDA:79,4,0,27
BRDA:95,5,0,37
BRDA:95,5,1,1
BRDA:109,6,0,3
BRDA:114,7,0,3
BRF:11
BRH:11
end_of_record
TN:
SF:src/middlewares/errorHandler.ts
FN:14,(anonymous_0)
FN:14,(anonymous_1)
FN:16,errorHandler
FNF:3
FNH:2
FNDA:97,(anonymous_0)
FNDA:0,(anonymous_1)
FNDA:98,errorHandler
DA:8,13
DA:9,13
DA:10,13
DA:11,13
DA:14,110
DA:16,13
DA:23,98
DA:24,47
DA:28,47
DA:32,51
DA:33,1
DA:38,1
DA:42,50
DA:43,8
DA:45,2
DA:46,2
DA:50,2
DA:53,1
DA:57,1
DA:60,1
DA:64,1
DA:67,4
DA:71,46
DA:72,3
DA:76,3
DA:80,43
DA:84,2
DA:88,2
DA:92,41
DA:97,1
DA:101,1
DA:105,40
DA:111,0
DA:115,0
DA:119,40
DA:120,10
DA:124,10
DA:128,30
DA:133,8
DA:137,8
DA:141,22
DA:143,22
LF:42
LH:40
BRDA:23,0,0,47
BRDA:32,1,0,1
BRDA:42,2,0,8
BRDA:43,3,0,2
BRDA:43,3,1,1
BRDA:43,3,2,1
BRDA:43,3,3,4
BRDA:45,4,0,2
BRDA:45,4,1,1
BRDA:71,5,0,3
BRDA:80,6,0,2
BRDA:80,7,0,43
BRDA:80,7,1,42
BRDA:80,7,2,40
BRDA:92,8,0,1
BRDA:92,9,0,41
BRDA:92,9,1,40
BRDA:92,9,2,39
BRDA:92,9,3,39
BRDA:105,10,0,0
BRDA:105,11,0,40
BRDA:105,11,1,39
BRDA:105,11,2,0
BRDA:105,11,3,0
BRDA:105,11,4,0
BRDA:105,11,5,0
BRDA:119,12,0,10
BRDA:119,13,0,40
BRDA:119,13,1,39
BRDA:128,14,0,8
BRDA:128,15,0,30
BRDA:128,15,1,29
BRDA:128,15,2,26
BRDA:128,15,3,23
BRDA:146,16,0,2
BRDA:146,16,1,20
BRDA:148,17,0,20
BRDA:148,17,1,1
BRF:38
BRH:33
end_of_record
TN:
SF:src/middlewares/permissions.ts
FN:36,loadUserPermissions
FN:74,(anonymous_2)
FN:92,getLegacyPermissions
FN:114,invalidatePermissionCache
FN:123,invalidateAllPermissionCaches
FN:135,(anonymous_6)
FN:136,(anonymous_7)
FN:149,(anonymous_8)
FN:179,(anonymous_9)
FN:180,(anonymous_10)
FN:193,(anonymous_11)
FN:223,(anonymous_12)
FN:224,(anonymous_13)
FNF:13
FNH:13
FNDA:24,loadUserPermissions
FNDA:21,(anonymous_2)
FNDA:3,getLegacyPermissions
FNDA:1,invalidatePermissionCache
FNDA:25,invalidateAllPermissionCaches
FNDA:110,(anonymous_6)
FNDA:8,(anonymous_7)
FNDA:7,(anonymous_8)
FNDA:5,(anonymous_9)
FNDA:5,(anonymous_10)
FNDA:3,(anonymous_11)
FNDA:4,(anonymous_12)
FNDA:4,(anonymous_13)
DA:15,7
DA:16,7
DA:17,7
DA:19,7
DA:29,7
DA:30,7
DA:36,7
DA:38,24
DA:39,24
DA:40,1
DA:44,23
DA:59,20
DA:62,3
DA:63,3
DA:69,3
DA:70,3
DA:73,17
DA:74,21
DA:77,17
DA:84,17
DA:85,17
DA:93,3
DA:95,1
DA:97,1
DA:106,1
DA:114,7
DA:115,1
DA:116,1
DA:123,7
DA:124,25
DA:125,25
DA:135,7
DA:136,110
DA:137,8
DA:138,8
DA:139,1
DA:142,7
DA:145,6
DA:146,1
DA:149,7
DA:151,5
DA:152,2
DA:156,2
DA:162,3
DA:163,3
DA:165,3
DA:167,1
DA:168,1
DA:179,7
DA:180,5
DA:181,5
DA:182,5
DA:183,1
DA:186,4
DA:189,3
DA:190,1
DA:193,3
DA:195,2
DA:196,1
DA:200,1
DA:205,1
DA:206,1
DA:208,1
DA:210,1
DA:211,1
DA:223,7
DA:224,4
DA:225,4
DA:226,4
DA:227,1
DA:228,1
DA:231,3
DA:232,2
DA:234,2
DA:235,4
DA:238,2
DA:239,2
DA:241,2
DA:243,1
DA:244,1
LF:80
LH:80
BRDA:39,0,0,1
BRDA:39,1,0,24
BRDA:39,1,1,1
BRDA:59,2,0,3
BRDA:59,3,0,20
BRDA:59,3,1,20
BRDA:65,4,0,3
BRDA:65,4,1,1
BRDA:66,5,0,3
BRDA:66,5,1,1
BRDA:93,6,0,1
BRDA:93,6,1,1
BRDA:93,6,2,1
BRDA:138,7,0,1
BRDA:145,8,0,1
BRDA:151,9,0,2
BRDA:182,10,0,1
BRDA:189,11,0,1
BRDA:195,12,0,1
BRDA:226,13,0,1
BRDA:235,14,0,4
BRDA:235,14,1,2
BRF:22
BRH:22
end_of_record
TN:
SF:src/middlewares/roles.ts
FN:12,(anonymous_0)
FN:13,(anonymous_1)
FNF:2
FNH:2
FNDA:24,(anonymous_0)
FNDA:140,(anonymous_1)
DA:12,8
DA:13,24
DA:15,140
DA:16,3
DA:20,3
DA:24,137
DA:25,22
DA:29,22
DA:32,115
DA:39,8
DA:44,8
LF:11
LH:11
BRDA:15,0,0,3
BRDA:24,1,0,22
BRF:2
BRH:2
end_of_record
TN:
SF:src/middlewares/upload.ts
FN:25,ensureDirectories
FN:49,(anonymous_2)
FN:52,(anonymous_3)
FN:62,(anonymous_4)
FNF:4
FNH:4
FNDA:21,ensureDirectories
FNDA:1,(anonymous_2)
FNDA:2,(anonymous_3)
FNDA:7,(anonymous_4)
DA:11,21
DA:12,21
DA:13,21
DA:15,21
DA:16,21
DA:17,21
DA:19,21
DA:20,21
DA:27,21
DA:28,2
DA:29,2
DA:33,21
DA:34,63
DA:35,63
DA:36,3
DA:37,3
DA:42,21
DA:48,21
DA:50,1
DA:53,2
DA:54,2
DA:55,2
DA:62,21
DA:63,7
DA:64,4
DA:66,3
DA:73,21
DA:85,21
LF:28
LH:28
BRDA:27,0,0,2
BRDA:35,1,0,3
BRDA:63,2,0,4
BRDA:63,2,1,3
BRF:4
BRH:4
end_of_record
TN:
SF:src/middlewares/validateUUID.ts
FN:16,validateUUID
FN:17,(anonymous_1)
FNF:2
FNH:2
FNDA:486,validateUUID
FNDA:91,(anonymous_1)
DA:14,7
DA:16,7
DA:17,486
DA:18,91
DA:19,93
DA:20,93
DA:21,23
DA:25,23
DA:28,68
LF:9
LH:9
BRDA:20,0,0,23
BRDA:20,1,0,93
BRDA:20,1,1,92
BRF:3
BRH:3
end_of_record
TN:
SF:src/services/addonGroup.service.ts
FN:42,(anonymous_0)
FN:59,(anonymous_1)
FN:68,(anonymous_2)
FN:85,(anonymous_3)
FN:96,(anonymous_4)
FN:104,(anonymous_5)
FN:111,(anonymous_6)
FN:127,(anonymous_7)
FNF:8
FNH:8
FNDA:2,(anonymous_0)
FNDA:2,(anonymous_1)
FNDA:1,(anonymous_2)
FNDA:2,(anonymous_3)
FNDA:1,(anonymous_4)
FNDA:4,(anonymous_5)
FNDA:5,(anonymous_6)
FNDA:4,(anonymous_7)
DA:6,8
DA:43,2
DA:44,2
DA:45,2
DA:46,1
DA:52,2
DA:60,2
DA:64,2
DA:65,1
DA:69,1
DA:86,2
DA:87,2
DA:89,1
DA:97,1
DA:100,1
DA:101,1
DA:105,4
DA:106,4
DA:108,3
DA:110,3
DA:112,5
DA:124,3
DA:128,4
DA:129,4
DA:130,2
DA:131,2
DA:135,8
LF:27
LH:27
BRDA:44,0,0,1
BRDA:45,1,0,1
BRDA:64,2,0,1
BRDA:72,3,0,1
BRDA:72,3,1,1
BRDA:73,4,0,1
BRDA:73,4,1,1
BRDA:74,5,0,1
BRDA:74,5,1,1
BRDA:76,6,0,1
BRDA:76,6,1,1
BRDA:77,7,0,1
BRDA:77,7,1,1
BRDA:78,8,0,1
BRDA:78,8,1,1
BRDA:79,9,0,1
BRDA:79,9,1,1
BRDA:87,10,0,1
BRDA:106,11,0,1
BRDA:116,12,0,5
BRDA:116,12,1,4
BRDA:117,13,0,5
BRDA:117,13,1,3
BRDA:129,14,0,2
BRF:24
BRH:24
end_of_record
TN:
SF:src/services/attachment.service.ts
FN:27,(anonymous_1)
FN:50,(anonymous_2)
FN:86,(anonymous_3)
FN:184,(anonymous_4)
FN:216,(anonymous_5)
FN:253,(anonymous_6)
FN:264,(anonymous_7)
FN:284,(anonymous_8)
FN:300,(anonymous_9)
FN:358,(anonymous_10)
FN:389,(anonymous_11)
FN:434,(anonymous_12)
FN:445,(anonymous_13)
FN:454,(anonymous_14)
FN:469,(anonymous_15)
FN:481,(anonymous_16)
FN:483,(anonymous_17)
FN:492,(anonymous_18)
FN:504,(anonymous_19)
FN:506,(anonymous_20)
FN:515,(anonymous_21)
FNF:21
FNH:21
FNDA:17,(anonymous_1)
FNDA:14,(anonymous_2)
FNDA:30,(anonymous_3)
FNDA:14,(anonymous_4)
FNDA:7,(anonymous_5)
FNDA:2,(anonymous_6)
FNDA:24,(anonymous_7)
FNDA:4,(anonymous_8)
FNDA:9,(anonymous_9)
FNDA:4,(anonymous_10)
FNDA:5,(anonymous_11)
FNDA:3,(anonymous_12)
FNDA:4,(anonymous_13)
FNDA:5,(anonymous_14)
FNDA:5,(anonymous_15)
FNDA:3,(anonymous_16)
FNDA:8,(anonymous_17)
FNDA:4,(anonymous_18)
FNDA:2,(anonymous_19)
FNDA:5,(anonymous_20)
FNDA:26,(anonymous_21)
DA:12,8
DA:13,8
DA:14,8
DA:16,8
DA:17,8
DA:18,8
DA:19,8
DA:20,8
DA:28,17
DA:29,17
DA:32,17
DA:33,2
DA:36,17
DA:39,17
DA:41,17
DA:43,17
DA:51,14
DA:52,14
DA:53,11
DA:57,10
DA:60,3
DA:61,3
DA:69,3
DA:72,0
DA:74,1
DA:75,1
DA:92,30
DA:93,2
DA:97,28
DA:98,2
DA:102,26
DA:107,22
DA:108,22
DA:110,22
DA:111,9
DA:113,9
DA:114,5
DA:120,4
DA:124,4
DA:125,4
DA:129,17
DA:131,17
DA:152,17
DA:159,17
DA:178,17
DA:185,14
DA:190,14
DA:191,11
DA:194,14
DA:195,2
DA:198,14
DA:222,7
DA:229,7
DA:230,2
DA:234,5
DA:235,5
DA:237,3
DA:253,3
DA:258,3
DA:265,24
DA:274,24
DA:275,3
DA:278,21
DA:285,4
DA:287,4
DA:289,4
DA:290,2
DA:291,2
DA:294,2
DA:301,9
DA:304,8
DA:305,2
DA:309,6
DA:310,6
DA:311,3
DA:313,6
DA:314,2
DA:316,6
DA:317,1
DA:320,6
DA:334,6
DA:337,6
DA:338,5
DA:352,6
DA:359,4
DA:361,3
DA:366,3
DA:369,3
DA:382,3
DA:390,5
DA:393,5
DA:403,5
DA:404,5
DA:405,2
DA:406,2
DA:410,5
DA:412,5
DA:415,5
DA:435,3
DA:445,3
DA:446,4
DA:447,4
DA:455,5
DA:463,5
DA:470,5
DA:481,5
DA:483,5
DA:484,8
DA:485,8
DA:493,4
DA:504,4
DA:506,4
DA:507,5
DA:508,5
DA:516,26
DA:518,26
DA:520,12
DA:521,12
DA:523,9
DA:524,9
DA:526,5
DA:527,5
DA:529,0
DA:532,26
DA:533,4
DA:538,8
LF:126
LH:124
BRDA:28,0,0,17
BRDA:28,0,1,0
BRDA:32,1,0,2
BRDA:52,2,0,11
BRDA:57,3,0,10
BRDA:57,3,1,5
BRDA:60,4,0,3
BRDA:69,5,0,3
BRDA:69,5,1,1
BRDA:92,6,0,2
BRDA:97,7,0,2
BRDA:110,8,0,9
BRDA:110,9,0,22
BRDA:110,9,1,14
BRDA:113,10,0,5
BRDA:136,11,0,17
BRDA:136,11,1,16
BRDA:137,12,0,17
BRDA:137,12,1,16
BRDA:155,13,0,4
BRDA:155,13,1,13
BRDA:171,14,0,17
BRDA:171,14,1,16
BRDA:172,15,0,4
BRDA:172,15,1,13
BRDA:190,16,0,11
BRDA:194,17,0,2
BRDA:219,18,0,6
BRDA:229,19,0,2
BRDA:235,20,0,2
BRDA:242,21,0,1
BRDA:242,21,1,2
BRDA:274,22,0,3
BRDA:289,23,0,2
BRDA:304,24,0,2
BRDA:304,25,0,8
BRDA:304,25,1,3
BRDA:310,26,0,3
BRDA:310,27,0,6
BRDA:310,27,1,4
BRDA:313,28,0,2
BRDA:313,29,0,6
BRDA:313,29,1,2
BRDA:316,30,0,1
BRDA:316,31,0,6
BRDA:316,31,1,1
BRDA:323,32,0,4
BRDA:323,32,1,2
BRDA:324,33,0,2
BRDA:324,33,1,4
BRDA:325,34,0,1
BRDA:325,34,1,5
BRDA:337,35,0,5
BRDA:339,36,0,5
BRDA:339,36,1,2
BRDA:370,37,0,3
BRDA:370,37,1,2
BRDA:404,38,0,2
BRDA:416,39,0,5
BRDA:416,39,1,4
BRDA:518,40,0,12
BRDA:518,40,1,9
BRDA:518,40,2,5
BRDA:518,40,3,0
BRDA:532,41,0,4
BRF:65
BRH:63
end_of_record
TN:
SF:src/services/audit-log.service.ts
FN:31,(anonymous_0)
FN:110,(anonymous_1)
FN:133,(anonymous_2)
FN:153,(anonymous_3)
FN:161,(anonymous_4)
FN:162,(anonymous_5)
FN:169,(anonymous_6)
FN:175,(anonymous_7)
FN:181,(anonymous_8)
FN:221,(anonymous_9)
FN:221,(anonymous_10)
FN:227,(anonymous_11)
FN:231,(anonymous_12)
FN:235,(anonymous_13)
FN:239,(anonymous_14)
FNF:15
FNH:15
FNDA:17,(anonymous_0)
FNDA:2,(anonymous_1)
FNDA:3,(anonymous_2)
FNDA:3,(anonymous_3)
FNDA:5,(anonymous_4)
FNDA:5,(anonymous_5)
FNDA:2,(anonymous_6)
FNDA:4,(anonymous_7)
FNDA:8,(anonymous_8)
FNDA:2,(anonymous_9)
FNDA:2,(anonymous_10)
FNDA:1,(anonymous_11)
FNDA:1,(anonymous_12)
FNDA:1,(anonymous_13)
FNDA:2,(anonymous_14)
DA:6,8
DA:41,17
DA:44,17
DA:46,17
DA:47,2
DA:50,17
DA:51,2
DA:54,17
DA:55,2
DA:58,17
DA:59,2
DA:63,17
DA:64,4
DA:65,4
DA:66,3
DA:68,4
DA:69,3
DA:70,3
DA:71,3
DA:76,17
DA:79,17
DA:96,17
DA:98,17
DA:111,2
DA:134,3
DA:154,3
DA:160,3
DA:161,5
DA:162,5
DA:170,2
DA:175,4
DA:182,8
DA:184,8
DA:185,3
DA:186,3
DA:187,3
DA:188,2
DA:189,2
DA:190,2
DA:195,8
DA:198,8
DA:205,8
DA:212,8
DA:221,8
DA:222,8
DA:227,8
DA:229,8
DA:231,1
DA:235,1
DA:239,2
DA:248,8
LF:51
LH:51
BRDA:39,0,0,14
BRDA:40,1,0,13
BRDA:46,2,0,2
BRDA:46,3,0,17
BRDA:46,3,1,4
BRDA:50,4,0,2
BRDA:50,5,0,17
BRDA:50,5,1,4
BRDA:54,6,0,2
BRDA:58,7,0,2
BRDA:63,8,0,4
BRDA:63,9,0,17
BRDA:63,9,1,14
BRDA:65,10,0,3
BRDA:68,11,0,3
BRDA:133,12,0,1
BRDA:184,13,0,3
BRDA:184,14,0,8
BRDA:184,14,1,6
BRDA:186,15,0,2
BRDA:187,16,0,2
BRDA:232,17,0,1
BRDA:232,17,1,1
BRDA:241,18,0,1
BRDA:241,18,1,1
BRF:25
BRH:25
end_of_record
TN:
SF:src/services/auth.service.ts
FN:8,(anonymous_1)
FN:37,(anonymous_2)
FN:52,(anonymous_3)
FN:77,(anonymous_4)
FN:147,(anonymous_5)
FN:166,(anonymous_6)
FNF:6
FNH:6
FNDA:14,(anonymous_1)
FNDA:3,(anonymous_2)
FNDA:1,(anonymous_3)
FNDA:10,(anonymous_4)
FNDA:6,(anonymous_5)
FNDA:2,(anonymous_6)
DA:1,7
DA:2,7
DA:3,7
DA:4,7
DA:5,7
DA:7,7
DA:9,14
DA:22,14
DA:23,2
DA:26,12
DA:27,12
DA:28,2
DA:31,10
DA:32,2
DA:36,8
DA:37,3
DA:40,8
DA:49,8
DA:54,8
DA:56,8
DA:84,10
DA:88,10
DA:89,2
DA:92,8
DA:94,8
DA:97,8
DA:98,8
DA:99,7
DA:100,7
DA:103,8
DA:117,8
DA:125,8
DA:127,8
DA:148,6
DA:161,6
DA:162,1
DA:165,5
DA:166,2
DA:169,5
LF:39
LH:39
BRDA:22,0,0,2
BRDA:27,1,0,2
BRDA:31,2,0,2
BRDA:36,3,0,3
BRDA:36,3,1,5
BRDA:43,4,0,8
BRDA:43,4,1,3
BRDA:44,5,0,8
BRDA:44,5,1,5
BRDA:45,6,0,8
BRDA:45,6,1,5
BRDA:63,7,0,8
BRDA:63,7,1,3
BRDA:64,8,0,3
BRDA:64,8,1,5
BRDA:88,9,0,2
BRDA:98,10,0,7
BRDA:110,11,0,8
BRDA:110,11,1,3
BRDA:121,12,0,8
BRDA:121,12,1,4
BRDA:122,13,0,8
BRDA:122,13,1,4
BRDA:134,14,0,8
BRDA:134,14,1,2
BRDA:135,15,0,4
BRDA:135,15,1,4
BRDA:161,16,0,1
BRDA:165,17,0,2
BRDA:165,17,1,3
BRDA:174,18,0,5
BRDA:174,18,1,2
BRDA:177,19,0,2
BRDA:177,19,1,3
BRF:34
BRH:34
end_of_record
TN:
SF:src/services/client.service.ts
FN:11,(anonymous_0)
FN:67,(anonymous_1)
FN:87,(anonymous_2)
FN:118,(anonymous_3)
FN:182,(anonymous_4)
FN:217,(anonymous_5)
FNF:6
FNH:6
FNDA:8,(anonymous_0)
FNDA:6,(anonymous_1)
FNDA:4,(anonymous_2)
FNDA:19,(anonymous_3)
FNDA:4,(anonymous_4)
FNDA:5,(anonymous_5)
DA:6,8
DA:8,8
DA:10,8
DA:12,8
DA:13,1
DA:16,7
DA:17,1
DA:20,6
DA:21,6
DA:22,1
DA:25,5
DA:33,5
DA:34,1
DA:37,4
DA:48,4
DA:64,4
DA:68,6
DA:70,6
DA:71,1
DA:79,6
DA:84,6
DA:88,4
DA:111,4
DA:112,2
DA:115,2
DA:119,19
DA:121,19
DA:122,1
DA:125,18
DA:126,1
DA:129,17
DA:130,7
DA:131,7
DA:132,1
DA:135,6
DA:136,6
DA:138,6
DA:147,6
DA:148,1
DA:152,15
DA:153,15
DA:154,15
DA:155,15
DA:156,15
DA:157,15
DA:159,15
DA:165,15
DA:166,15
DA:167,3
DA:179,15
DA:183,4
DA:185,4
DA:186,1
DA:189,3
DA:193,3
DA:194,1
DA:197,2
DA:200,2
DA:218,5
DA:219,5
DA:223,8
LF:61
LH:61
BRDA:12,0,0,1
BRDA:12,1,0,8
BRDA:12,1,1,4
BRDA:16,2,0,1
BRDA:21,3,0,1
BRDA:33,4,0,1
BRDA:41,5,0,4
BRDA:41,5,1,1
BRDA:43,6,0,4
BRDA:43,6,1,2
BRDA:70,7,0,1
BRDA:111,8,0,2
BRDA:121,9,0,1
BRDA:125,10,0,1
BRDA:125,11,0,18
BRDA:125,11,1,1
BRDA:129,12,0,7
BRDA:131,13,0,1
BRDA:135,14,0,6
BRDA:135,14,1,4
BRDA:136,15,0,6
BRDA:136,15,1,4
BRDA:147,16,0,1
BRDA:153,17,0,6
BRDA:154,18,0,3
BRDA:155,19,0,1
BRDA:155,20,0,1
BRDA:155,20,1,1
BRDA:156,21,0,6
BRDA:156,22,0,6
BRDA:156,22,1,1
BRDA:157,23,0,2
BRDA:157,24,0,2
BRDA:157,24,1,1
BRDA:166,25,0,3
BRDA:185,26,0,1
BRDA:193,27,0,1
BRF:37
BRH:37
end_of_record
TN:
SF:src/services/company-settings.service.ts
FN:10,(anonymous_1)
FN:26,(anonymous_2)
FNF:2
FNH:2
FNDA:2,(anonymous_1)
FNDA:2,(anonymous_2)
DA:4,7
DA:5,7
DA:6,7
DA:7,7
DA:11,2
DA:13,2
DA:14,1
DA:23,1
DA:42,2
DA:44,2
DA:45,1
DA:48,1
DA:53,1
DA:61,1
DA:63,1
DA:67,7
LF:16
LH:16
BRDA:13,0,0,1
BRDA:44,1,0,1
BRF:2
BRH:2
end_of_record
TN:
SF:src/services/deposit-reminder.service.ts
FN:26,(anonymous_1)
FN:61,(anonymous_2)
FN:117,(anonymous_3)
FN:179,getTodayStr
FN:183,getDatePlusDays
FN:189,daysBetween
FN:196,formatDatePL
FNF:7
FNH:7
FNDA:5,(anonymous_1)
FNDA:17,(anonymous_2)
FNDA:12,(anonymous_3)
FNDA:12,getTodayStr
FNDA:17,getDatePlusDays
FNDA:10,daysBetween
FNDA:34,formatDatePL
DA:12,8
DA:13,8
DA:14,8
DA:17,8
DA:18,8
DA:19,8
DA:21,8
DA:31,5
DA:32,5
DA:33,5
DA:36,5
DA:37,15
DA:38,15
DA:39,9
DA:41,6
DA:42,6
DA:47,5
DA:48,5
DA:49,3
DA:51,2
DA:52,2
DA:55,5
DA:62,17
DA:65,17
DA:81,14
DA:83,14
DA:84,13
DA:85,13
DA:86,3
DA:87,3
DA:90,10
DA:103,10
DA:104,10
DA:107,14
DA:108,9
DA:111,14
DA:118,12
DA:121,12
DA:138,11
DA:140,11
DA:141,11
DA:142,11
DA:144,10
DA:147,10
DA:148,2
DA:151,8
DA:163,8
DA:164,8
DA:167,11
DA:168,7
DA:171,11
DA:180,12
DA:184,17
DA:185,17
DA:186,17
DA:190,10
DA:191,10
DA:192,10
DA:193,10
DA:197,34
DA:198,34
DA:199,34
DA:205,0
DA:209,8
LF:64
LH:63
BRDA:85,0,0,3
BRDA:95,1,0,9
BRDA:95,1,1,1
BRDA:98,2,0,10
BRDA:98,2,1,1
BRDA:99,3,0,10
BRDA:99,3,1,1
BRDA:100,4,0,10
BRDA:100,4,1,1
BRDA:104,5,0,9
BRDA:107,6,0,9
BRDA:142,7,0,1
BRDA:147,8,0,2
BRDA:147,9,0,10
BRDA:147,9,1,4
BRDA:156,10,0,7
BRDA:156,10,1,1
BRDA:159,11,0,8
BRDA:159,11,1,1
BRDA:160,12,0,8
BRDA:160,12,1,1
BRDA:164,13,0,7
BRDA:167,14,0,7
BRF:23
BRH:23
end_of_record
TN:
SF:src/services/deposit.service.ts
FN:65,(anonymous_1)
FN:76,(anonymous_2)
FN:77,(anonymous_3)
FN:125,(anonymous_4)
FN:134,(anonymous_5)
FN:145,(anonymous_6)
FN:146,(anonymous_7)
FN:148,(anonymous_8)
FN:149,(anonymous_9)
FN:157,(anonymous_10)
FN:168,(anonymous_11)
FN:226,(anonymous_12)
FN:244,(anonymous_13)
FN:245,(anonymous_14)
FN:296,(anonymous_15)
FN:321,(anonymous_16)
FN:367,(anonymous_17)
FN:379,(anonymous_18)
FN:385,(anonymous_19)
FN:419,(anonymous_20)
FN:435,(anonymous_21)
FN:441,(anonymous_22)
FN:446,(anonymous_23)
FN:504,(anonymous_24)
FN:540,(anonymous_25)
FN:572,(anonymous_26)
FN:613,(anonymous_27)
FN:628,(anonymous_28)
FN:644,getDatePlusDays
FNF:29
FNH:29
FNDA:11,(anonymous_1)
FNDA:5,(anonymous_2)
FNDA:4,(anonymous_3)
FNDA:9,(anonymous_4)
FNDA:8,(anonymous_5)
FNDA:8,(anonymous_6)
FNDA:5,(anonymous_7)
FNDA:8,(anonymous_8)
FNDA:2,(anonymous_9)
FNDA:8,(anonymous_10)
FNDA:25,(anonymous_11)
FNDA:21,(anonymous_12)
FNDA:9,(anonymous_13)
FNDA:3,(anonymous_14)
FNDA:8,(anonymous_15)
FNDA:15,(anonymous_16)
FNDA:29,(anonymous_17)
FNDA:20,(anonymous_18)
FNDA:16,(anonymous_19)
FNDA:10,(anonymous_20)
FNDA:11,(anonymous_21)
FNDA:3,(anonymous_22)
FNDA:13,(anonymous_23)
FNDA:14,(anonymous_24)
FNDA:10,(anonymous_25)
FNDA:5,(anonymous_26)
FNDA:3,(anonymous_27)
FNDA:5,(anonymous_28)
FNDA:5,getDatePlusDays
DA:8,11
DA:9,11
DA:11,11
DA:12,11
DA:13,11
DA:14,11
DA:54,11
DA:64,11
DA:66,11
DA:68,11
DA:73,11
DA:75,9
DA:76,5
DA:77,4
DA:79,9
DA:81,9
DA:82,3
DA:88,6
DA:90,3
DA:92,3
DA:103,3
DA:105,3
DA:111,3
DA:122,3
DA:126,9
DA:130,9
DA:131,6
DA:135,8
DA:136,8
DA:138,5
DA:144,5
DA:145,8
DA:146,5
DA:147,5
DA:148,8
DA:149,2
DA:150,5
DA:151,5
DA:153,5
DA:157,8
DA:172,25
DA:174,25
DA:176,25
DA:177,25
DA:178,25
DA:180,25
DA:181,3
DA:182,3
DA:183,3
DA:186,25
DA:187,5
DA:188,5
DA:189,5
DA:190,5
DA:193,25
DA:194,3
DA:205,25
DA:207,25
DA:216,25
DA:227,21
DA:228,21
DA:230,19
DA:231,3
DA:234,16
DA:235,12
DA:237,9
DA:242,9
DA:243,9
DA:244,9
DA:245,3
DA:247,9
DA:249,9
DA:250,3
DA:257,10
DA:258,3
DA:259,3
DA:263,7
DA:264,3
DA:268,4
DA:269,3
DA:270,3
DA:276,10
DA:282,10
DA:293,10
DA:297,8
DA:298,8
DA:300,5
DA:301,2
DA:304,3
DA:307,3
DA:318,3
DA:322,15
DA:323,15
DA:325,13
DA:327,10
DA:328,10
DA:329,10
DA:330,10
DA:331,10
DA:333,10
DA:338,10
DA:344,10
DA:356,10
DA:357,7
DA:360,10
DA:368,29
DA:369,29
DA:374,26
DA:376,20
DA:378,13
DA:379,20
DA:383,13
DA:385,16
DA:387,9
DA:388,6
DA:394,6
DA:406,6
DA:411,6
DA:419,10
DA:423,6
DA:427,3
DA:436,11
DA:440,11
DA:441,11
DA:443,11
DA:447,13
DA:452,13
DA:453,11
DA:455,8
DA:456,8
DA:458,8
DA:460,5
DA:483,5
DA:499,5
DA:501,5
DA:505,14
DA:506,14
DA:508,10
DA:509,4
DA:512,6
DA:514,6
DA:519,6
DA:525,6
DA:537,6
DA:541,10
DA:542,10
DA:544,8
DA:545,3
DA:548,5
DA:553,5
DA:559,5
DA:569,5
DA:573,5
DA:575,5
DA:590,5
DA:591,5
DA:592,5
DA:594,5
DA:614,3
DA:616,3
DA:625,3
DA:629,5
DA:631,5
DA:640,5
DA:645,5
DA:646,5
DA:647,5
DA:650,11
LF:168
LH:168
BRDA:73,0,0,2
BRDA:81,1,0,3
BRDA:88,2,0,3
BRDA:130,3,0,3
BRDA:136,4,0,3
BRDA:163,5,0,3
BRDA:163,5,1,2
BRDA:171,6,0,19
BRDA:171,7,0,19
BRDA:171,8,0,22
BRDA:171,9,0,22
BRDA:176,10,0,1
BRDA:177,11,0,3
BRDA:178,12,0,2
BRDA:180,13,0,3
BRDA:186,14,0,5
BRDA:186,15,0,25
BRDA:186,15,1,21
BRDA:188,16,0,4
BRDA:189,17,0,3
BRDA:193,18,0,3
BRDA:228,19,0,2
BRDA:230,20,0,3
BRDA:234,21,0,12
BRDA:235,22,0,3
BRDA:242,23,0,9
BRDA:244,24,0,9
BRDA:244,24,1,3
BRDA:249,25,0,3
BRDA:257,26,0,3
BRDA:257,26,1,7
BRDA:257,27,0,10
BRDA:257,27,1,6
BRDA:263,28,0,3
BRDA:263,28,1,4
BRDA:268,29,0,3
BRDA:298,30,0,3
BRDA:300,31,0,2
BRDA:323,32,0,2
BRDA:325,33,0,3
BRDA:327,34,0,10
BRDA:327,34,1,7
BRDA:330,35,0,7
BRDA:330,35,1,3
BRDA:356,36,0,7
BRDA:374,37,0,6
BRDA:376,38,0,7
BRDA:383,39,0,4
BRDA:387,40,0,6
BRDA:406,41,0,4
BRDA:406,41,1,2
BRDA:452,42,0,2
BRDA:453,43,0,3
BRDA:458,44,0,3
BRDA:463,45,0,3
BRDA:463,45,1,2
BRDA:464,46,0,5
BRDA:464,46,1,2
BRDA:468,47,0,5
BRDA:468,47,1,0
BRDA:473,48,0,5
BRDA:473,48,1,1
BRDA:474,49,0,5
BRDA:474,49,1,1
BRDA:475,50,0,5
BRDA:475,50,1,1
BRDA:488,51,0,3
BRDA:488,51,1,2
BRDA:491,52,0,5
BRDA:491,52,1,2
BRDA:492,53,0,5
BRDA:492,53,1,1
BRDA:493,54,0,5
BRDA:493,54,1,3
BRDA:494,55,0,5
BRDA:494,55,1,3
BRDA:506,56,0,4
BRDA:508,57,0,4
BRDA:508,58,0,10
BRDA:508,58,1,5
BRDA:542,59,0,2
BRDA:544,60,0,3
BRDA:590,61,0,5
BRDA:590,61,1,1
BRDA:591,62,0,5
BRDA:591,62,1,3
BRDA:592,63,0,5
BRDA:592,63,1,3
BRDA:596,64,0,5
BRDA:596,64,1,3
BRDA:597,65,0,5
BRDA:597,65,1,3
BRDA:598,66,0,5
BRDA:598,66,1,4
BRDA:599,67,0,5
BRDA:599,67,1,4
BRDA:600,68,0,5
BRDA:600,68,1,4
BRDA:601,69,0,5
BRDA:601,69,1,4
BRDA:602,70,0,5
BRDA:602,70,1,4
BRDA:608,71,0,5
BRDA:608,71,1,3
BRDA:640,72,0,5
BRDA:640,72,1,2
BRF:106
BRH:105
end_of_record
TN:
SF:src/services/discount.service.ts
FN:23,(anonymous_0)
FN:130,(anonymous_1)
FNF:2
FNH:2
FNDA:28,(anonymous_0)
FNDA:10,(anonymous_1)
DA:8,8
DA:9,8
DA:10,8
DA:12,8
DA:19,8
DA:28,28
DA:29,28
DA:31,26
DA:36,26
DA:37,24
DA:38,2
DA:41,22
DA:42,1
DA:44,21
DA:45,3
DA:47,18
DA:48,3
DA:52,15
DA:57,15
DA:58,7
DA:59,5
DA:61,8
DA:62,8
DA:63,2
DA:67,11
DA:69,11
DA:83,11
DA:87,11
DA:100,11
DA:103,11
DA:124,11
DA:131,10
DA:132,10
DA:134,9
DA:139,9
DA:140,8
DA:141,2
DA:144,6
DA:147,6
DA:154,6
DA:168,6
DA:181,6
DA:184,6
DA:196,6
DA:200,8
LF:45
LH:45
BRDA:29,0,0,2
BRDA:36,1,0,2
BRDA:37,2,0,2
BRDA:41,3,0,1
BRDA:44,4,0,3
BRDA:44,5,0,21
BRDA:44,5,1,19
BRDA:47,6,0,3
BRDA:47,7,0,18
BRDA:47,7,1,17
BRDA:52,8,0,1
BRDA:52,8,1,14
BRDA:57,9,0,7
BRDA:57,9,1,8
BRDA:58,10,0,2
BRDA:62,11,0,2
BRDA:83,12,0,2
BRDA:83,12,1,9
BRDA:94,13,0,5
BRDA:94,13,1,6
BRDA:100,14,0,10
BRDA:100,14,1,1
BRDA:109,15,0,2
BRDA:109,15,1,9
BRDA:109,16,0,5
BRDA:109,16,1,6
BRDA:114,17,0,2
BRDA:114,17,1,9
BRDA:132,18,0,1
BRDA:139,19,0,1
BRDA:140,20,0,2
BRDA:144,21,0,6
BRDA:144,21,1,1
BRDA:181,22,0,5
BRDA:181,22,1,1
BRDA:190,23,0,4
BRDA:190,23,1,2
BRF:37
BRH:37
end_of_record
TN:
SF:src/services/dish.service.ts
FN:29,(anonymous_0)
FN:48,(anonymous_1)
FN:55,(anonymous_2)
FN:62,(anonymous_3)
FN:70,(anonymous_4)
FN:108,(anonymous_5)
FN:148,(anonymous_6)
FN:174,(anonymous_7)
FNF:8
FNH:8
FNDA:8,(anonymous_0)
FNDA:21,(anonymous_1)
FNDA:1,(anonymous_2)
FNDA:1,(anonymous_3)
FNDA:9,(anonymous_4)
FNDA:10,(anonymous_5)
FNDA:6,(anonymous_6)
FNDA:3,(anonymous_7)
DA:7,8
DA:8,8
DA:30,8
DA:32,8
DA:33,8
DA:34,8
DA:35,3
DA:41,8
DA:49,21
DA:56,1
DA:63,1
DA:71,9
DA:72,9
DA:74,7
DA:75,7
DA:77,5
DA:89,5
DA:105,5
DA:109,10
DA:110,10
DA:112,8
DA:113,4
DA:116,4
DA:119,7
DA:120,2
DA:121,2
DA:124,6
DA:131,6
DA:132,6
DA:133,3
DA:145,6
DA:149,6
DA:150,6
DA:152,5
DA:159,5
DA:171,5
DA:175,3
DA:176,3
DA:178,2
DA:181,2
DA:197,8
DA:198,8
DA:199,8
LF:43
LH:43
BRDA:32,0,0,4
BRDA:33,1,0,3
BRDA:34,2,0,3
BRDA:72,3,0,2
BRDA:75,4,0,2
BRDA:82,5,0,5
BRDA:82,5,1,4
BRDA:83,6,0,5
BRDA:83,6,1,4
BRDA:110,7,0,2
BRDA:112,8,0,4
BRDA:116,9,0,1
BRDA:119,10,0,2
BRDA:121,11,0,1
BRDA:132,12,0,3
BRDA:150,13,0,1
BRDA:165,14,0,3
BRDA:165,14,1,2
BRDA:176,15,0,1
BRF:19
BRH:19
end_of_record
TN:
SF:src/services/email.service.ts
FN:60,(anonymous_1)
FN:64,(anonymous_2)
FN:83,(anonymous_3)
FN:98,(anonymous_4)
FN:106,(anonymous_5)
FN:128,(anonymous_6)
FN:140,(anonymous_7)
FN:182,(anonymous_8)
FN:221,(anonymous_9)
FN:284,(anonymous_10)
FN:306,buildHtmlTemplate
FNF:11
FNH:11
FNDA:15,(anonymous_1)
FNDA:15,(anonymous_2)
FNDA:15,(anonymous_3)
FNDA:12,(anonymous_4)
FNDA:1,(anonymous_5)
FNDA:2,(anonymous_6)
FNDA:1,(anonymous_7)
FNDA:1,(anonymous_8)
FNDA:4,(anonymous_9)
FNDA:3,(anonymous_10)
FNDA:6,buildHtmlTemplate
DA:16,21
DA:17,21
DA:60,21
DA:61,15
DA:64,21
DA:65,15
DA:66,3
DA:67,3
DA:70,12
DA:81,21
DA:83,21
DA:84,15
DA:85,15
DA:87,15
DA:94,21
DA:99,12
DA:100,12
DA:102,12
DA:103,2
DA:104,2
DA:105,2
DA:106,1
DA:108,2
DA:111,10
DA:112,10
DA:120,10
DA:121,2
DA:124,10
DA:126,9
DA:127,9
DA:128,2
DA:130,9
DA:132,1
DA:133,1
DA:141,1
DA:143,1
DA:176,1
DA:183,1
DA:185,1
DA:215,1
DA:230,4
DA:232,4
DA:239,4
DA:272,4
DA:278,4
DA:285,3
DA:286,3
DA:287,1
DA:288,1
DA:291,2
DA:292,2
DA:293,1
DA:294,1
DA:296,1
DA:297,1
DA:312,6
DA:346,21
LF:57
LH:57
BRDA:61,0,0,15
BRDA:61,0,1,12
BRDA:61,0,2,12
BRDA:65,1,0,3
BRDA:72,2,0,12
BRDA:72,2,1,12
BRDA:84,3,0,15
BRDA:100,4,0,12
BRDA:100,4,1,11
BRDA:100,4,2,2
BRDA:102,5,0,2
BRDA:105,6,0,1
BRDA:105,7,0,2
BRDA:105,7,1,1
BRDA:117,8,0,10
BRDA:117,8,1,10
BRDA:120,9,0,2
BRDA:120,10,0,10
BRDA:120,10,1,2
BRDA:127,11,0,2
BRDA:127,12,0,9
BRDA:127,12,1,2
BRDA:256,13,0,4
BRDA:256,13,1,1
BRDA:267,14,0,1
BRDA:267,14,1,3
BRDA:272,15,0,1
BRDA:272,15,1,3
BRDA:286,16,0,1
BRF:29
BRH:29
end_of_record
TN:
SF:src/services/eventType.service.ts
FN:26,isValidColor
FN:31,(anonymous_1)
FN:76,(anonymous_2)
FN:87,(anonymous_3)
FN:104,(anonymous_4)
FN:153,(anonymous_5)
FN:178,(anonymous_6)
FN:216,(anonymous_7)
FN:229,(anonymous_8)
FN:239,(anonymous_9)
FNF:10
FNH:10
FNDA:6,isValidColor
FNDA:15,(anonymous_1)
FNDA:7,(anonymous_2)
FNDA:4,(anonymous_3)
FNDA:21,(anonymous_4)
FNDA:5,(anonymous_5)
FNDA:9,(anonymous_6)
FNDA:2,(anonymous_7)
FNDA:3,(anonymous_8)
FNDA:3,(anonymous_9)
DA:6,8
DA:8,8
DA:11,8
DA:24,8
DA:27,6
DA:30,8
DA:32,15
DA:33,3
DA:36,12
DA:37,2
DA:40,10
DA:44,10
DA:45,2
DA:48,8
DA:58,8
DA:73,8
DA:77,7
DA:79,7
DA:84,7
DA:88,4
DA:100,4
DA:101,2
DA:105,21
DA:106,21
DA:108,19
DA:109,2
DA:112,17
DA:113,2
DA:116,15
DA:117,6
DA:120,6
DA:123,13
DA:125,13
DA:126,13
DA:127,13
DA:128,13
DA:130,13
DA:136,13
DA:137,13
DA:138,4
DA:150,13
DA:154,5
DA:155,5
DA:157,3
DA:163,3
DA:175,3
DA:179,9
DA:180,9
DA:182,7
DA:186,7
DA:187,2
DA:190,5
DA:194,5
DA:195,2
DA:198,3
DA:201,3
DA:217,2
DA:229,3
DA:240,3
DA:244,8
LF:60
LH:60
BRDA:32,0,0,3
BRDA:32,1,0,15
BRDA:32,1,1,14
BRDA:36,2,0,2
BRDA:36,3,0,12
BRDA:36,3,1,3
BRDA:44,4,0,2
BRDA:51,5,0,8
BRDA:51,5,1,7
BRDA:52,6,0,8
BRDA:52,6,1,7
BRDA:53,7,0,2
BRDA:53,7,1,6
BRDA:76,8,0,2
BRDA:77,9,0,2
BRDA:77,9,1,5
BRDA:100,10,0,2
BRDA:106,11,0,2
BRDA:108,12,0,2
BRDA:108,13,0,19
BRDA:108,13,1,11
BRDA:112,14,0,2
BRDA:112,15,0,17
BRDA:112,15,1,4
BRDA:112,15,2,3
BRDA:116,16,0,6
BRDA:116,17,0,15
BRDA:116,17,1,9
BRDA:120,18,0,2
BRDA:125,19,0,7
BRDA:126,20,0,3
BRDA:126,21,0,3
BRDA:126,21,1,1
BRDA:127,22,0,2
BRDA:128,23,0,1
BRDA:137,24,0,4
BRDA:155,25,0,2
BRDA:169,26,0,2
BRDA:169,26,1,1
BRDA:180,27,0,2
BRDA:186,28,0,2
BRDA:194,29,0,2
BRF:42
BRH:42
end_of_record
TN:
SF:src/services/hall.service.ts
FN:15,(anonymous_0)
FN:40,(anonymous_1)
FN:49,(anonymous_2)
FN:57,(anonymous_3)
FN:102,(anonymous_4)
FN:150,(anonymous_5)
FN:183,(anonymous_6)
FNF:7
FNH:7
FNDA:8,(anonymous_0)
FNDA:4,(anonymous_1)
FNDA:2,(anonymous_2)
FNDA:13,(anonymous_3)
FNDA:18,(anonymous_4)
FNDA:7,(anonymous_5)
FNDA:7,(anonymous_6)
DA:7,8
DA:9,8
DA:11,8
DA:16,8
DA:18,8
DA:19,3
DA:22,8
DA:23,2
DA:29,8
DA:34,8
DA:41,4
DA:42,4
DA:43,2
DA:50,2
DA:51,2
DA:59,13
DA:60,3
DA:61,3
DA:62,2
DA:66,11
DA:79,11
DA:95,11
DA:103,18
DA:104,18
DA:107,16
DA:108,6
DA:109,2
DA:111,4
DA:112,2
DA:116,12
DA:117,12
DA:118,12
DA:119,12
DA:120,12
DA:121,12
DA:122,12
DA:124,12
DA:130,12
DA:131,12
DA:132,4
DA:144,12
DA:151,7
DA:152,7
DA:154,5
DA:155,2
DA:158,3
DA:164,3
DA:176,3
DA:184,7
DA:185,7
DA:187,5
DA:188,2
DA:191,3
DA:197,3
DA:213,8
LF:55
LH:55
BRDA:18,0,0,3
BRDA:22,1,0,2
BRDA:42,2,0,2
BRDA:59,3,0,3
BRDA:61,4,0,2
BRDA:70,5,0,11
BRDA:70,5,1,9
BRDA:71,6,0,11
BRDA:71,6,1,10
BRDA:72,7,0,11
BRDA:72,7,1,10
BRDA:73,8,0,1
BRDA:73,8,1,10
BRDA:74,9,0,11
BRDA:74,9,1,10
BRDA:104,10,0,2
BRDA:107,11,0,6
BRDA:108,12,0,2
BRDA:111,13,0,2
BRDA:111,14,0,4
BRDA:111,14,1,3
BRDA:117,15,0,4
BRDA:118,16,0,4
BRDA:119,17,0,1
BRDA:120,18,0,1
BRDA:121,19,0,1
BRDA:122,20,0,2
BRDA:131,21,0,4
BRDA:152,22,0,2
BRDA:154,23,0,2
BRDA:170,24,0,2
BRDA:170,24,1,1
BRDA:185,25,0,2
BRDA:187,26,0,2
BRF:34
BRH:34
end_of_record
TN:
SF:src/services/menu.service.ts
FN:26,(anonymous_0)
FN:53,(anonymous_1)
FN:70,(anonymous_2)
FN:90,(anonymous_3)
FN:112,(anonymous_4)
FN:140,(anonymous_5)
FN:160,(anonymous_6)
FN:205,(anonymous_7)
FN:216,(anonymous_8)
FN:227,(anonymous_9)
FN:234,(anonymous_10)
FN:244,(anonymous_11)
FN:257,(anonymous_12)
FN:282,(anonymous_13)
FN:334,(anonymous_14)
FN:354,(anonymous_15)
FN:356,(anonymous_16)
FN:365,(anonymous_17)
FN:382,(anonymous_18)
FN:388,(anonymous_19)
FN:410,(anonymous_20)
FN:445,(anonymous_21)
FN:468,(anonymous_22)
FN:471,(anonymous_23)
FN:480,(anonymous_24)
FNF:25
FNH:25
FNDA:2,(anonymous_0)
FNDA:4,(anonymous_1)
FNDA:2,(anonymous_2)
FNDA:2,(anonymous_3)
FNDA:3,(anonymous_4)
FNDA:3,(anonymous_5)
FNDA:1,(anonymous_6)
FNDA:1,(anonymous_7)
FNDA:1,(anonymous_8)
FNDA:3,(anonymous_9)
FNDA:1,(anonymous_10)
FNDA:6,(anonymous_11)
FNDA:1,(anonymous_12)
FNDA:6,(anonymous_13)
FNDA:3,(anonymous_14)
FNDA:1,(anonymous_15)
FNDA:2,(anonymous_16)
FNDA:3,(anonymous_17)
FNDA:2,(anonymous_18)
FNDA:2,(anonymous_19)
FNDA:5,(anonymous_20)
FNDA:3,(anonymous_21)
FNDA:4,(anonymous_22)
FNDA:4,(anonymous_23)
FNDA:1,(anonymous_24)
DA:8,9
DA:9,9
DA:24,9
DA:27,2
DA:28,2
DA:29,2
DA:30,2
DA:31,1
DA:37,2
DA:54,4
DA:66,4
DA:67,3
DA:71,2
DA:86,2
DA:87,1
DA:91,2
DA:101,2
DA:109,2
DA:113,3
DA:114,3
DA:116,2
DA:126,2
DA:127,2
DA:128,1
DA:137,2
DA:141,3
DA:142,3
DA:144,2
DA:147,2
DA:149,1
DA:151,1
DA:161,1
DA:162,1
DA:170,1
DA:171,1
DA:182,1
DA:183,1
DA:192,1
DA:200,1
DA:206,1
DA:217,1
DA:228,3
DA:231,3
DA:233,1
DA:234,1
DA:245,6
DA:253,6
DA:254,5
DA:258,1
DA:271,1
DA:279,1
DA:283,6
DA:286,6
DA:288,5
DA:290,5
DA:291,2
DA:293,5
DA:294,2
DA:296,5
DA:297,2
DA:300,5
DA:313,5
DA:314,6
DA:323,5
DA:331,5
DA:335,3
DA:336,3
DA:338,2
DA:341,2
DA:343,1
DA:345,1
DA:355,1
DA:357,2
DA:360,1
DA:366,3
DA:367,3
DA:368,3
DA:369,3
DA:370,1
DA:376,3
DA:383,2
DA:384,2
DA:385,1
DA:389,2
DA:399,2
DA:407,2
DA:411,5
DA:412,5
DA:414,4
DA:415,2
DA:424,4
DA:434,4
DA:442,4
DA:446,3
DA:447,3
DA:449,2
DA:452,2
DA:453,1
DA:455,1
DA:457,1
DA:469,4
DA:470,4
DA:471,4
DA:477,4
DA:481,1
DA:488,9
LF:106
LH:106
BRDA:28,0,0,1
BRDA:29,1,0,1
BRDA:30,2,0,1
BRDA:66,3,0,1
BRDA:70,4,0,2
BRDA:86,5,0,1
BRDA:95,6,0,2
BRDA:95,6,1,1
BRDA:95,7,0,2
BRDA:95,7,1,1
BRDA:114,8,0,1
BRDA:127,9,0,1
BRDA:142,10,0,1
BRDA:147,11,0,1
BRDA:165,12,0,1
BRDA:165,12,1,1
BRDA:231,13,0,2
BRDA:253,14,0,1
BRDA:263,15,0,1
BRDA:263,15,1,1
BRDA:265,16,0,1
BRDA:265,16,1,1
BRDA:265,17,0,1
BRDA:265,17,1,1
BRDA:266,18,0,1
BRDA:266,18,1,1
BRDA:286,19,0,1
BRDA:290,20,0,2
BRDA:290,21,0,5
BRDA:290,21,1,3
BRDA:293,22,0,2
BRDA:293,23,0,5
BRDA:293,23,1,3
BRDA:296,24,0,2
BRDA:296,25,0,5
BRDA:296,25,1,3
BRDA:336,26,0,1
BRDA:341,27,0,1
BRDA:367,28,0,1
BRDA:368,29,0,1
BRDA:369,30,0,1
BRDA:384,31,0,1
BRDA:393,32,0,2
BRDA:393,32,1,2
BRDA:394,33,0,2
BRDA:394,33,1,2
BRDA:395,34,0,2
BRDA:395,34,1,2
BRDA:412,35,0,1
BRDA:414,36,0,2
BRDA:414,37,0,4
BRDA:414,37,1,3
BRDA:447,38,0,1
BRDA:452,39,0,1
BRDA:473,40,0,4
BRDA:473,40,1,2
BRDA:473,41,0,4
BRDA:473,41,1,2
BRDA:474,42,0,4
BRDA:474,42,1,3
BRF:60
BRH:60
end_of_record
TN:
SF:src/services/menuCourse.service.ts
FN:40,(anonymous_0)
FN:48,(anonymous_1)
FN:57,(anonymous_2)
FN:72,(anonymous_3)
FN:85,(anonymous_4)
FN:90,(anonymous_5)
FN:92,(anonymous_6)
FN:95,(anonymous_7)
FN:96,(anonymous_8)
FN:100,(anonymous_9)
FN:103,(anonymous_10)
FN:114,(anonymous_11)
FN:121,(anonymous_12)
FN:143,(anonymous_13)
FN:146,(anonymous_14)
FNF:15
FNH:14
FNDA:1,(anonymous_0)
FNDA:12,(anonymous_1)
FNDA:2,(anonymous_2)
FNDA:1,(anonymous_3)
FNDA:1,(anonymous_4)
FNDA:2,(anonymous_5)
FNDA:2,(anonymous_6)
FNDA:0,(anonymous_7)
FNDA:1,(anonymous_8)
FNDA:1,(anonymous_9)
FNDA:1,(anonymous_10)
FNDA:2,(anonymous_11)
FNDA:3,(anonymous_12)
FNDA:2,(anonymous_13)
FNDA:2,(anonymous_14)
DA:6,8
DA:7,8
DA:38,8
DA:41,1
DA:49,12
DA:53,12
DA:54,10
DA:58,2
DA:59,2
DA:61,1
DA:73,1
DA:74,1
DA:86,1
DA:87,1
DA:91,2
DA:92,2
DA:93,2
DA:94,2
DA:95,1
DA:96,1
DA:97,1
DA:100,1
DA:101,1
DA:102,1
DA:103,1
DA:111,1
DA:115,2
DA:116,2
DA:117,2
DA:118,1
DA:122,3
DA:139,3
DA:140,2
DA:144,2
DA:145,1
DA:147,2
DA:150,1
DA:154,8
LF:38
LH:38
BRDA:53,0,0,2
BRDA:59,1,0,1
BRDA:64,2,0,1
BRDA:64,2,1,1
BRDA:64,3,0,1
BRDA:64,3,1,1
BRDA:65,4,0,1
BRDA:65,4,1,1
BRDA:65,5,0,1
BRDA:65,5,1,1
BRDA:94,6,0,1
BRDA:105,7,0,1
BRDA:105,7,1,1
BRDA:105,8,0,1
BRDA:105,8,1,1
BRDA:106,9,0,1
BRDA:106,9,1,1
BRDA:117,10,0,1
BRDA:139,11,0,1
BRF:19
BRH:19
end_of_record
TN:
SF:src/services/menuSnapshot.service.ts
FN:18,(anonymous_0)
FN:25,(anonymous_1)
FN:61,(anonymous_2)
FN:62,(anonymous_3)
FN:64,(anonymous_4)
FN:72,(anonymous_5)
FN:103,(anonymous_6)
FN:104,(anonymous_7)
FN:141,(anonymous_8)
FN:153,(anonymous_9)
FN:162,(anonymous_10)
FN:171,(anonymous_11)
FN:186,(anonymous_12)
FN:194,(anonymous_13)
FN:209,(anonymous_14)
FN:213,(anonymous_15)
FN:218,(anonymous_16)
FN:234,(anonymous_17)
FN:237,(anonymous_18)
FN:239,(anonymous_19)
FN:245,(anonymous_20)
FN:245,(anonymous_21)
FN:248,(anonymous_22)
FN:251,(anonymous_23)
FN:258,(anonymous_24)
FN:258,(anonymous_25)
FNF:26
FNH:26
FNDA:12,(anonymous_0)
FNDA:2,(anonymous_1)
FNDA:1,(anonymous_2)
FNDA:3,(anonymous_3)
FNDA:4,(anonymous_4)
FNDA:2,(anonymous_5)
FNDA:1,(anonymous_6)
FNDA:1,(anonymous_7)
FNDA:2,(anonymous_8)
FNDA:18,(anonymous_9)
FNDA:11,(anonymous_10)
FNDA:11,(anonymous_11)
FNDA:3,(anonymous_12)
FNDA:3,(anonymous_13)
FNDA:1,(anonymous_14)
FNDA:2,(anonymous_15)
FNDA:4,(anonymous_16)
FNDA:4,(anonymous_17)
FNDA:8,(anonymous_18)
FNDA:13,(anonymous_19)
FNDA:10,(anonymous_20)
FNDA:6,(anonymous_21)
FNDA:4,(anonymous_22)
FNDA:12,(anonymous_23)
FNDA:9,(anonymous_24)
FNDA:5,(anonymous_25)
DA:9,9
DA:16,9
DA:19,12
DA:23,12
DA:25,11
DA:26,11
DA:29,11
DA:32,10
DA:33,10
DA:35,4
DA:36,4
DA:38,4
DA:39,4
DA:40,4
DA:41,2
DA:46,4
DA:61,4
DA:62,4
DA:64,4
DA:65,4
DA:66,4
DA:73,2
DA:74,2
DA:89,10
DA:104,1
DA:105,1
DA:116,10
DA:118,10
DA:134,10
DA:142,2
DA:145,2
DA:146,1
DA:150,2
DA:156,18
DA:157,18
DA:158,18
DA:159,18
DA:160,18
DA:162,18
DA:163,11
DA:164,11
DA:165,11
DA:166,5
DA:167,3
DA:168,11
DA:171,18
DA:173,18
DA:187,3
DA:188,3
DA:189,1
DA:190,1
DA:191,1
DA:195,3
DA:196,3
DA:197,2
DA:198,2
DA:199,2
DA:200,2
DA:201,2
DA:202,2
DA:206,2
DA:210,1
DA:214,2
DA:215,2
DA:219,4
DA:220,4
DA:223,4
DA:235,4
DA:236,4
DA:237,4
DA:238,8
DA:239,8
DA:242,13
DA:245,10
DA:249,4
DA:250,4
DA:251,4
DA:252,12
DA:253,12
DA:256,12
DA:258,9
DA:262,9
LF:82
LH:82
BRDA:23,0,0,1
BRDA:26,1,0,2
BRDA:26,1,1,9
BRDA:29,2,0,1
BRDA:33,3,0,4
BRDA:33,4,0,10
BRDA:33,4,1,8
BRDA:69,5,0,4
BRDA:69,5,1,1
BRDA:71,6,0,4
BRDA:71,6,1,1
BRDA:77,7,0,2
BRDA:77,7,1,1
BRDA:79,8,0,2
BRDA:79,8,1,1
BRDA:81,9,0,2
BRDA:81,9,1,1
BRDA:145,10,0,1
BRDA:165,11,0,6
BRDA:165,11,1,5
BRDA:166,12,0,2
BRDA:166,12,1,3
BRDA:167,13,0,3
BRDA:188,14,0,2
BRDA:196,15,0,1
BRDA:198,16,0,2
BRDA:198,16,1,1
BRDA:199,17,0,2
BRDA:199,17,1,2
BRDA:200,18,0,2
BRDA:200,18,1,2
BRDA:226,19,0,4
BRDA:226,19,1,2
BRDA:228,20,0,4
BRDA:228,20,1,2
BRDA:230,21,0,4
BRDA:230,21,1,2
BRDA:234,22,0,0
BRDA:248,23,0,0
BRF:39
BRH:37
end_of_record
TN:
SF:src/services/packageCategory.service.ts
FN:43,(anonymous_0)
FN:47,(anonymous_1)
FN:53,(anonymous_2)
FN:69,(anonymous_3)
FN:75,(anonymous_4)
FN:99,(anonymous_5)
FNF:6
FNH:6
FNDA:1,(anonymous_0)
FNDA:3,(anonymous_1)
FNDA:4,(anonymous_2)
FNDA:4,(anonymous_3)
FNDA:4,(anonymous_4)
FNDA:2,(anonymous_5)
DA:7,2
DA:44,1
DA:48,3
DA:49,3
DA:50,1
DA:54,4
DA:57,4
DA:59,2
DA:70,4
DA:71,4
DA:72,2
DA:76,4
DA:77,4
DA:79,3
DA:80,3
DA:81,3
DA:84,3
DA:85,2
DA:93,2
DA:96,3
DA:100,2
DA:101,2
DA:102,1
DA:103,1
DA:107,2
LF:25
LH:25
BRDA:49,0,0,2
BRDA:57,1,0,2
BRDA:61,2,0,2
BRDA:61,2,1,2
BRDA:62,3,0,2
BRDA:62,3,1,2
BRDA:62,4,0,2
BRDA:62,4,1,2
BRDA:63,5,0,2
BRDA:63,5,1,2
BRDA:63,6,0,2
BRDA:63,6,1,2
BRDA:64,7,0,2
BRDA:64,7,1,2
BRDA:71,8,0,2
BRDA:77,9,0,1
BRDA:84,10,0,2
BRDA:101,11,0,1
BRF:18
BRH:18
end_of_record
TN:
SF:src/services/pdf.service.ts
FN:205,(anonymous_10)
FN:217,(anonymous_11)
FN:243,(anonymous_12)
FN:253,(anonymous_13)
FN:254,(anonymous_14)
FN:270,(anonymous_15)
FN:271,(anonymous_16)
FN:284,(anonymous_17)
FN:285,(anonymous_18)
FN:301,(anonymous_19)
FN:302,(anonymous_20)
FN:317,(anonymous_21)
FN:318,(anonymous_22)
FN:335,(anonymous_23)
FN:336,(anonymous_24)
FN:351,(anonymous_25)
FN:512,(anonymous_26)
FN:595,(anonymous_27)
FN:631,(anonymous_28)
FN:682,(anonymous_29)
FN:705,(anonymous_30)
FN:739,(anonymous_31)
FN:740,(anonymous_32)
FN:751,(anonymous_33)
FN:771,(anonymous_34)
FN:804,(anonymous_35)
FN:846,(anonymous_36)
FN:851,(anonymous_37)
FN:862,(anonymous_38)
FN:893,(anonymous_39)
FN:911,(anonymous_40)
FN:916,(anonymous_41)
FN:927,(anonymous_42)
FN:943,(anonymous_43)
FN:962,(anonymous_44)
FN:972,(anonymous_45)
FN:1000,(anonymous_46)
FN:1023,(anonymous_47)
FN:1027,(anonymous_48)
FN:1031,(anonymous_49)
FN:1039,(anonymous_50)
FN:1057,(anonymous_51)
FNF:42
FNH:42
FNDA:90,(anonymous_10)
FNDA:90,(anonymous_11)
FNDA:47,(anonymous_12)
FNDA:25,(anonymous_13)
FNDA:25,(anonymous_14)
FNDA:145,(anonymous_15)
FNDA:25,(anonymous_16)
FNDA:10,(anonymous_17)
FNDA:10,(anonymous_18)
FNDA:130,(anonymous_19)
FNDA:10,(anonymous_20)
FNDA:12,(anonymous_21)
FNDA:12,(anonymous_22)
FNDA:12,(anonymous_23)
FNDA:12,(anonymous_24)
FNDA:25,(anonymous_25)
FNDA:10,(anonymous_26)
FNDA:12,(anonymous_27)
FNDA:11,(anonymous_28)
FNDA:19,(anonymous_29)
FNDA:39,(anonymous_30)
FNDA:20,(anonymous_31)
FNDA:20,(anonymous_32)
FNDA:10,(anonymous_33)
FNDA:10,(anonymous_34)
FNDA:3,(anonymous_35)
FNDA:1,(anonymous_36)
FNDA:2,(anonymous_37)
FNDA:1,(anonymous_38)
FNDA:1,(anonymous_39)
FNDA:1,(anonymous_40)
FNDA:1,(anonymous_41)
FNDA:2,(anonymous_42)
FNDA:47,(anonymous_43)
FNDA:134,(anonymous_44)
FNDA:25,(anonymous_45)
FNDA:47,(anonymous_46)
FNDA:443,(anonymous_47)
FNDA:400,(anonymous_48)
FNDA:59,(anonymous_49)
FNDA:2,(anonymous_50)
FNDA:227,(anonymous_51)
DA:1,48
DA:3,48
DA:175,48
DA:186,48
DA:187,90
DA:200,90
DA:206,90
DA:214,90
DA:218,90
DA:219,242
DA:220,14
DA:221,14
DA:222,14
DA:226,90
DA:227,242
DA:228,14
DA:229,14
DA:230,14
DA:234,90
DA:235,14
DA:236,14
DA:238,76
DA:239,76
DA:244,47
DA:245,5
DA:246,5
DA:247,5
DA:249,42
DA:254,25
DA:255,25
DA:257,25
DA:267,25
DA:269,25
DA:270,145
DA:271,25
DA:272,25
DA:273,25
DA:274,25
DA:279,25
DA:280,25
DA:285,10
DA:286,10
DA:288,10
DA:298,10
DA:300,10
DA:301,130
DA:302,10
DA:303,10
DA:304,10
DA:305,10
DA:310,10
DA:311,10
DA:318,12
DA:319,12
DA:321,12
DA:332,12
DA:334,12
DA:335,12
DA:336,12
DA:337,12
DA:338,12
DA:339,12
DA:344,12
DA:345,12
DA:352,25
DA:354,25
DA:356,25
DA:357,25
DA:361,25
DA:362,25
DA:363,25
DA:364,25
DA:366,25
DA:367,25
DA:369,25
DA:370,25
DA:371,25
DA:372,25
DA:373,25
DA:374,25
DA:375,23
DA:377,25
DA:378,25
DA:379,22
DA:382,25
DA:383,25
DA:385,25
DA:386,25
DA:387,25
DA:388,25
DA:390,25
DA:391,25
DA:396,25
DA:398,25
DA:399,1
DA:400,1
DA:402,24
DA:403,23
DA:404,23
DA:407,25
DA:408,25
DA:409,23
DA:432,25
DA:433,23
DA:434,23
DA:435,23
DA:438,25
DA:439,25
DA:440,3
DA:442,22
DA:443,1
DA:446,25
DA:447,25
DA:449,25
DA:450,25
DA:451,25
DA:452,25
DA:460,25
DA:461,23
DA:462,23
DA:481,25
DA:482,25
DA:483,25
DA:490,25
DA:491,2
DA:492,2
DA:493,2
DA:494,2
DA:495,2
DA:496,2
DA:497,2
DA:503,2
DA:505,2
DA:506,2
DA:509,25
DA:516,10
DA:518,10
DA:519,10
DA:523,10
DA:524,10
DA:525,10
DA:526,10
DA:528,10
DA:529,10
DA:531,10
DA:532,10
DA:533,10
DA:534,10
DA:536,10
DA:543,10
DA:544,10
DA:545,10
DA:548,10
DA:549,1
DA:552,10
DA:553,10
DA:555,10
DA:556,10
DA:557,10
DA:558,10
DA:559,10
DA:560,10
DA:561,8
DA:563,10
DA:564,10
DA:565,7
DA:568,10
DA:569,10
DA:571,10
DA:572,10
DA:573,10
DA:574,10
DA:575,10
DA:576,10
DA:577,10
DA:579,10
DA:580,8
DA:582,10
DA:583,10
DA:585,10
DA:586,10
DA:587,10
DA:588,10
DA:590,10
DA:596,12
DA:598,12
DA:600,12
DA:601,12
DA:605,12
DA:606,12
DA:610,12
DA:611,12
DA:612,12
DA:613,12
DA:617,12
DA:618,10
DA:619,10
DA:625,12
DA:626,12
DA:631,12
DA:635,11
DA:636,11
DA:637,11
DA:640,11
DA:641,11
DA:642,11
DA:647,11
DA:648,10
DA:650,10
DA:651,10
DA:654,11
DA:655,11
DA:657,11
DA:658,11
DA:659,11
DA:660,11
DA:661,11
DA:663,11
DA:664,11
DA:666,11
DA:667,10
DA:668,10
DA:669,10
DA:672,11
DA:673,10
DA:674,10
DA:675,10
DA:676,10
DA:677,10
DA:681,11
DA:682,10
DA:686,19
DA:688,19
DA:692,19
DA:693,19
DA:694,19
DA:695,19
DA:703,19
DA:705,19
DA:709,39
DA:714,39
DA:715,39
DA:732,39
DA:733,39
DA:739,20
DA:740,20
DA:742,11
DA:746,10
DA:747,10
DA:748,10
DA:749,10
DA:751,10
DA:752,10
DA:753,10
DA:762,11
DA:766,10
DA:767,10
DA:768,10
DA:769,10
DA:771,10
DA:772,10
DA:776,10
DA:777,10
DA:778,10
DA:779,10
DA:791,12
DA:792,12
DA:793,12
DA:794,12
DA:795,12
DA:799,12
DA:809,3
DA:810,3
DA:811,3
DA:813,3
DA:814,3
DA:818,3
DA:819,2
DA:820,2
DA:821,2
DA:824,3
DA:825,3
DA:826,3
DA:827,1
DA:829,3
DA:830,1
DA:832,3
DA:833,1
DA:835,3
DA:836,1
DA:837,1
DA:842,3
DA:843,2
DA:844,2
DA:846,1
DA:847,1
DA:848,1
DA:849,1
DA:851,1
DA:852,2
DA:854,2
DA:858,2
DA:860,2
DA:861,1
DA:862,1
DA:864,1
DA:865,1
DA:866,1
DA:869,2
DA:872,1
DA:873,0
DA:878,3
DA:879,3
DA:881,3
DA:882,1
DA:885,3
DA:886,1
DA:889,3
DA:890,3
DA:898,1
DA:899,1
DA:900,1
DA:902,1
DA:903,1
DA:905,1
DA:906,0
DA:907,0
DA:908,0
DA:911,1
DA:912,1
DA:913,1
DA:914,1
DA:916,1
DA:917,1
DA:919,1
DA:923,1
DA:925,1
DA:926,1
DA:927,2
DA:929,1
DA:930,1
DA:931,1
DA:934,1
DA:937,1
DA:938,0
DA:944,47
DA:948,47
DA:949,47
DA:950,47
DA:951,47
DA:954,47
DA:955,47
DA:957,47
DA:958,47
DA:963,134
DA:964,134
DA:973,25
DA:983,25
DA:984,25
DA:986,25
DA:990,25
DA:991,25
DA:996,25
DA:997,25
DA:1001,47
DA:1003,47
DA:1004,47
DA:1014,47
DA:1015,47
DA:1024,443
DA:1028,400
DA:1032,59
DA:1040,2
DA:1060,227
DA:1067,48
LF:375
LH:370
BRDA:207,0,0,90
BRDA:207,0,1,0
BRDA:208,1,0,90
BRDA:208,1,1,0
BRDA:209,2,0,90
BRDA:209,2,1,0
BRDA:210,3,0,90
BRDA:210,3,1,0
BRDA:211,4,0,90
BRDA:211,4,1,0
BRDA:212,5,0,90
BRDA:212,5,1,0
BRDA:219,6,0,14
BRDA:227,7,0,14
BRDA:234,8,0,14
BRDA:234,8,1,76
BRDA:234,9,0,90
BRDA:234,9,1,14
BRDA:244,10,0,5
BRDA:244,10,1,42
BRDA:244,11,0,47
BRDA:244,11,1,5
BRDA:244,11,2,5
BRDA:374,12,0,23
BRDA:378,13,0,22
BRDA:398,14,0,1
BRDA:398,14,1,24
BRDA:398,15,0,25
BRDA:398,15,1,1
BRDA:402,16,0,23
BRDA:402,17,0,24
BRDA:402,17,1,23
BRDA:402,17,2,23
BRDA:408,18,0,23
BRDA:432,19,0,23
BRDA:439,20,0,3
BRDA:439,20,1,22
BRDA:439,21,0,25
BRDA:439,21,1,3
BRDA:442,22,0,1
BRDA:442,23,0,22
BRDA:442,23,1,2
BRDA:460,24,0,23
BRDA:460,25,0,25
BRDA:460,25,1,23
BRDA:490,26,0,2
BRDA:505,27,0,1
BRDA:505,27,1,1
BRDA:548,28,0,1
BRDA:560,29,0,8
BRDA:564,30,0,7
BRDA:579,31,0,8
BRDA:611,32,0,10
BRDA:617,33,0,10
BRDA:647,34,0,10
BRDA:659,35,0,10
BRDA:660,36,0,10
BRDA:666,37,0,10
BRDA:672,38,0,10
BRDA:672,39,0,11
BRDA:672,39,1,11
BRDA:681,40,0,10
BRDA:688,41,0,10
BRDA:688,41,1,9
BRDA:742,42,0,10
BRDA:762,43,0,10
BRDA:772,44,0,10
BRDA:772,44,1,0
BRDA:818,45,0,2
BRDA:826,46,0,1
BRDA:829,47,0,1
BRDA:832,48,0,1
BRDA:835,49,0,1
BRDA:842,50,0,2
BRDA:842,50,1,1
BRDA:854,51,0,1
BRDA:854,51,1,1
BRDA:860,52,0,1
BRDA:860,53,0,2
BRDA:860,53,1,1
BRDA:862,54,0,1
BRDA:862,54,1,0
BRDA:872,55,0,0
BRDA:881,56,0,1
BRDA:885,57,0,1
BRDA:905,58,0,0
BRDA:905,59,0,1
BRDA:905,59,1,1
BRDA:919,60,0,1
BRDA:919,60,1,0
BRDA:925,61,0,1
BRDA:925,62,0,1
BRDA:925,62,1,1
BRDA:927,63,0,2
BRDA:927,63,1,1
BRDA:937,64,0,0
BRDA:954,65,0,47
BRDA:957,66,0,47
BRDA:1024,67,0,31
BRDA:1024,67,1,412
BRDA:1028,68,0,32
BRDA:1028,68,1,368
BRF:102
BRH:90
end_of_record
TN:
SF:src/services/permissions.service.ts
FN:8,(anonymous_0)
FN:13,(anonymous_1)
FN:23,(anonymous_2)
FNF:3
FNH:3
FNDA:7,(anonymous_0)
FNDA:20,(anonymous_1)
FNDA:5,(anonymous_2)
DA:4,7
DA:5,7
DA:9,7
DA:13,20
DA:24,5
DA:30,5
DA:32,5
DA:33,16
DA:34,12
DA:40,16
DA:43,5
DA:47,7
LF:12
LH:12
BRDA:33,0,0,12
BRDA:36,1,0,12
BRDA:36,1,1,4
BRF:3
BRH:3
end_of_record
TN:
SF:src/services/queue.service.ts
FN:19,(anonymous_0)
FN:36,(anonymous_1)
FN:44,(anonymous_2)
FN:115,(anonymous_3)
FN:220,(anonymous_4)
FN:231,(anonymous_5)
FN:234,(anonymous_6)
FN:243,(anonymous_7)
FN:246,(anonymous_8)
FN:266,(anonymous_9)
FN:299,(anonymous_10)
FN:326,(anonymous_11)
FN:358,(anonymous_12)
FN:367,(anonymous_13)
FN:368,(anonymous_14)
FN:385,(anonymous_15)
FN:389,(anonymous_16)
FN:405,(anonymous_17)
FN:426,(anonymous_18)
FN:435,(anonymous_19)
FN:445,(anonymous_20)
FN:472,(anonymous_21)
FN:575,(anonymous_22)
FN:585,(anonymous_23)
FN:597,(anonymous_24)
FN:603,(anonymous_25)
FN:630,(anonymous_26)
FNF:27
FNH:27
FNDA:15,(anonymous_0)
FNDA:10,(anonymous_1)
FNDA:18,(anonymous_2)
FNDA:18,(anonymous_3)
FNDA:4,(anonymous_4)
FNDA:1,(anonymous_5)
FNDA:4,(anonymous_6)
FNDA:5,(anonymous_7)
FNDA:15,(anonymous_8)
FNDA:18,(anonymous_9)
FNDA:12,(anonymous_10)
FNDA:7,(anonymous_11)
FNDA:10,(anonymous_12)
FNDA:7,(anonymous_13)
FNDA:13,(anonymous_14)
FNDA:7,(anonymous_15)
FNDA:5,(anonymous_16)
FNDA:5,(anonymous_17)
FNDA:5,(anonymous_18)
FNDA:7,(anonymous_19)
FNDA:3,(anonymous_20)
FNDA:10,(anonymous_21)
FNDA:8,(anonymous_22)
FNDA:14,(anonymous_23)
FNDA:7,(anonymous_24)
FNDA:9,(anonymous_25)
FNDA:19,(anonymous_26)
DA:7,11
DA:8,11
DA:9,11
DA:19,11
DA:25,15
DA:26,25
DA:27,25
DA:29,19
DA:31,19
DA:34,19
DA:35,10
DA:36,10
DA:43,11
DA:45,18
DA:46,2
DA:48,16
DA:50,14
DA:51,14
DA:52,12
DA:54,12
DA:55,12
DA:56,12
DA:58,10
DA:59,10
DA:61,8
DA:62,8
DA:64,8
DA:72,8
DA:74,8
DA:75,8
DA:91,5
DA:106,5
DA:108,3
DA:109,1
DA:111,2
DA:116,18
DA:120,18
DA:121,15
DA:123,13
DA:124,13
DA:125,13
DA:126,13
DA:127,13
DA:129,13
DA:130,2
DA:131,2
DA:132,1
DA:133,1
DA:135,1
DA:138,12
DA:139,5
DA:140,5
DA:141,4
DA:142,4
DA:143,4
DA:145,2
DA:146,2
DA:147,2
DA:149,2
DA:150,2
DA:154,2
DA:155,2
DA:156,2
DA:160,2
DA:161,2
DA:163,2
DA:166,9
DA:167,3
DA:168,2
DA:169,2
DA:171,2
DA:172,2
DA:173,2
DA:174,2
DA:177,8
DA:178,3
DA:180,8
DA:182,8
DA:187,8
DA:188,2
DA:189,2
DA:190,2
DA:201,8
DA:202,7
DA:205,7
DA:217,8
DA:221,4
DA:222,4
DA:223,3
DA:224,3
DA:226,3
DA:231,3
DA:235,4
DA:243,5
DA:247,15
DA:248,14
DA:250,13
DA:254,13
DA:255,12
DA:256,1
DA:258,11
DA:259,1
DA:262,10
DA:263,10
DA:265,10
DA:266,10
DA:267,18
DA:270,6
DA:271,4
DA:273,2
DA:274,1
DA:278,4
DA:281,4
DA:284,4
DA:285,4
DA:300,12
DA:301,11
DA:302,1
DA:305,10
DA:309,10
DA:310,9
DA:311,8
DA:313,7
DA:315,7
DA:316,7
DA:317,7
DA:320,7
DA:321,1
DA:323,6
DA:325,5
DA:326,5
DA:327,7
DA:330,3
DA:331,1
DA:333,2
DA:334,1
DA:336,1
DA:340,2
DA:341,2
DA:342,2
DA:343,2
DA:359,10
DA:360,9
DA:361,15
DA:362,14
DA:363,1
DA:367,7
DA:368,13
DA:369,7
DA:373,7
DA:375,6
DA:376,11
DA:377,10
DA:380,4
DA:381,4
DA:382,9
DA:385,7
DA:386,3
DA:389,5
DA:391,2
DA:392,2
DA:393,5
DA:395,2
DA:396,2
DA:397,5
DA:398,5
DA:400,2
DA:404,2
DA:405,5
DA:410,2
DA:423,2
DA:427,5
DA:432,5
DA:434,3
DA:435,3
DA:436,7
DA:437,6
DA:438,6
DA:439,6
DA:443,3
DA:444,3
DA:445,3
DA:446,3
DA:447,6
DA:451,6
DA:456,3
DA:469,3
DA:473,10
DA:477,10
DA:478,9
DA:480,8
DA:481,8
DA:483,8
DA:484,1
DA:487,7
DA:488,7
DA:489,7
DA:490,6
DA:492,5
DA:503,5
DA:505,4
DA:506,4
DA:508,4
DA:509,4
DA:511,4
DA:531,4
DA:532,3
DA:533,3
DA:534,3
DA:545,4
DA:548,4
DA:572,4
DA:576,8
DA:581,8
DA:582,8
DA:583,8
DA:585,8
DA:586,14
DA:587,14
DA:588,14
DA:589,14
DA:590,14
DA:592,14
DA:595,8
DA:597,7
DA:604,9
DA:608,8
DA:609,8
DA:612,8
DA:613,3
DA:627,8
DA:631,19
DA:652,11
LF:233
LH:233
BRDA:21,0,0,15
BRDA:22,1,0,15
BRDA:31,2,0,19
BRDA:31,2,1,1
BRDA:31,2,2,19
BRDA:31,2,3,8
BRDA:34,3,0,9
BRDA:34,4,0,19
BRDA:34,4,1,14
BRDA:45,5,0,2
BRDA:45,6,0,18
BRDA:45,6,1,17
BRDA:45,6,2,17
BRDA:48,7,0,2
BRDA:51,8,0,2
BRDA:56,9,0,2
BRDA:59,10,0,2
BRDA:72,11,0,8
BRDA:72,11,1,6
BRDA:80,12,0,8
BRDA:80,12,1,5
BRDA:80,13,0,8
BRDA:80,13,1,5
BRDA:81,14,0,8
BRDA:81,14,1,6
BRDA:82,15,0,8
BRDA:82,15,1,7
BRDA:108,16,0,1
BRDA:108,17,0,3
BRDA:108,17,1,1
BRDA:120,18,0,3
BRDA:121,19,0,2
BRDA:129,20,0,2
BRDA:131,21,0,1
BRDA:132,22,0,1
BRDA:138,23,0,5
BRDA:140,24,0,1
BRDA:143,25,0,2
BRDA:145,26,0,2
BRDA:145,26,1,0
BRDA:147,27,0,2
BRDA:147,27,1,2
BRDA:149,28,0,2
BRDA:151,29,0,2
BRDA:151,29,1,0
BRDA:160,30,0,2
BRDA:160,30,1,0
BRDA:166,31,0,3
BRDA:167,32,0,1
BRDA:168,33,0,2
BRDA:172,34,0,2
BRDA:172,34,1,2
BRDA:173,35,0,2
BRDA:173,35,1,2
BRDA:174,36,0,2
BRDA:174,36,1,2
BRDA:177,37,0,3
BRDA:177,38,0,8
BRDA:177,38,1,4
BRDA:178,39,0,3
BRDA:178,39,1,1
BRDA:180,40,0,4
BRDA:180,41,0,4
BRDA:180,41,1,2
BRDA:187,42,0,2
BRDA:187,43,0,8
BRDA:187,43,1,2
BRDA:187,43,2,2
BRDA:201,44,0,7
BRDA:202,45,0,7
BRDA:202,45,1,0
BRDA:222,46,0,1
BRDA:247,47,0,1
BRDA:247,48,0,15
BRDA:247,48,1,14
BRDA:248,49,0,1
BRDA:254,50,0,1
BRDA:254,51,0,13
BRDA:254,51,1,13
BRDA:255,52,0,1
BRDA:255,53,0,12
BRDA:255,53,1,12
BRDA:258,54,0,1
BRDA:270,55,0,4
BRDA:270,56,0,6
BRDA:270,56,1,3
BRDA:273,57,0,1
BRDA:278,58,0,4
BRDA:278,58,1,0
BRDA:281,59,0,4
BRDA:281,59,1,0
BRDA:284,60,0,4
BRDA:284,60,1,0
BRDA:300,61,0,1
BRDA:301,62,0,1
BRDA:301,63,0,11
BRDA:301,63,1,10
BRDA:301,63,2,10
BRDA:309,64,0,1
BRDA:310,65,0,1
BRDA:311,66,0,1
BRDA:320,67,0,1
BRDA:323,68,0,1
BRDA:330,69,0,1
BRDA:330,70,0,3
BRDA:330,70,1,2
BRDA:333,71,0,1
BRDA:333,72,0,2
BRDA:333,72,1,1
BRDA:341,73,0,2
BRDA:341,73,1,0
BRDA:359,74,0,1
BRDA:359,75,0,10
BRDA:359,75,1,10
BRDA:361,76,0,1
BRDA:362,77,0,1
BRDA:362,78,0,14
BRDA:362,78,1,14
BRDA:373,79,0,1
BRDA:376,80,0,1
BRDA:377,81,0,1
BRDA:382,82,0,1
BRDA:386,83,0,1
BRDA:404,84,0,2
BRDA:404,84,1,0
BRDA:414,85,0,2
BRDA:414,85,1,0
BRDA:432,86,0,2
BRDA:436,87,0,6
BRDA:438,88,0,3
BRDA:477,89,0,1
BRDA:478,90,0,1
BRDA:483,91,0,1
BRDA:483,92,0,8
BRDA:483,92,1,8
BRDA:483,92,2,7
BRDA:483,92,3,7
BRDA:489,93,0,1
BRDA:489,94,0,7
BRDA:489,94,1,6
BRDA:490,95,0,1
BRDA:503,96,0,1
BRDA:508,97,0,4
BRDA:508,97,1,2
BRDA:508,98,0,4
BRDA:508,98,1,2
BRDA:508,99,0,4
BRDA:508,99,1,2
BRDA:508,100,0,4
BRDA:508,100,1,4
BRDA:509,101,0,2
BRDA:509,101,1,2
BRDA:516,102,0,4
BRDA:516,102,1,2
BRDA:516,103,0,4
BRDA:516,103,1,2
BRDA:517,104,0,4
BRDA:517,104,1,2
BRDA:517,105,0,4
BRDA:517,105,1,2
BRDA:518,106,0,4
BRDA:518,106,1,2
BRDA:519,107,0,4
BRDA:519,107,1,4
BRDA:520,108,0,4
BRDA:520,108,1,3
BRDA:521,109,0,4
BRDA:521,109,1,4
BRDA:521,110,0,4
BRDA:521,110,1,4
BRDA:522,111,0,4
BRDA:522,111,1,4
BRDA:522,112,0,4
BRDA:522,112,1,4
BRDA:531,113,0,3
BRDA:531,114,0,4
BRDA:531,114,1,3
BRDA:545,115,0,4
BRDA:545,115,1,0
BRDA:554,116,0,4
BRDA:554,116,1,0
BRDA:554,117,0,4
BRDA:554,117,1,0
BRDA:557,118,0,4
BRDA:557,118,1,1
BRDA:561,119,0,4
BRDA:561,119,1,0
BRDA:562,120,0,4
BRDA:562,120,1,0
BRDA:566,121,0,4
BRDA:566,121,1,2
BRDA:566,122,0,4
[...]
FNDA:43,(anonymous_26)
FNDA:22,(anonymous_27)
FNDA:5,(anonymous_28)
FNDA:21,(anonymous_29)
FNDA:43,(anonymous_30)
FNDA:31,(anonymous_31)
FNDA:18,(anonymous_32)
FNDA:21,(anonymous_33)
FNDA:43,(anonymous_34)
FNDA:17,(anonymous_35)
FNDA:2,(anonymous_36)
DA:8,8
DA:41,40
DA:44,40
DA:49,40
DA:50,40
DA:51,40
DA:58,40
DA:85,40
DA:86,75
DA:89,40
DA:90,40
DA:95,40
DA:96,54
DA:99,40
DA:100,75
DA:101,65
DA:102,40
DA:105,40
DA:110,40
DA:113,40
DA:116,40
DA:118,40
DA:146,40
DA:147,40
DA:148,40
DA:150,40
DA:151,40
DA:152,40
DA:153,40
DA:155,40
DA:156,40
DA:158,40
DA:166,40
DA:173,40
DA:175,40
DA:176,75
DA:177,75
DA:178,75
DA:184,40
DA:185,73
DA:200,40
DA:202,40
DA:203,75
DA:206,75
DA:208,7
DA:209,7
DA:211,7
DA:212,7
DA:213,7
DA:215,54
DA:216,54
DA:218,7
DA:219,7
DA:222,75
DA:223,75
DA:229,40
DA:230,56
DA:236,19
DA:243,7
DA:244,7
DA:245,7
DA:246,7
DA:247,7
DA:254,40
DA:256,40
DA:257,75
DA:258,73
DA:259,73
DA:266,40
DA:267,44
DA:274,9
DA:281,40
DA:283,40
DA:284,75
DA:285,73
DA:290,73
DA:297,40
DA:298,44
DA:305,9
DA:318,21
DA:321,21
DA:326,21
DA:329,21
DA:342,21
DA:343,21
DA:344,21
DA:347,43
DA:348,21
DA:351,21
DA:356,21
DA:361,21
DA:364,21
DA:365,21
DA:367,21
DA:389,21
DA:390,21
DA:392,21
DA:393,43
DA:394,43
DA:395,43
DA:398,21
DA:399,22
DA:404,5
DA:411,21
DA:413,21
DA:414,43
DA:415,41
DA:416,41
DA:417,39
DA:420,21
DA:421,31
DA:422,18
DA:432,21
DA:439,21
DA:440,43
DA:441,41
DA:447,41
DA:448,41
DA:451,41
DA:454,21
DA:455,17
DA:464,2
DA:468,8
LF:123
LH:123
BRDA:37,0,0,23
BRDA:49,1,0,3
BRDA:50,2,0,3
BRDA:51,3,0,2
BRDA:86,4,0,75
BRDA:86,4,1,1
BRDA:90,5,0,37
BRDA:90,5,1,3
BRDA:101,6,0,65
BRDA:101,6,1,1
BRDA:105,7,0,11
BRDA:105,7,1,29
BRDA:123,8,0,40
BRDA:123,8,1,3
BRDA:125,9,0,40
BRDA:125,9,1,4
BRDA:166,10,0,40
BRDA:166,10,1,29
BRDA:177,11,0,75
BRDA:177,11,1,73
BRDA:179,12,0,75
BRDA:179,12,1,1
BRDA:206,13,0,7
BRDA:206,13,1,7
BRDA:206,13,2,54
BRDA:206,13,3,7
BRDA:222,14,0,75
BRDA:222,14,1,56
BRDA:224,15,0,75
BRDA:224,15,1,1
BRDA:244,16,0,7
BRDA:244,16,1,4
BRDA:257,17,0,2
BRDA:258,18,0,73
BRDA:258,18,1,44
BRDA:261,19,0,73
BRDA:261,19,1,1
BRDA:284,20,0,2
BRDA:285,21,0,73
BRDA:285,21,1,44
BRDA:292,22,0,73
BRDA:292,22,1,1
BRDA:326,23,0,3
BRDA:351,24,0,21
BRDA:351,24,1,0
BRDA:365,25,0,21
BRDA:365,25,1,6
BRDA:372,26,0,21
BRDA:372,26,1,6
BRDA:374,27,0,21
BRDA:374,27,1,6
BRDA:395,28,0,43
BRDA:395,28,1,22
BRDA:414,29,0,2
BRDA:416,30,0,2
BRDA:417,31,0,39
BRDA:417,31,1,31
BRDA:440,32,0,2
BRDA:441,33,0,41
BRDA:441,33,1,17
BRDA:460,34,0,17
BRDA:460,34,1,0
BRF:62
BRH:60
end_of_record
TN:
SF:src/services/reservation-menu.service.ts
FN:19,(anonymous_0)
FN:50,(anonymous_1)
FN:113,(anonymous_2)
FN:217,(anonymous_3)
FN:223,(anonymous_4)
FN:227,(anonymous_5)
FN:258,(anonymous_6)
FN:261,(anonymous_7)
FN:262,(anonymous_8)
FN:275,(anonymous_9)
FN:280,(anonymous_10)
FN:281,(anonymous_11)
FN:283,(anonymous_12)
FN:288,(anonymous_13)
FN:289,(anonymous_14)
FN:310,(anonymous_15)
FN:311,(anonymous_16)
FN:332,(anonymous_17)
FN:338,(anonymous_18)
FN:339,(anonymous_19)
FN:340,(anonymous_20)
FN:349,(anonymous_21)
FN:373,(anonymous_22)
FNF:23
FNH:23
FNDA:21,(anonymous_0)
FNDA:5,(anonymous_1)
FNDA:16,(anonymous_2)
FNDA:6,(anonymous_3)
FNDA:2,(anonymous_4)
FNDA:7,(anonymous_5)
FNDA:6,(anonymous_6)
FNDA:6,(anonymous_7)
FNDA:5,(anonymous_8)
FNDA:14,(anonymous_9)
FNDA:4,(anonymous_10)
FNDA:4,(anonymous_11)
FNDA:3,(anonymous_12)
FNDA:3,(anonymous_13)
FNDA:1,(anonymous_14)
FNDA:5,(anonymous_15)
FNDA:5,(anonymous_16)
FNDA:28,(anonymous_17)
FNDA:28,(anonymous_18)
FNDA:10,(anonymous_19)
FNDA:10,(anonymous_20)
FNDA:17,(anonymous_21)
FNDA:12,(anonymous_22)
DA:10,9
DA:11,9
DA:20,21
DA:22,21
DA:26,21
DA:28,19
DA:29,19
DA:30,19
DA:32,19
DA:43,19
DA:45,17
DA:46,6
DA:49,14
DA:50,14
DA:51,14
DA:54,14
DA:55,14
DA:57,14
DA:58,14
DA:59,14
DA:60,14
DA:62,14
DA:80,14
DA:83,14
DA:102,14
DA:120,16
DA:124,16
DA:126,13
DA:127,13
DA:130,11
DA:131,11
DA:132,11
DA:133,11
DA:140,11
DA:141,11
DA:142,11
DA:143,11
DA:146,11
DA:147,11
DA:148,11
DA:149,8
DA:150,12
DA:151,12
DA:152,12
DA:153,6
DA:156,6
DA:161,11
DA:164,11
DA:178,11
DA:192,11
DA:195,11
DA:196,8
DA:214,11
DA:218,6
DA:219,6
DA:220,3
DA:224,2
DA:229,7
DA:233,7
DA:236,7
DA:237,4
DA:238,4
DA:259,6
DA:260,6
DA:261,6
DA:262,6
DA:263,6
DA:264,6
DA:265,6
DA:266,2
DA:268,6
DA:269,1
DA:272,6
DA:279,14
DA:281,4
DA:282,4
DA:283,3
DA:284,3
DA:285,3
DA:289,3
DA:290,3
DA:302,14
DA:311,5
DA:312,5
DA:333,28
DA:339,28
DA:340,10
DA:341,10
DA:342,8
DA:343,8
DA:344,4
DA:345,0
DA:350,17
DA:351,17
DA:373,12
DA:384,9
LF:96
LH:95
BRDA:26,0,0,2
BRDA:28,1,0,19
BRDA:28,1,1,18
BRDA:29,2,0,19
BRDA:29,2,1,18
BRDA:30,3,0,19
BRDA:30,3,1,18
BRDA:43,4,0,2
BRDA:45,5,0,6
BRDA:45,6,0,17
BRDA:45,6,1,7
BRDA:49,7,0,14
BRDA:49,7,1,7
BRDA:51,8,0,4
BRDA:51,8,1,10
BRDA:57,9,0,14
BRDA:57,9,1,10
BRDA:80,10,0,13
BRDA:80,10,1,1
BRDA:84,11,0,14
BRDA:84,11,1,7
BRDA:89,12,0,12
BRDA:89,12,1,2
BRDA:97,13,0,14
BRDA:97,13,1,11
BRDA:124,14,0,3
BRDA:127,15,0,2
BRDA:140,16,0,11
BRDA:140,16,1,1
BRDA:141,17,0,11
BRDA:141,17,1,4
BRDA:142,18,0,11
BRDA:142,18,1,10
BRDA:148,19,0,8
BRDA:148,20,0,11
BRDA:148,20,1,10
BRDA:150,21,0,12
BRDA:150,21,1,1
BRDA:151,22,0,12
BRDA:151,22,1,1
BRDA:152,23,0,6
BRDA:152,23,1,6
BRDA:195,24,0,8
BRDA:197,25,0,8
BRDA:197,25,1,4
BRDA:203,26,0,8
BRDA:203,26,1,0
BRDA:205,27,0,8
BRDA:205,27,1,0
BRDA:219,28,0,3
BRDA:236,29,0,4
BRDA:239,30,0,4
BRDA:239,30,1,0
BRDA:245,31,0,4
BRDA:245,31,1,1
BRDA:247,32,0,4
BRDA:247,32,1,1
BRDA:262,33,0,6
BRDA:262,33,1,0
BRDA:265,34,0,2
BRDA:265,35,0,6
BRDA:265,35,1,5
BRDA:268,36,0,1
BRDA:272,37,0,3
BRDA:282,38,0,1
BRDA:292,39,0,3
BRDA:292,39,1,2
BRDA:295,40,0,3
BRDA:295,40,1,2
BRDA:304,41,0,14
BRDA:304,41,1,0
BRDA:314,42,0,5
BRDA:314,42,1,1
BRDA:316,43,0,5
BRDA:316,43,1,1
BRDA:318,44,0,5
BRDA:318,44,1,1
BRDA:320,45,0,5
BRDA:320,45,1,1
BRDA:341,46,0,2
BRDA:343,47,0,4
BRDA:344,48,0,4
BRDA:373,49,0,17
BRDA:373,49,1,1
BRF:84
BRH:79
end_of_record
TN:
SF:src/services/reservation.service.ts
FN:30,sanitizeString
FN:44,(anonymous_2)
FN:310,(anonymous_3)
FN:463,(anonymous_4)
FN:467,(anonymous_5)
FN:473,(anonymous_6)
FN:505,(anonymous_7)
FN:518,(anonymous_8)
FN:567,(anonymous_9)
FN:581,(anonymous_10)
FN:729,(anonymous_11)
FN:749,(anonymous_12)
FN:817,(anonymous_13)
FN:825,(anonymous_14)
FN:864,(anonymous_15)
FN:903,(anonymous_16)
FN:939,(anonymous_17)
FN:966,(anonymous_18)
FN:1008,(anonymous_19)
FN:1081,(anonymous_20)
FN:1088,(anonymous_21)
FN:1104,(anonymous_22)
FN:1126,(anonymous_23)
FN:1138,(anonymous_24)
FNF:24
FNH:24
FNDA:87,sanitizeString
FNDA:73,(anonymous_2)
FNDA:28,(anonymous_3)
FNDA:12,(anonymous_4)
FNDA:12,(anonymous_5)
FNDA:10,(anonymous_6)
FNDA:5,(anonymous_7)
FNDA:22,(anonymous_8)
FNDA:6,(anonymous_9)
FNDA:27,(anonymous_10)
FNDA:31,(anonymous_11)
FNDA:7,(anonymous_12)
FNDA:15,(anonymous_13)
FNDA:8,(anonymous_14)
FNDA:14,(anonymous_15)
FNDA:11,(anonymous_16)
FNDA:15,(anonymous_17)
FNDA:7,(anonymous_18)
FNDA:35,(anonymous_19)
FNDA:198,(anonymous_20)
FNDA:33,(anonymous_21)
FNDA:6,(anonymous_22)
FNDA:29,(anonymous_23)
FNDA:65,(anonymous_24)
DA:7,15
DA:8,15
DA:9,15
DA:10,15
DA:20,15
DA:28,15
DA:31,87
DA:32,17
DA:35,15
DA:42,15
DA:45,73
DA:46,1
DA:49,72
DA:51,71
DA:52,71
DA:54,71
DA:55,1
DA:58,70
DA:59,70
DA:60,68
DA:62,66
DA:63,66
DA:65,63
DA:66,63
DA:68,61
DA:69,61
DA:71,61
DA:72,61
DA:73,61
DA:75,61
DA:76,1
DA:79,60
DA:80,60
DA:81,2
DA:87,58
DA:88,58
DA:89,58
DA:91,58
DA:92,15
DA:100,15
DA:101,14
DA:102,2
DA:104,12
DA:105,2
DA:108,10
DA:109,10
DA:110,10
DA:112,10
DA:113,7
DA:114,3
DA:117,43
DA:118,1
DA:120,42
DA:121,42
DA:122,42
DA:125,48
DA:126,48
DA:129,48
DA:130,48
DA:131,48
DA:132,48
DA:133,48
DA:134,48
DA:136,48
DA:138,9
DA:139,9
DA:140,9
DA:141,9
DA:143,9
DA:144,5
DA:145,3
DA:147,4
DA:148,4
DA:149,2
DA:153,5
DA:156,44
DA:157,44
DA:158,35
DA:159,35
DA:161,35
DA:162,34
DA:164,32
DA:165,32
DA:167,30
DA:175,33
DA:176,9
DA:177,9
DA:178,9
DA:180,9
DA:181,8
DA:183,6
DA:184,6
DA:186,4
DA:187,4
DA:188,4
DA:196,28
DA:197,2
DA:198,2
DA:199,2
DA:200,1
DA:204,27
DA:235,27
DA:236,6
DA:259,27
DA:264,27
DA:265,5
DA:266,5
DA:280,26
DA:288,26
DA:307,26
DA:315,28
DA:317,28
DA:322,28
DA:323,26
DA:324,5
DA:327,21
DA:333,21
DA:334,21
DA:335,21
DA:336,21
DA:338,21
DA:344,4
DA:348,4
DA:349,3
DA:351,4
DA:354,4
DA:366,4
DA:369,17
DA:370,16
DA:375,16
DA:376,15
DA:377,1
DA:379,14
DA:380,1
DA:383,13
DA:384,13
DA:385,13
DA:386,5
DA:387,2
DA:390,10
DA:391,10
DA:392,10
DA:393,10
DA:394,10
DA:397,10
DA:400,10
DA:404,10
DA:421,10
DA:422,3
DA:424,7
DA:427,10
DA:432,10
DA:439,10
DA:457,10
DA:460,1
DA:467,12
DA:469,12
DA:473,12
DA:474,12
DA:476,12
DA:477,12
DA:479,12
DA:480,10
DA:482,8
DA:483,8
DA:484,4
DA:485,2
DA:487,4
DA:488,1
DA:491,5
DA:502,5
DA:506,5
DA:507,5
DA:508,5
DA:509,5
DA:510,2
DA:512,3
DA:515,5
DA:519,22
DA:521,22
DA:522,22
DA:523,22
DA:524,22
DA:526,22
DA:527,6
DA:543,22
DA:544,4
DA:546,18
DA:549,22
DA:550,22
DA:552,22
DA:564,22
DA:568,6
DA:577,6
DA:578,4
DA:582,27
DA:584,27
DA:589,27
DA:590,25
DA:591,23
DA:593,21
DA:594,2
DA:595,1
DA:597,1
DA:606,21
DA:607,21
DA:608,8
DA:609,4
DA:613,17
DA:614,17
DA:615,17
DA:618,16
DA:620,16
DA:621,1
DA:622,1
DA:623,1
DA:625,16
DA:627,16
DA:628,16
DA:630,16
DA:632,16
DA:633,1
DA:634,1
DA:635,1
DA:638,16
DA:639,16
DA:640,16
DA:642,16
DA:643,16
DA:644,16
DA:645,16
DA:647,16
DA:648,7
DA:649,7
DA:650,1
DA:654,15
DA:655,15
DA:657,15
DA:658,1
DA:667,14
DA:668,14
DA:670,9
DA:671,9
DA:672,9
DA:673,9
DA:676,14
DA:677,14
DA:678,14
DA:681,15
DA:682,0
DA:683,0
DA:684,0
DA:685,0
DA:687,0
DA:690,15
DA:691,15
DA:692,15
DA:693,15
DA:694,15
DA:695,15
DA:696,15
DA:697,15
DA:699,15
DA:705,15
DA:706,3
DA:707,3
DA:711,15
DA:712,15
DA:713,2
DA:726,15
DA:730,31
DA:732,31
DA:733,31
DA:735,29
DA:737,21
DA:738,9
DA:743,9
DA:744,5
DA:748,16
DA:749,7
DA:750,7
DA:756,7
DA:758,6
DA:772,6
DA:776,6
DA:789,6
DA:792,9
DA:798,9
DA:801,9
DA:814,9
DA:818,15
DA:820,15
DA:821,15
DA:822,14
DA:823,11
DA:825,8
DA:826,8
DA:831,8
DA:833,7
DA:849,7
DA:865,14
DA:867,14
DA:872,14
DA:873,12
DA:875,8
DA:880,8
DA:887,8
DA:904,11
DA:906,11
DA:911,11
DA:912,9
DA:914,5
DA:919,5
DA:926,5
DA:945,15
DA:952,15
DA:954,5
DA:965,5
DA:966,7
DA:969,5
DA:970,7
DA:1005,3
DA:1014,35
DA:1015,35
DA:1017,35
DA:1019,35
DA:1028,35
DA:1029,1
DA:1032,35
DA:1033,3
DA:1044,3
DA:1051,3
DA:1056,32
DA:1057,32
DA:1059,3
DA:1069,3
DA:1074,3
DA:1082,198
DA:1083,198
DA:1084,1
DA:1089,33
DA:1096,33
DA:1098,33
DA:1101,33
DA:1105,6
DA:1111,6
DA:1113,6
DA:1123,6
DA:1127,29
DA:1133,29
DA:1134,8
DA:1142,65
DA:1148,15
LF:353
LH:348
BRDA:31,0,0,70
BRDA:31,1,0,87
BRDA:31,1,1,87
BRDA:31,1,2,29
BRDA:32,2,0,17
BRDA:32,2,1,0
BRDA:45,3,0,1
BRDA:45,4,0,73
BRDA:45,4,1,72
BRDA:45,4,2,72
BRDA:51,5,0,71
BRDA:51,5,1,61
BRDA:52,6,0,71
BRDA:52,6,1,9
BRDA:52,6,2,9
BRDA:54,7,0,1
BRDA:54,8,0,71
BRDA:54,8,1,10
BRDA:59,9,0,2
BRDA:60,10,0,2
BRDA:63,11,0,3
BRDA:66,12,0,2
BRDA:69,13,0,0
BRDA:71,14,0,61
BRDA:71,14,1,0
BRDA:72,15,0,61
BRDA:72,15,1,0
BRDA:73,16,0,61
BRDA:73,16,1,0
BRDA:75,17,0,1
BRDA:75,18,0,61
BRDA:75,18,1,1
BRDA:75,18,2,1
BRDA:80,19,0,2
BRDA:91,20,0,15
BRDA:91,20,1,43
BRDA:100,21,0,1
BRDA:101,22,0,2
BRDA:101,23,0,14
BRDA:101,23,1,12
BRDA:104,24,0,2
BRDA:104,25,0,12
BRDA:104,25,1,11
BRDA:112,26,0,7
BRDA:112,27,0,10
BRDA:112,27,1,7
BRDA:117,28,0,1
BRDA:117,29,0,43
BRDA:117,29,1,42
BRDA:122,30,0,42
BRDA:122,30,1,4
BRDA:136,31,0,9
BRDA:136,32,0,48
BRDA:136,32,1,9
BRDA:136,32,2,9
BRDA:136,32,3,9
BRDA:136,32,4,9
BRDA:143,33,0,5
BRDA:143,33,1,4
BRDA:144,34,0,2
BRDA:148,35,0,2
BRDA:156,36,0,44
BRDA:156,36,1,43
BRDA:157,37,0,35
BRDA:157,38,0,44
BRDA:157,38,1,35
BRDA:157,38,2,35
BRDA:161,39,0,1
BRDA:162,40,0,2
BRDA:165,41,0,2
BRDA:175,42,0,9
BRDA:175,43,0,33
BRDA:175,43,1,9
BRDA:175,43,2,9
BRDA:175,43,3,9
BRDA:180,44,0,1
BRDA:181,45,0,2
BRDA:184,46,0,2
BRDA:196,47,0,2
BRDA:196,48,0,28
BRDA:196,48,1,2
BRDA:199,49,0,1
BRDA:210,50,0,23
BRDA:210,50,1,4
BRDA:211,51,0,23
BRDA:211,51,1,4
BRDA:214,52,0,1
BRDA:214,52,1,26
BRDA:216,53,0,27
BRDA:216,53,1,27
BRDA:217,54,0,27
BRDA:217,54,1,27
BRDA:219,55,0,27
BRDA:219,55,1,23
BRDA:220,56,0,27
BRDA:220,56,1,23
BRDA:221,57,0,27
BRDA:221,57,1,23
BRDA:235,58,0,6
BRDA:259,59,0,27
BRDA:259,59,1,25
BRDA:259,60,0,3
BRDA:259,60,1,22
BRDA:259,61,0,25
BRDA:259,61,1,3
BRDA:264,62,0,5
BRDA:272,63,0,5
BRDA:272,63,1,4
BRDA:273,64,0,1
BRDA:273,64,1,4
BRDA:275,65,0,1
BRDA:275,65,1,4
BRDA:282,66,0,6
BRDA:282,66,1,20
BRDA:283,67,0,0
BRDA:283,67,1,6
BRDA:284,68,0,5
BRDA:284,68,1,15
BRDA:322,69,0,2
BRDA:323,70,0,5
BRDA:323,71,0,26
BRDA:323,71,1,23
BRDA:327,72,0,20
BRDA:327,72,1,1
BRDA:333,73,0,21
BRDA:333,73,1,19
BRDA:334,74,0,21
BRDA:334,74,1,19
BRDA:335,75,0,21
BRDA:335,75,1,19
BRDA:338,76,0,4
BRDA:344,77,0,3
BRDA:344,77,1,1
BRDA:348,78,0,3
BRDA:369,79,0,16
BRDA:375,80,0,1
BRDA:376,81,0,1
BRDA:376,82,0,15
BRDA:376,82,1,14
BRDA:379,83,0,1
BRDA:379,84,0,14
BRDA:379,84,1,13
BRDA:385,85,0,5
BRDA:385,86,0,13
BRDA:385,86,1,5
BRDA:397,87,0,3
BRDA:397,87,1,7
BRDA:398,88,0,3
BRDA:398,88,1,0
BRDA:400,89,0,3
BRDA:400,89,1,7
BRDA:421,90,0,3
BRDA:421,90,1,7
BRDA:434,91,0,3
BRDA:434,91,1,7
BRDA:445,92,0,3
BRDA:445,92,1,7
BRDA:479,93,0,2
BRDA:480,94,0,2
BRDA:482,95,0,8
BRDA:482,95,1,1
BRDA:483,96,0,4
BRDA:483,96,1,4
BRDA:484,97,0,2
BRDA:484,98,0,4
BRDA:484,98,1,4
BRDA:487,99,0,1
BRDA:508,100,0,5
BRDA:508,100,1,0
BRDA:509,101,0,2
BRDA:509,101,1,3
BRDA:521,102,0,2
BRDA:522,103,0,2
BRDA:523,104,0,2
BRDA:524,105,0,2
BRDA:526,106,0,6
BRDA:526,107,0,22
BRDA:526,107,1,17
BRDA:530,108,0,6
BRDA:530,108,1,5
BRDA:531,109,0,6
BRDA:531,109,1,4
BRDA:536,110,0,6
BRDA:536,110,1,5
BRDA:537,111,0,6
BRDA:537,111,1,4
BRDA:543,112,0,4
BRDA:543,112,1,18
BRDA:544,113,0,2
BRDA:544,113,1,2
BRDA:549,114,0,22
BRDA:549,114,1,22
BRDA:550,115,0,22
BRDA:550,115,1,22
BRDA:577,116,0,2
BRDA:589,117,0,2
BRDA:590,118,0,2
BRDA:591,119,0,2
BRDA:593,120,0,2
BRDA:594,121,0,1
BRDA:594,121,1,1
BRDA:599,122,0,1
BRDA:599,122,1,1
BRDA:600,123,0,1
BRDA:600,123,1,1
BRDA:601,124,0,1
BRDA:601,124,1,1
BRDA:607,125,0,8
BRDA:608,126,0,4
BRDA:608,127,0,8
BRDA:608,127,1,6
BRDA:613,128,0,17
BRDA:615,129,0,1
BRDA:620,130,0,1
BRDA:622,131,0,0
BRDA:625,132,0,1
BRDA:627,133,0,1
BRDA:627,133,1,15
BRDA:628,134,0,1
BRDA:628,134,1,15
BRDA:630,135,0,0
BRDA:630,136,0,16
BRDA:630,136,1,15
BRDA:630,136,2,15
BRDA:632,137,0,1
BRDA:632,138,0,16
BRDA:632,138,1,15
BRDA:632,138,2,1
BRDA:632,138,3,1
BRDA:634,139,0,0
BRDA:638,140,0,7
BRDA:639,141,0,1
BRDA:640,142,0,0
BRDA:642,143,0,16
BRDA:642,143,1,9
BRDA:642,143,2,9
BRDA:643,144,0,16
BRDA:643,144,1,9
BRDA:644,145,0,16
BRDA:644,145,1,15
BRDA:645,146,0,16
BRDA:645,146,1,16
BRDA:647,147,0,7
BRDA:649,148,0,1
BRDA:649,149,0,7
BRDA:649,149,1,7
BRDA:655,150,0,15
BRDA:655,150,1,1
BRDA:657,151,0,1
BRDA:657,151,1,14
BRDA:657,152,0,15
BRDA:657,152,1,1
BRDA:667,153,0,14
BRDA:668,154,0,9
BRDA:668,155,0,14
BRDA:668,155,1,9
BRDA:668,155,2,7
BRDA:668,155,3,6
BRDA:670,156,0,9
BRDA:670,156,1,7
BRDA:671,157,0,9
BRDA:671,157,1,8
BRDA:672,158,0,9
BRDA:672,158,1,8
BRDA:676,159,0,2
BRDA:677,160,0,1
BRDA:678,161,0,1
BRDA:681,162,0,0
BRDA:683,163,0,0
BRDA:683,163,1,0
BRDA:683,164,0,0
BRDA:683,164,1,0
BRDA:684,165,0,0
BRDA:684,166,0,0
BRDA:684,166,1,0
BRDA:690,167,0,0
BRDA:691,168,0,0
BRDA:691,169,0,0
BRDA:691,169,1,0
BRDA:692,170,0,0
BRDA:692,171,0,0
BRDA:692,171,1,0
BRDA:693,172,0,0
BRDA:694,173,0,0
BRDA:694,174,0,0
BRDA:694,174,1,0
BRDA:695,175,0,0
BRDA:695,176,0,0
BRDA:695,176,1,0
BRDA:696,177,0,0
BRDA:696,178,0,0
BRDA:696,178,1,0
BRDA:697,179,0,1
BRDA:705,180,0,3
BRDA:712,181,0,2
BRDA:733,182,0,2
BRDA:737,183,0,9
BRDA:738,184,0,4
BRDA:738,184,1,5
BRDA:740,185,0,4
BRDA:740,185,1,1
BRDA:743,186,0,5
BRDA:743,187,0,9
BRDA:743,187,1,8
BRDA:748,188,0,7
BRDA:766,189,0,4
BRDA:766,189,1,2
BRDA:767,190,0,0
BRDA:767,190,1,4
BRDA:768,191,0,0
BRDA:768,191,1,2
BRDA:798,192,0,9
BRDA:798,192,1,7
BRDA:821,193,0,1
BRDA:822,194,0,3
BRDA:823,195,0,3
BRDA:841,196,0,4
BRDA:841,196,1,3
BRDA:842,197,0,3
BRDA:842,197,1,1
BRDA:843,198,0,0
BRDA:843,198,1,3
BRDA:872,199,0,2
BRDA:873,200,0,4
BRDA:883,201,0,8
BRDA:883,201,1,5
BRDA:894,202,0,8
BRDA:894,202,1,1
BRDA:911,203,0,2
BRDA:912,204,0,4
BRDA:922,205,0,5
BRDA:922,205,1,3
BRDA:933,206,0,5
BRDA:933,206,1,0
BRDA:952,207,0,10
BRDA:978,208,0,6
BRDA:978,208,1,1
BRDA:1015,209,0,0
BRDA:1028,210,0,1
BRDA:1032,211,0,3
BRDA:1032,211,1,32
BRDA:1044,212,0,3
BRDA:1057,213,0,29
BRDA:1069,214,0,3
BRDA:1083,215,0,1
BRDA:1096,216,0,1
BRDA:1111,217,0,0
BRDA:1133,218,0,8
BRF:348
BRH:305
end_of_record
TN:
SF:src/services/roles.service.ts
FN:11,(anonymous_1)
FN:22,(anonymous_2)
FN:31,(anonymous_3)
FN:44,(anonymous_4)
FN:66,(anonymous_5)
FN:79,(anonymous_6)
FN:109,(anonymous_7)
FN:133,(anonymous_8)
FN:176,(anonymous_9)
FN:191,(anonymous_10)
FN:221,(anonymous_11)
FN:255,(anonymous_12)
FN:265,(anonymous_13)
FNF:13
FNH:13
FNDA:3,(anonymous_1)
FNDA:2,(anonymous_2)
FNDA:2,(anonymous_3)
FNDA:4,(anonymous_4)
FNDA:2,(anonymous_5)
FNDA:12,(anonymous_6)
FNDA:3,(anonymous_7)
FNDA:12,(anonymous_8)
FNDA:4,(anonymous_9)
FNDA:4,(anonymous_10)
FNDA:8,(anonymous_11)
FNDA:18,(anonymous_12)
FNDA:16,(anonymous_13)
DA:4,8
DA:5,8
DA:6,8
DA:7,8
DA:8,8
DA:12,3
DA:22,3
DA:31,2
DA:45,4
DA:55,4
DA:57,2
DA:66,2
DA:87,12
DA:88,12
DA:90,10
DA:91,10
DA:94,9
DA:97,9
DA:98,2
DA:101,7
DA:109,3
DA:120,7
DA:128,7
DA:130,7
DA:139,12
DA:140,12
DA:143,11
DA:144,5
DA:145,5
DA:148,9
DA:149,9
DA:150,9
DA:151,9
DA:152,9
DA:154,9
DA:163,9
DA:165,9
DA:173,9
DA:177,4
DA:178,4
DA:181,3
DA:184,3
DA:185,1
DA:189,2
DA:192,4
DA:198,2
DA:200,2
DA:208,2
DA:216,2
DA:218,2
DA:222,8
DA:227,8
DA:229,6
DA:230,2
DA:233,4
DA:234,2
DA:240,2
DA:242,2
DA:244,2
DA:252,2
DA:256,18
DA:265,16
DA:279,8
LF:63
LH:63
BRDA:55,0,0,2
BRDA:88,1,0,2
BRDA:91,2,0,1
BRDA:97,3,0,2
BRDA:140,4,0,1
BRDA:143,5,0,5
BRDA:143,6,0,11
BRDA:143,6,1,6
BRDA:145,7,0,2
BRDA:149,8,0,4
BRDA:150,9,0,3
BRDA:151,10,0,2
BRDA:152,11,0,2
BRDA:178,12,0,1
BRDA:184,13,0,1
BRDA:227,14,0,2
BRDA:229,15,0,2
BRDA:233,16,0,2
BRDA:264,17,0,18
BRDA:264,17,1,15
BRDA:265,18,0,18
BRDA:265,18,1,2
BRF:22
BRH:22
end_of_record
TN:
SF:src/services/stats.service.ts
FN:29,(anonymous_0)
FN:179,(anonymous_1)
FNF:2
FNH:2
FNDA:10,(anonymous_0)
FNDA:3,(anonymous_1)
DA:6,8
DA:30,10
DA:33,10
DA:36,10
DA:37,10
DA:38,10
DA:39,10
DA:40,10
DA:41,10
DA:42,10
DA:43,10
DA:44,10
DA:47,10
DA:48,10
DA:49,10
DA:52,10
DA:53,10
DA:54,10
DA:68,10
DA:149,10
DA:150,10
DA:152,10
DA:158,10
DA:180,3
DA:182,3
DA:209,3
DA:213,8
LF:27
LH:27
BRDA:37,0,0,1
BRDA:37,0,1,9
BRDA:149,1,0,10
BRDA:149,1,1,4
BRDA:150,2,0,10
BRDA:150,2,1,5
BRDA:152,3,0,5
BRDA:152,3,1,5
BRDA:169,4,0,10
BRDA:169,4,1,6
BRDA:170,5,0,10
BRDA:170,5,1,6
BRDA:179,6,0,1
BRF:13
BRH:13
end_of_record
TN:
SF:src/services/users.service.ts
FN:23,(anonymous_1)
FN:68,(anonymous_2)
FN:89,(anonymous_3)
FN:121,(anonymous_4)
FN:129,(anonymous_5)
FN:184,(anonymous_6)
FN:245,(anonymous_7)
FN:268,(anonymous_8)
FN:308,(anonymous_9)
FNF:9
FNH:9
FNDA:5,(anonymous_1)
FNDA:5,(anonymous_2)
FNDA:3,(anonymous_3)
FNDA:1,(anonymous_4)
FNDA:4,(anonymous_5)
FNDA:7,(anonymous_6)
FNDA:4,(anonymous_7)
FNDA:4,(anonymous_8)
FNDA:3,(anonymous_9)
DA:4,7
DA:5,7
DA:6,7
DA:7,7
DA:8,7
DA:9,7
DA:10,7
DA:32,5
DA:34,5
DA:36,5
DA:37,1
DA:44,5
DA:45,1
DA:48,5
DA:49,1
DA:52,5
DA:67,5
DA:68,5
DA:90,3
DA:103,3
DA:105,2
DA:121,1
DA:136,4
DA:137,4
DA:139,3
DA:142,3
DA:143,3
DA:145,2
DA:147,2
DA:163,2
DA:171,2
DA:173,2
DA:191,7
DA:192,7
DA:194,6
DA:195,1
DA:196,1
DA:199,5
DA:200,2
DA:201,2
DA:204,4
DA:205,4
DA:206,4
DA:207,4
DA:208,4
DA:212,4
DA:222,4
DA:223,1
DA:226,4
DA:234,4
DA:246,4
DA:247,4
DA:249,3
DA:250,3
DA:252,3
DA:257,3
DA:265,3
DA:269,4
DA:270,4
DA:272,3
DA:273,1
DA:276,2
DA:286,2
DA:294,2
DA:309,3
DA:310,3
DA:312,2
DA:313,1
DA:316,1
DA:321,1
DA:323,1
DA:331,1
DA:335,7
LF:73
LH:73
BRDA:25,0,0,5
BRDA:26,1,0,5
BRDA:30,2,0,5
BRDA:31,3,0,5
BRDA:36,4,0,1
BRDA:44,5,0,1
BRDA:48,6,0,1
BRDA:103,7,0,1
BRDA:112,8,0,1
BRDA:112,8,1,1
BRDA:120,9,0,1
BRDA:120,9,1,1
BRDA:137,10,0,1
BRDA:143,11,0,1
BRDA:154,12,0,1
BRDA:154,12,1,1
BRDA:192,13,0,1
BRDA:194,14,0,1
BRDA:194,15,0,6
BRDA:194,15,1,2
BRDA:196,16,0,1
BRDA:199,17,0,2
BRDA:201,18,0,1
BRDA:205,19,0,1
BRDA:206,20,0,2
BRDA:207,21,0,0
BRDA:208,22,0,1
BRDA:222,23,0,1
BRDA:247,24,0,1
BRDA:262,25,0,1
BRDA:262,25,1,2
BRDA:270,26,0,1
BRDA:272,27,0,1
BRDA:288,28,0,1
BRDA:288,28,1,1
BRDA:310,29,0,1
BRDA:312,30,0,1
BRF:37
BRH:36
end_of_record
