TN:
SF:src/services/pdf.service.ts
FN:308,(anonymous_10)
FN:320,(anonymous_11)
FN:338,(anonymous_12)
FN:361,(anonymous_13)
FN:380,(anonymous_14)
FN:428,(anonymous_15)
FN:443,(anonymous_16)
FN:454,(anonymous_17)
FN:472,(anonymous_18)
FN:483,(anonymous_19)
FN:490,(anonymous_20)
FN:499,(anonymous_21)
FN:531,(anonymous_22)
FN:542,(anonymous_23)
FN:548,(anonymous_24)
FN:556,(anonymous_25)
FN:565,(anonymous_26)
FN:579,(anonymous_27)
FN:601,(anonymous_28)
FN:609,(anonymous_29)
FN:634,(anonymous_30)
FN:682,(anonymous_31)
FN:775,(anonymous_32)
FN:784,(anonymous_33)
FN:804,(anonymous_34)
FN:806,(anonymous_35)
FN:819,(anonymous_36)
FN:820,(anonymous_37)
FN:832,(anonymous_38)
FN:834,(anonymous_39)
FN:847,(anonymous_40)
FN:848,(anonymous_41)
FN:860,(anonymous_42)
FN:862,(anonymous_43)
FN:876,(anonymous_44)
FN:877,(anonymous_45)
FN:893,(anonymous_46)
FN:895,(anonymous_47)
FN:908,(anonymous_48)
FN:909,(anonymous_49)
FN:925,(anonymous_50)
FN:927,(anonymous_51)
FN:940,(anonymous_52)
FN:941,(anonymous_53)
FN:957,(anonymous_54)
FN:1021,(anonymous_55)
FN:1023,(anonymous_56)
FN:1042,(anonymous_57)
FN:1115,(anonymous_58)
FN:1140,(anonymous_59)
FN:1141,(anonymous_60)
FN:1142,(anonymous_61)
FN:1157,(anonymous_62)
FN:1164,(anonymous_63)
FN:1185,(anonymous_64)
FN:1186,(anonymous_65)
FN:1187,(anonymous_66)
FN:1200,(anonymous_67)
FN:1208,(anonymous_68)
FN:1262,(anonymous_69)
FN:1269,(anonymous_70)
FN:1404,(anonymous_71)
FN:1483,(anonymous_72)
FN:1518,(anonymous_73)
FN:1573,(anonymous_74)
FN:1598,(anonymous_75)
FN:1624,(anonymous_76)
FN:1625,(anonymous_77)
FN:1635,(anonymous_78)
FN:1651,(anonymous_79)
FN:1683,(anonymous_80)
FN:1732,(anonymous_81)
FN:1756,(anonymous_82)
FN:1780,(anonymous_83)
FN:1807,(anonymous_84)
FN:1843,(anonymous_85)
FN:1888,(anonymous_86)
FN:1912,(anonymous_87)
FN:1932,(anonymous_88)
FN:1954,(anonymous_89)
FN:1958,(anonymous_90)
FN:1962,(anonymous_91)
FN:1970,(anonymous_92)
FN:1988,(anonymous_93)
FNF:84
FNH:84
FNDA:90,(anonymous_10)
FNDA:152,(anonymous_11)
FNDA:90,(anonymous_12)
FNDA:152,(anonymous_13)
FNDA:152,(anonymous_14)
FNDA:37,(anonymous_15)
FNDA:346,(anonymous_16)
FNDA:158,(anonymous_17)
FNDA:516,(anonymous_18)
FNDA:252,(anonymous_19)
FNDA:506,(anonymous_20)
FNDA:152,(anonymous_21)
FNDA:168,(anonymous_22)
FNDA:405,(anonymous_23)
FNDA:405,(anonymous_24)
FNDA:293,(anonymous_25)
FNDA:675,(anonymous_26)
FNDA:675,(anonymous_27)
FNDA:18,(anonymous_28)
FNDA:71,(anonymous_29)
FNDA:71,(anonymous_30)
FNDA:51,(anonymous_31)
FNDA:153,(anonymous_32)
FNDA:153,(anonymous_33)
FNDA:51,(anonymous_34)
FNDA:51,(anonymous_35)
FNDA:3291,(anonymous_36)
FNDA:51,(anonymous_37)
FNDA:13,(anonymous_38)
FNDA:13,(anonymous_39)
FNDA:493,(anonymous_40)
FNDA:13,(anonymous_41)
FNDA:71,(anonymous_42)
FNDA:71,(anonymous_43)
FNDA:7211,(anonymous_44)
FNDA:71,(anonymous_45)
FNDA:9,(anonymous_46)
FNDA:9,(anonymous_47)
FNDA:1089,(anonymous_48)
FNDA:9,(anonymous_49)
FNDA:8,(anonymous_50)
FNDA:8,(anonymous_51)
FNDA:968,(anonymous_52)
FNDA:8,(anonymous_53)
FNDA:51,(anonymous_54)
FNDA:24,(anonymous_55)
FNDA:24,(anonymous_56)
FNDA:51,(anonymous_57)
FNDA:4,(anonymous_58)
FNDA:2,(anonymous_59)
FNDA:3,(anonymous_60)
FNDA:2,(anonymous_61)
FNDA:2,(anonymous_62)
FNDA:1,(anonymous_63)
FNDA:1,(anonymous_64)
FNDA:1,(anonymous_65)
FNDA:2,(anonymous_66)
FNDA:2,(anonymous_67)
FNDA:1,(anonymous_68)
FNDA:51,(anonymous_69)
FNDA:5,(anonymous_70)
FNDA:13,(anonymous_71)
FNDA:71,(anonymous_72)
FNDA:79,(anonymous_73)
FNDA:68,(anonymous_74)
FNDA:126,(anonymous_75)
FNDA:39,(anonymous_76)
FNDA:39,(anonymous_77)
FNDA:19,(anonymous_78)
FNDA:20,(anonymous_79)
FNDA:9,(anonymous_80)
FNDA:6,(anonymous_81)
FNDA:6,(anonymous_82)
FNDA:6,(anonymous_83)
FNDA:7,(anonymous_84)
FNDA:8,(anonymous_85)
FNDA:8,(anonymous_86)
FNDA:9,(anonymous_87)
FNDA:10,(anonymous_88)
FNDA:2302,(anonymous_89)
FNDA:2435,(anonymous_90)
FNDA:200,(anonymous_91)
FNDA:10,(anonymous_92)
FNDA:562,(anonymous_93)
DA:1,48
DA:3,48
DA:4,48
DA:231,48
DA:243,48
DA:261,48
DA:269,48
DA:277,48
DA:289,48
DA:290,90
DA:303,90
DA:309,90
DA:317,90
DA:321,152
DA:322,152
DA:323,107
DA:334,45
DA:339,90
DA:340,242
DA:341,14
DA:342,14
DA:343,14
DA:346,90
DA:347,242
DA:348,14
DA:349,14
DA:350,14
DA:353,90
DA:354,14
DA:355,14
DA:357,76
DA:362,152
DA:363,110
DA:364,110
DA:365,110
DA:367,42
DA:385,152
DA:386,152
DA:389,152
DA:392,152
DA:395,152
DA:396,152
DA:399,152
DA:400,152
DA:401,152
DA:402,152
DA:403,152
DA:404,152
DA:405,152
DA:407,152
DA:408,152
DA:412,152
DA:413,152
DA:414,152
DA:415,152
DA:416,152
DA:417,152
DA:419,152
DA:420,152
DA:421,152
DA:434,37
DA:435,37
DA:436,37
DA:444,346
DA:445,2
DA:446,2
DA:448,346
DA:462,158
DA:464,158
DA:465,158
DA:467,158
DA:468,158
DA:470,158
DA:471,158
DA:472,158
DA:473,516
DA:474,158
DA:476,358
DA:478,516
DA:479,516
DA:484,252
DA:491,506
DA:492,506
DA:500,152
DA:501,152
DA:503,152
DA:505,152
DA:508,152
DA:509,152
DA:510,152
DA:511,152
DA:512,152
DA:514,152
DA:518,152
DA:519,152
DA:520,152
DA:538,168
DA:539,168
DA:540,168
DA:541,168
DA:542,405
DA:543,168
DA:546,168
DA:547,168
DA:548,168
DA:549,405
DA:550,405
DA:551,405
DA:553,168
DA:556,168
DA:564,293
DA:565,293
DA:566,675
DA:567,675
DA:569,675
DA:570,675
DA:571,675
DA:574,293
DA:575,208
DA:578,293
DA:579,293
DA:580,675
DA:581,675
DA:584,675
DA:585,675
DA:587,293
DA:591,168
DA:594,168
DA:602,18
DA:610,71
DA:612,71
DA:613,79
DA:614,68
DA:615,126
DA:616,60
DA:617,106
DA:618,73
DA:620,106
DA:627,71
DA:640,71
DA:642,26
DA:644,26
DA:645,26
DA:646,26
DA:649,26
DA:650,26
DA:651,26
DA:653,26
DA:654,26
DA:658,26
DA:661,26
DA:662,26
DA:663,73
DA:664,73
DA:665,73
DA:668,26
DA:672,26
DA:688,51
DA:690,51
DA:691,51
DA:692,51
DA:695,51
DA:696,51
DA:697,51
DA:698,28
DA:704,51
DA:708,28
DA:709,3
DA:710,3
DA:711,3
DA:712,3
DA:713,25
DA:714,24
DA:715,24
DA:717,1
DA:718,1
DA:721,28
DA:722,28
DA:723,28
DA:724,28
DA:725,28
DA:726,28
DA:730,51
DA:731,51
DA:732,51
DA:733,51
DA:734,51
DA:736,51
DA:741,51
DA:747,51
DA:749,1
DA:752,50
DA:754,24
DA:759,26
DA:764,51
DA:767,51
DA:770,51
DA:773,51
DA:774,51
DA:775,51
DA:776,153
DA:778,51
DA:780,51
DA:781,51
DA:783,51
DA:784,51
DA:786,153
DA:787,153
DA:788,153
DA:789,153
DA:790,153
DA:793,153
DA:794,153
DA:795,153
DA:796,153
DA:799,51
DA:805,51
DA:806,51
DA:807,51
DA:808,51
DA:817,51
DA:818,51
DA:819,3291
DA:820,51
DA:821,51
DA:822,51
DA:823,51
DA:827,51
DA:828,51
DA:833,13
DA:834,13
DA:835,13
DA:836,13
DA:845,13
DA:846,13
DA:847,493
DA:848,13
DA:849,13
DA:850,13
DA:851,13
DA:855,13
DA:856,13
DA:861,71
DA:862,71
DA:863,71
DA:864,71
DA:874,71
DA:875,71
DA:876,7211
DA:877,71
DA:878,71
DA:879,71
DA:880,71
DA:884,71
DA:885,71
DA:894,9
DA:895,9
DA:896,9
DA:897,9
DA:906,9
DA:907,9
DA:908,1089
DA:909,9
DA:910,9
DA:911,9
DA:912,9
DA:916,9
DA:917,9
DA:926,8
DA:927,8
DA:928,8
DA:929,8
DA:938,8
DA:939,8
DA:940,968
DA:941,8
DA:942,8
DA:943,8
DA:944,8
DA:948,8
DA:949,8
DA:958,51
DA:959,51
DA:964,51
DA:967,51
DA:968,51
DA:969,51
DA:971,51
DA:972,51
DA:973,51
DA:977,51
DA:978,51
DA:979,51
DA:982,51
DA:984,51
DA:985,51
DA:986,51
DA:989,51
DA:990,51
DA:991,4
DA:992,4
DA:993,4
DA:994,4
DA:995,47
DA:996,1
DA:997,1
DA:998,1
DA:999,1
DA:1003,51
DA:1004,1
DA:1005,1
DA:1006,1
DA:1007,1
DA:1011,51
DA:1014,51
DA:1015,23
DA:1016,23
DA:1017,23
DA:1018,23
DA:1019,23
DA:1021,24
DA:1022,23
DA:1023,23
DA:1024,24
DA:1029,51
DA:1034,51
DA:1037,51
DA:1038,51
DA:1048,51
DA:1049,51
DA:1050,51
DA:1052,51
DA:1061,51
DA:1062,51
DA:1063,51
DA:1064,5
DA:1065,5
DA:1066,46
DA:1067,23
DA:1068,23
DA:1071,51
DA:1072,51
DA:1073,51
DA:1074,51
DA:1075,51
DA:1077,51
DA:1084,51
DA:1085,5
DA:1086,5
DA:1087,5
DA:1088,5
DA:1089,1
DA:1090,1
DA:1092,4
DA:1103,51
DA:1107,51
DA:1111,51
DA:1123,4
DA:1124,4
DA:1125,3
DA:1126,3
DA:1128,4
DA:1132,4
DA:1133,2
DA:1134,2
DA:1137,2
DA:1138,2
DA:1140,2
DA:1141,2
DA:1142,3
DA:1143,3
DA:1144,3
DA:1147,2
DA:1149,2
DA:1152,2
DA:1153,2
DA:1155,2
DA:1156,2
DA:1157,2
DA:1158,2
DA:1159,2
DA:1160,2
DA:1170,1
DA:1171,1
DA:1172,1
DA:1173,1
DA:1175,1
DA:1177,1
DA:1178,0
DA:1179,0
DA:1182,1
DA:1183,1
DA:1185,1
DA:1186,1
DA:1187,2
DA:1188,1
DA:1189,1
DA:1191,1
DA:1192,1
DA:1195,1
DA:1196,1
DA:1198,1
DA:1199,1
DA:1200,2
DA:1201,1
DA:1202,1
DA:1203,1
DA:1214,1
DA:1216,1
DA:1217,1
DA:1218,5
DA:1219,5
DA:1220,5
DA:1223,1
DA:1224,5
DA:1225,5
DA:1226,5
DA:1228,5
DA:1229,5
DA:1231,5
DA:1233,5
DA:1235,1
DA:1236,1
DA:1238,1
DA:1239,1
DA:1241,1
DA:1242,1
DA:1245,2
DA:1246,2
DA:1249,5
DA:1250,1
DA:1251,1
DA:1252,1
DA:1254,4
DA:1257,5
DA:1268,51
DA:1269,5
DA:1270,51
DA:1271,51
DA:1274,51
DA:1281,51
DA:1282,51
DA:1283,51
DA:1284,51
DA:1285,51
DA:1286,51
DA:1287,51
DA:1288,51
DA:1289,51
DA:1290,51
DA:1292,51
DA:1293,51
DA:1295,51
DA:1296,51
DA:1298,51
DA:1299,51
DA:1301,51
DA:1302,51
DA:1303,51
DA:1304,51
DA:1305,51
DA:1307,51
DA:1309,51
DA:1310,50
DA:1311,50
DA:1312,50
DA:1313,50
DA:1329,51
DA:1330,1
DA:1331,1
DA:1332,1
DA:1334,51
DA:1335,1
DA:1336,1
DA:1337,1
DA:1338,1
DA:1340,51
DA:1341,1
DA:1342,1
DA:1345,1
DA:1348,1
DA:1349,1
DA:1350,1
DA:1353,51
DA:1354,51
DA:1356,51
DA:1358,51
DA:1359,51
DA:1360,51
DA:1361,51
DA:1363,51
DA:1364,5
DA:1365,5
DA:1366,5
DA:1367,5
DA:1369,5
DA:1374,5
DA:1375,5
DA:1376,5
DA:1378,5
DA:1379,5
DA:1380,5
DA:1381,5
DA:1382,5
DA:1383,5
DA:1385,5
DA:1387,5
DA:1389,5
DA:1391,5
DA:1392,5
DA:1393,5
DA:1394,5
DA:1397,51
DA:1408,13
DA:1409,13
DA:1412,13
DA:1415,13
DA:1416,13
DA:1417,13
DA:1419,13
DA:1420,13
DA:1421,13
DA:1425,13
DA:1426,13
DA:1427,13
DA:1430,13
DA:1431,13
DA:1432,13
DA:1434,13
DA:1443,13
DA:1448,13
DA:1449,2
DA:1452,13
DA:1454,13
DA:1455,13
DA:1456,13
DA:1458,13
DA:1459,13
DA:1460,13
DA:1463,13
DA:1466,13
DA:1467,13
DA:1468,13
DA:1470,13
DA:1471,13
DA:1472,13
DA:1475,13
DA:1476,13
DA:1484,71
DA:1485,71
DA:1488,71
DA:1491,71
DA:1492,71
DA:1493,71
DA:1495,71
DA:1496,71
DA:1497,71
DA:1498,71
DA:1499,71
DA:1501,71
DA:1502,22
DA:1503,22
DA:1504,22
DA:1507,71
DA:1508,71
DA:1509,71
DA:1513,71
DA:1514,71
DA:1515,71
DA:1518,71
DA:1519,79
DA:1520,9
DA:1521,9
DA:1522,9
DA:1525,79
DA:1528,79
DA:1529,79
DA:1530,79
DA:1531,79
DA:1534,79
DA:1535,22
DA:1536,22
DA:1537,22
DA:1538,22
DA:1539,22
DA:1543,79
DA:1544,79
DA:1547,79
DA:1548,79
DA:1549,79
DA:1550,79
DA:1551,79
DA:1553,79
DA:1556,79
DA:1557,25
DA:1558,25
DA:1559,25
DA:1563,79
DA:1564,24
DA:1565,24
DA:1566,24
DA:1567,24
DA:1568,24
DA:1572,79
DA:1573,49
DA:1574,68
DA:1575,68
DA:1578,68
DA:1582,68
DA:1583,68
DA:1584,68
DA:1585,68
DA:1593,68
DA:1596,68
DA:1598,68
DA:1599,126
DA:1600,126
DA:1607,68
DA:1611,68
DA:1624,79
DA:1625,79
DA:1627,79
DA:1628,18
DA:1629,18
DA:1631,18
DA:1632,18
DA:1633,18
DA:1635,19
DA:1639,18
DA:1640,18
DA:1643,79
DA:1644,18
DA:1645,18
DA:1647,18
DA:1648,18
DA:1649,18
DA:1651,18
DA:1652,20
DA:1655,20
DA:1661,18
DA:1666,18
DA:1671,71
DA:1672,71
DA:1675,71
DA:1676,71
DA:1684,9
DA:1685,9
DA:1688,9
DA:1691,9
DA:1692,9
DA:1693,9
DA:1695,9
DA:1696,9
DA:1697,9
DA:1698,9
DA:1699,9
DA:1700,9
DA:1702,9
DA:1703,9
DA:1704,9
DA:1707,9
DA:1715,9
DA:1716,4
DA:1719,9
DA:1720,9
DA:1721,9
DA:1723,9
DA:1724,9
DA:1725,9
DA:1728,9
DA:1729,5
DA:1730,5
DA:1732,6
DA:1738,5
DA:1744,5
DA:1746,5
DA:1747,5
DA:1748,5
DA:1752,9
DA:1753,5
DA:1754,5
DA:1756,6
DA:1762,5
DA:1768,5
DA:1770,5
DA:1771,5
DA:1772,5
DA:1776,9
DA:1777,5
DA:1778,5
DA:1780,6
DA:1786,5
DA:1792,5
DA:1794,5
DA:1795,5
DA:1796,5
DA:1800,9
DA:1801,4
DA:1803,4
DA:1804,4
DA:1805,4
DA:1807,7
DA:1813,4
DA:1819,4
DA:1822,4
DA:1823,3
DA:1824,3
DA:1825,3
DA:1826,3
DA:1829,4
DA:1830,4
DA:1831,4
DA:1835,9
DA:1836,9
DA:1844,8
DA:1845,8
DA:1848,8
DA:1851,8
DA:1852,8
DA:1853,8
DA:1855,8
DA:1856,8
DA:1857,8
DA:1862,8
DA:1863,8
DA:1864,8
DA:1867,8
DA:1875,8
DA:1876,8
DA:1877,8
DA:1879,8
DA:1880,8
DA:1881,8
DA:1884,8
DA:1885,5
DA:1886,5
DA:1888,8
DA:1894,5
DA:1900,5
DA:1902,5
DA:1903,5
DA:1904,5
DA:1908,8
DA:1909,5
DA:1910,5
DA:1912,9
DA:1916,5
DA:1920,5
DA:1922,5
DA:1923,5
DA:1924,5
DA:1928,8
DA:1929,6
DA:1930,6
DA:1932,10
DA:1936,6
DA:1940,6
DA:1942,6
DA:1946,8
DA:1947,8
DA:1955,2302
DA:1959,2435
DA:1963,200
DA:1971,10
DA:1991,562
DA:1998,48
LF:766
LH:764
BRDA:310,0,0,90
BRDA:310,0,1,0
BRDA:311,1,0,90
BRDA:311,1,1,0
BRDA:312,2,0,90
BRDA:312,2,1,0
BRDA:313,3,0,90
BRDA:313,3,1,0
BRDA:314,4,0,90
BRDA:314,4,1,0
BRDA:315,5,0,90
BRDA:315,5,1,0
BRDA:324,6,0,107
BRDA:324,6,1,0
BRDA:325,7,0,107
BRDA:325,7,1,0
BRDA:328,8,0,107
BRDA:328,8,1,0
BRDA:329,9,0,107
BRDA:329,9,1,0
BRDA:330,10,0,107
BRDA:330,10,1,0
BRDA:331,11,0,107
BRDA:331,11,1,0
BRDA:340,12,0,14
BRDA:347,13,0,14
BRDA:353,14,0,14
BRDA:353,14,1,76
BRDA:353,15,0,90
BRDA:353,15,1,14
BRDA:362,16,0,110
BRDA:362,16,1,42
BRDA:362,17,0,152
BRDA:362,17,1,110
BRDA:362,17,2,110
BRDA:401,18,0,152
BRDA:402,19,0,152
BRDA:403,20,0,152
BRDA:404,21,0,152
BRDA:407,22,0,152
BRDA:412,23,0,152
BRDA:413,24,0,152
BRDA:413,24,1,0
BRDA:443,25,0,0
BRDA:444,26,0,2
BRDA:473,27,0,158
BRDA:473,27,1,358
BRDA:479,28,0,158
BRDA:479,28,1,358
BRDA:509,29,0,152
BRDA:510,30,0,152
BRDA:511,31,0,152
BRDA:568,32,0,293
BRDA:568,32,1,382
BRDA:571,33,0,294
BRDA:574,34,0,208
BRDA:583,35,0,293
BRDA:583,35,1,382
BRDA:602,36,0,18
BRDA:602,36,1,0
BRDA:615,37,0,60
BRDA:615,38,0,126
BRDA:615,38,1,72
BRDA:617,39,0,73
BRDA:640,40,0,45
BRDA:663,41,0,73
BRDA:663,41,1,0
BRDA:697,42,0,28
BRDA:704,43,0,28
BRDA:704,44,0,51
BRDA:704,44,1,28
BRDA:708,45,0,3
BRDA:708,45,1,25
BRDA:713,46,0,24
BRDA:713,46,1,1
BRDA:747,47,0,1
BRDA:747,47,1,50
BRDA:747,48,0,51
BRDA:747,48,1,28
BRDA:752,49,0,24
BRDA:752,49,1,26
BRDA:752,50,0,50
BRDA:752,50,1,27
BRDA:990,51,0,4
BRDA:990,51,1,47
BRDA:990,52,0,51
BRDA:990,52,1,4
BRDA:995,53,0,1
BRDA:995,54,0,47
BRDA:995,54,1,2
BRDA:1003,55,0,1
BRDA:1003,56,0,51
BRDA:1003,56,1,1
BRDA:1014,57,0,23
BRDA:1029,58,0,5
BRDA:1029,58,1,46
BRDA:1031,59,0,23
BRDA:1031,59,1,23
BRDA:1054,60,0,51
BRDA:1054,60,1,28
BRDA:1056,61,0,51
BRDA:1056,61,1,28
BRDA:1063,62,0,5
BRDA:1063,62,1,46
BRDA:1063,63,0,51
BRDA:1063,63,1,5
BRDA:1066,64,0,23
BRDA:1066,65,0,46
BRDA:1066,65,1,23
BRDA:1066,65,2,23
BRDA:1072,66,0,50
BRDA:1073,67,0,30
BRDA:1074,68,0,27
BRDA:1079,69,0,28
BRDA:1079,69,1,23
BRDA:1079,70,0,51
BRDA:1079,70,1,28
BRDA:1079,71,0,23
BRDA:1079,71,1,23
BRDA:1084,72,0,5
BRDA:1084,73,0,51
BRDA:1084,73,1,5
BRDA:1088,74,0,1
BRDA:1088,74,1,4
BRDA:1088,75,0,5
BRDA:1088,75,1,1
BRDA:1124,76,0,3
BRDA:1132,77,0,2
BRDA:1142,78,0,2
BRDA:1143,79,0,0
BRDA:1143,79,1,3
BRDA:1155,80,0,2
BRDA:1157,81,0,2
BRDA:1157,81,1,0
BRDA:1171,82,0,1
BRDA:1177,83,0,0
BRDA:1177,84,0,1
BRDA:1177,84,1,1
BRDA:1187,85,0,1
BRDA:1188,86,0,1
BRDA:1188,86,1,0
BRDA:1198,87,0,1
BRDA:1200,88,0,2
BRDA:1200,88,1,1
BRDA:1218,89,0,5
BRDA:1218,89,1,1
BRDA:1219,90,0,5
BRDA:1233,91,0,1
BRDA:1233,91,1,1
BRDA:1233,91,2,1
BRDA:1233,91,3,2
BRDA:1233,91,4,2
BRDA:1249,92,0,1
BRDA:1249,92,1,4
BRDA:1268,93,0,51
BRDA:1268,93,1,50
BRDA:1270,94,0,51
BRDA:1270,94,1,50
BRDA:1271,95,0,51
BRDA:1271,95,1,50
BRDA:1282,96,0,50
BRDA:1282,97,0,51
BRDA:1282,97,1,50
BRDA:1283,98,0,30
BRDA:1283,99,0,51
BRDA:1283,99,1,30
BRDA:1284,100,0,23
BRDA:1284,101,0,51
BRDA:1284,101,1,27
BRDA:1285,102,0,1
BRDA:1286,103,0,1
BRDA:1287,104,0,1
BRDA:1289,105,0,5
BRDA:1290,106,0,5
BRDA:1290,106,1,46
BRDA:1309,107,0,50
BRDA:1309,108,0,51
BRDA:1309,108,1,50
BRDA:1329,109,0,1
BRDA:1334,110,0,1
BRDA:1335,111,0,1
BRDA:1335,111,1,0
BRDA:1340,112,0,1
BRDA:1341,113,0,1
BRDA:1341,113,1,0
BRDA:1342,114,0,1
BRDA:1342,114,1,0
BRDA:1345,115,0,1
BRDA:1345,115,1,0
BRDA:1363,116,0,5
BRDA:1374,117,0,3
BRDA:1374,117,1,2
BRDA:1378,118,0,3
BRDA:1378,118,1,2
BRDA:1379,119,0,3
BRDA:1379,119,1,2
BRDA:1436,120,0,13
BRDA:1436,120,1,5
BRDA:1438,121,0,13
BRDA:1438,121,1,5
BRDA:1448,122,0,2
BRDA:1466,123,0,8
BRDA:1497,124,0,17
BRDA:1501,125,0,22
BRDA:1519,126,0,9
BRDA:1534,127,0,22
BRDA:1549,128,0,77
BRDA:1550,129,0,11
BRDA:1556,130,0,25
BRDA:1563,131,0,24
BRDA:1563,132,0,79
BRDA:1563,132,1,29
BRDA:1572,133,0,49
BRDA:1578,134,0,45
BRDA:1578,134,1,23
BRDA:1599,135,0,126
BRDA:1599,135,1,93
BRDA:1627,136,0,18
BRDA:1637,137,0,19
BRDA:1637,137,1,4
BRDA:1643,138,0,18
BRDA:1652,139,0,13
BRDA:1652,139,1,7
BRDA:1657,140,0,20
BRDA:1657,140,1,6
BRDA:1698,141,0,5
BRDA:1715,142,0,4
BRDA:1715,143,0,9
BRDA:1715,143,1,5
BRDA:1728,144,0,5
BRDA:1752,145,0,5
BRDA:1776,146,0,5
BRDA:1800,147,0,4
BRDA:1800,148,0,9
BRDA:1800,148,1,4
BRDA:1822,149,0,3
BRDA:1822,150,0,4
BRDA:1822,150,1,3
BRDA:1870,151,0,8
BRDA:1870,151,1,4
BRDA:1884,152,0,5
BRDA:1908,153,0,5
BRDA:1928,154,0,6
BRDA:1955,155,0,1519
BRDA:1955,155,1,783
BRDA:1959,156,0,1623
BRDA:1959,156,1,812
BRF:247
BRH:223
end_of_record
